#
# A fatal error has been detected by the Java Runtime Environment:
#
#  Internal Error (classFileParser.cpp:3375), pid=4566, tid=3078142832
#  Error: ShouldNotReachHere()
#
# JRE version: 6.0_20-b20
# Java VM: OpenJDK Client VM (19.0-b09 mixed mode linux-x86 )
# Derivative: IcedTea6 1.9.2
# Distribution: Ubuntu 10.04.1 LTS, package 6b20-1.9.2-0ubuntu1~10.04.1
# If you would like to submit a bug report, please include
# instructions how to reproduce the bug and visit:
#   https://bugs.launchpad.net/ubuntu/+source/openjdk-6/
#

---------------  T H R E A D  ---------------

Current thread (0x08a79400):  JavaThread "Unknown thread" [_thread_in_vm, id=4571, stack(0xb773b000,0xb778c000)]

Stack: [0xb773b000,0xb778c000],  sp=0xb778a7e0,  free space=317k
Native frames: (J=compiled Java code, j=interpreted, Vv=VM code, C=native code)
V  [libjvm.so+0x3deb07]
V  [libjvm.so+0x3ded51]
V  [libjvm.so+0x17376e]
V  [libjvm.so+0x1737e9]
V  [libjvm.so+0x11c606]
V  [libjvm.so+0x11f88b]
V  [libjvm.so+0x389419]
V  [libjvm.so+0x389d62]
V  [libjvm.so+0x38a134]
V  [libjvm.so+0x38a1d0]
V  [libjvm.so+0x38a26a]
V  [libjvm.so+0x38a2f5]
V  [libjvm.so+0x38a356]
V  [libjvm.so+0x38a433]
V  [libjvm.so+0x38a729]
V  [libjvm.so+0x3bfaff]
V  [libjvm.so+0x3c050c]
V  [libjvm.so+0x1d4508]
V  [libjvm.so+0x3b402c]
V  [libjvm.so+0x20d7ec]
C  [java+0x2558]  JavaMain+0x88
C  [libpthread.so.0+0x596e]


---------------  P R O C E S S  ---------------

Java Threads: ( => current thread )

Other Threads:

=>0x08a79400 (exited) JavaThread "Unknown thread" [_thread_in_vm, id=4571, stack(0xb773b000,0xb778c000)]

VM state:not at safepoint (not fully initialized)

VM Mutex/Monitor currently owned by a thread: None

Dynamic libraries:
00110000-00117000 r-xp 00000000 07:00 297485     /usr/lib/jvm/java-6-openjdk/jre/lib/i386/libzip.so
00117000-00118000 r--p 00006000 07:00 297485     /usr/lib/jvm/java-6-openjdk/jre/lib/i386/libzip.so
00118000-00119000 rw-p 00007000 07:00 297485     /usr/lib/jvm/java-6-openjdk/jre/lib/i386/libzip.so
00215000-00230000 r-xp 00000000 07:00 1049733    /lib/ld-2.11.1.so
00230000-00231000 r--p 0001a000 07:00 1049733    /lib/ld-2.11.1.so
00231000-00232000 rw-p 0001b000 07:00 1049733    /lib/ld-2.11.1.so
002f2000-00305000 r-xp 00000000 07:00 1046726    /lib/libz.so.1.2.3.3
00305000-00306000 r--p 00012000 07:00 1046726    /lib/libz.so.1.2.3.3
00306000-00307000 rw-p 00013000 07:00 1046726    /lib/libz.so.1.2.3.3
00369000-0036b000 r-xp 00000000 07:00 1178962    /lib/tls/i686/cmov/libdl-2.11.1.so
0036b000-0036c000 r--p 00001000 07:00 1178962    /lib/tls/i686/cmov/libdl-2.11.1.so
0036c000-0036d000 rw-p 00002000 07:00 1178962    /lib/tls/i686/cmov/libdl-2.11.1.so
0049b000-004a7000 r-xp 00000000 07:00 297484     /usr/lib/jvm/java-6-openjdk/jre/lib/i386/libverify.so
004a7000-004a8000 r--p 0000b000 07:00 297484     /usr/lib/jvm/java-6-openjdk/jre/lib/i386/libverify.so
004a8000-004a9000 rw-p 0000c000 07:00 297484     /usr/lib/jvm/java-6-openjdk/jre/lib/i386/libverify.so
00579000-0057c000 r-xp 00000000 07:00 296200     /usr/lib/jvm/java-6-openjdk/jre/lib/i386/jli/libjli.so
0057c000-0057d000 r--p 00003000 07:00 296200     /usr/lib/jvm/java-6-openjdk/jre/lib/i386/jli/libjli.so
0057d000-0057e000 rw-p 00004000 07:00 296200     /usr/lib/jvm/java-6-openjdk/jre/lib/i386/jli/libjli.so
00685000-006a9000 r-xp 00000000 07:00 1178966    /lib/tls/i686/cmov/libm-2.11.1.so
006a9000-006aa000 r--p 00023000 07:00 1178966    /lib/tls/i686/cmov/libm-2.11.1.so
006aa000-006ab000 rw-p 00024000 07:00 1178966    /lib/tls/i686/cmov/libm-2.11.1.so
00862000-0086c000 r-xp 00000000 07:00 1185749    /lib/tls/i686/cmov/libnss_files-2.11.1.so
0086c000-0086d000 r--p 00009000 07:00 1185749    /lib/tls/i686/cmov/libnss_files-2.11.1.so
0086d000-0086e000 rw-p 0000a000 07:00 1185749    /lib/tls/i686/cmov/libnss_files-2.11.1.so
008d4000-008e9000 r-xp 00000000 07:00 1187228    /lib/tls/i686/cmov/libpthread-2.11.1.so
008e9000-008ea000 r--p 00014000 07:00 1187228    /lib/tls/i686/cmov/libpthread-2.11.1.so
008ea000-008eb000 rw-p 00015000 07:00 1187228    /lib/tls/i686/cmov/libpthread-2.11.1.so
008eb000-008ed000 rw-p 00000000 00:00 0 
00978000-0098b000 r-xp 00000000 07:00 1178971    /lib/tls/i686/cmov/libnsl-2.11.1.so
0098b000-0098c000 r--p 00012000 07:00 1178971    /lib/tls/i686/cmov/libnsl-2.11.1.so
0098c000-0098d000 rw-p 00013000 07:00 1178971    /lib/tls/i686/cmov/libnsl-2.11.1.so
0098d000-0098f000 rw-p 00000000 00:00 0 
009ad000-00b00000 r-xp 00000000 07:00 1178954    /lib/tls/i686/cmov/libc-2.11.1.so
00b00000-00b01000 ---p 00153000 07:00 1178954    /lib/tls/i686/cmov/libc-2.11.1.so
00b01000-00b03000 r--p 00153000 07:00 1178954    /lib/tls/i686/cmov/libc-2.11.1.so
00b03000-00b04000 rw-p 00155000 07:00 1178954    /lib/tls/i686/cmov/libc-2.11.1.so
00b04000-00b07000 rw-p 00000000 00:00 0 
00b1d000-00b24000 r-xp 00000000 07:00 1187385    /lib/tls/i686/cmov/librt-2.11.1.so
00b24000-00b25000 r--p 00006000 07:00 1187385    /lib/tls/i686/cmov/librt-2.11.1.so
00b25000-00b26000 rw-p 00007000 07:00 1187385    /lib/tls/i686/cmov/librt-2.11.1.so
00ced000-00cf4000 r-xp 00000000 07:00 297486     /usr/lib/jvm/java-6-openjdk/jre/lib/i386/native_threads/libhpi.so
00cf4000-00cf5000 r--p 00006000 07:00 297486     /usr/lib/jvm/java-6-openjdk/jre/lib/i386/native_threads/libhpi.so
00cf5000-00cf6000 rw-p 00007000 07:00 297486     /usr/lib/jvm/java-6-openjdk/jre/lib/i386/native_threads/libhpi.so
00e5d000-00e65000 r-xp 00000000 07:00 1186548    /lib/tls/i686/cmov/libnss_nis-2.11.1.so
00e65000-00e66000 r--p 00007000 07:00 1186548    /lib/tls/i686/cmov/libnss_nis-2.11.1.so
00e66000-00e67000 rw-p 00008000 07:00 1186548    /lib/tls/i686/cmov/libnss_nis-2.11.1.so
00f60000-00f84000 r-xp 00000000 07:00 296215     /usr/lib/jvm/java-6-openjdk/jre/lib/i386/libjava.so
00f84000-00f85000 r--p 00023000 07:00 296215     /usr/lib/jvm/java-6-openjdk/jre/lib/i386/libjava.so
00f85000-00f87000 rw-p 00024000 07:00 296215     /usr/lib/jvm/java-6-openjdk/jre/lib/i386/libjava.so
00f88000-00f8e000 r-xp 00000000 07:00 1178973    /lib/tls/i686/cmov/libnss_compat-2.11.1.so
00f8e000-00f8f000 r--p 00006000 07:00 1178973    /lib/tls/i686/cmov/libnss_compat-2.11.1.so
00f8f000-00f90000 rw-p 00007000 07:00 1178973    /lib/tls/i686/cmov/libnss_compat-2.11.1.so
00ff3000-00ff4000 r-xp 00000000 00:00 0          [vdso]
00ff4000-0143b000 r-xp 00000000 07:00 296197     /usr/lib/jvm/java-6-openjdk/jre/lib/i386/client/libjvm.so
0143b000-0143c000 ---p 00447000 07:00 296197     /usr/lib/jvm/java-6-openjdk/jre/lib/i386/client/libjvm.so
0143c000-01453000 r--p 00447000 07:00 296197     /usr/lib/jvm/java-6-openjdk/jre/lib/i386/client/libjvm.so
01453000-01460000 rw-p 0045e000 07:00 296197     /usr/lib/jvm/java-6-openjdk/jre/lib/i386/client/libjvm.so
01460000-0187c000 rw-p 00000000 00:00 0 
08048000-08051000 r-xp 00000000 07:00 297508     /usr/lib/jvm/java-6-openjdk/jre/bin/java
08051000-08052000 r--p 00008000 07:00 297508     /usr/lib/jvm/java-6-openjdk/jre/bin/java
08052000-08053000 rw-p 00009000 07:00 297508     /usr/lib/jvm/java-6-openjdk/jre/bin/java
08a73000-08ad6000 rw-p 00000000 00:00 0          [heap]
92269000-922ce000 r--s 004cb000 07:00 1459880    /home/yang/11_COMP41150/android/platforms/android-8/android.jar
922ce000-922d5000 rw-p 00000000 00:00 0 
922d5000-922ef000 rw-p 00000000 00:00 0 
922ef000-922f5000 rw-p 00000000 00:00 0 
922f5000-92396000 rw-p 00000000 00:00 0 
92396000-92399000 rw-p 00000000 00:00 0 
92399000-923e9000 rw-p 00000000 00:00 0 
923e9000-923ef000 rw-p 00000000 00:00 0 
923ef000-9248f000 rw-p 00000000 00:00 0 
9248f000-92495000 rw-p 00000000 00:00 0 
92495000-924af000 rw-p 00000000 00:00 0 
924af000-929e0000 rw-p 00000000 00:00 0 
929e0000-9cab0000 rw-p 00000000 00:00 0 
9cab0000-9d510000 rw-p 00000000 00:00 0 
9d510000-b16b0000 rw-p 00000000 00:00 0 
b16b0000-b22b0000 rw-p 00000000 00:00 0 
b22b0000-b56b0000 rw-p 00000000 00:00 0 
b56bb000-b56bc000 rw-p 00000000 00:00 0 
b56bc000-b573b000 rw-p 00000000 00:00 0 
b573b000-b576b000 rwxp 00000000 00:00 0 
b576b000-b773b000 rw-p 00000000 00:00 0 
b773b000-b773e000 ---p 00000000 00:00 0 
b773e000-b778f000 rw-p 00000000 00:00 0 
b7799000-b77a1000 rw-s 00000000 07:00 702643     /tmp/hsperfdata_yang/4566
b77a1000-b77a2000 rw-p 00000000 00:00 0 
b77a2000-b77a3000 r--p 00000000 00:00 0 
b77a3000-b77a5000 rw-p 00000000 00:00 0 
bfae1000-bfaf6000 rw-p 00000000 00:00 0          [stack]

VM Arguments:
jvm_args: -Dfile.encoding=UTF-8 -Xbootclasspath:/home/yang/11_COMP41150/android/platforms/android-8/android.jar 
java_command: my.webtext.test
Launcher Type: SUN_STANDARD

Environment Variables:
JAVA_HOME=/home/yang/tools/jdk1.6.0_22
CLASSPATH=.:/home/yang/tools/jdk1.6.0_22/lib:/home/yang/workspace/JavaWork/libs/jmdns.jar
PATH=/usr/local/sbin:/usr/local/bin:/usr/sbin:/usr/bin:/sbin:/bin:/usr/games:/home/yang/tools/jdk1.6.0_22/bin
USERNAME=yang
LD_LIBRARY_PATH=/usr/lib/jvm/java-6-openjdk/jre/lib/i386/client:/usr/lib/jvm/java-6-openjdk/jre/lib/i386:/usr/lib/jvm/java-6-openjdk/jre/../lib/i386:/usr/lib/jvm/java-6-openjdk/jre/lib/i386/client:/usr/lib/jvm/java-6-openjdk/jre/lib/i386:/usr/lib/xulrunner-addons:/usr/lib/xulrunner-addons
SHELL=/bin/bash
DISPLAY=:0.0

Signal Handlers:
SIGSEGV: [libjvm.so+0x3df710], sa_mask[0]=0x7ffbfeff, sa_flags=0x10000004
SIGBUS: [libjvm.so+0x3df710], sa_mask[0]=0x7ffbfeff, sa_flags=0x10000004
SIGFPE: [libjvm.so+0x305780], sa_mask[0]=0x7ffbfeff, sa_flags=0x10000004
SIGPIPE: [libjvm.so+0x305780], sa_mask[0]=0x7ffbfeff, sa_flags=0x10000004
SIGXFSZ: [libjvm.so+0x305780], sa_mask[0]=0x7ffbfeff, sa_flags=0x10000004
SIGILL: [libjvm.so+0x305780], sa_mask[0]=0x7ffbfeff, sa_flags=0x10000004
SIGUSR1: SIG_DFL, sa_mask[0]=0x00000000, sa_flags=0x00000000
SIGUSR2: [libjvm.so+0x304e30], sa_mask[0]=0x00000004, sa_flags=0x10000004
SIGHUP: SIG_DFL, sa_mask[0]=0x00000000, sa_flags=0x00000000
SIGINT: SIG_DFL, sa_mask[0]=0x00000000, sa_flags=0x00000000
SIGTERM: SIG_DFL, sa_mask[0]=0x00000000, sa_flags=0x00000000
SIGQUIT: SIG_DFL, sa_mask[0]=0x00000000, sa_flags=0x00000000


---------------  S Y S T E M  ---------------

OS:Ubuntu 10.04 (lucid)
uname:Linux 2.6.32-27-generic #49-Ubuntu SMP Wed Dec 1 23:52:12 UTC 2010 i686
libc:glibc 2.11.1 NPTL 2.11.1 
rlimit: STACK 8192k, CORE 0k, NPROC infinity, NOFILE 1024, AS infinity
load average:1.11 0.96 0.92

/proc/meminfo:
MemTotal:        1016708 kB
MemFree:           16452 kB
Buffers:          115704 kB
Cached:           287628 kB
SwapCached:        17012 kB
Active:           387292 kB
Inactive:         554108 kB
Active(anon):     282792 kB
Inactive(anon):   358264 kB
Active(file):     104500 kB
Inactive(file):   195844 kB
Unevictable:        2076 kB
Mlocked:              16 kB
HighTotal:        129416 kB
HighFree:            244 kB
LowTotal:         887292 kB
LowFree:           16208 kB
SwapTotal:        261112 kB
SwapFree:          98764 kB
Dirty:              1272 kB
Writeback:             0 kB
AnonPages:        524112 kB
Mapped:            84144 kB
Shmem:            100836 kB
Slab:              22524 kB
SReclaimable:       9152 kB
SUnreclaim:        13372 kB
KernelStack:        2624 kB
PageTables:         7576 kB
NFS_Unstable:          0 kB
Bounce:                0 kB
WritebackTmp:          0 kB
CommitLimit:      769464 kB
Committed_AS:    1959664 kB
VmallocTotal:     122880 kB
VmallocUsed:       26968 kB
VmallocChunk:      89460 kB
HardwareCorrupted:     0 kB
HugePages_Total:       0
HugePages_Free:        0
HugePages_Rsvd:        0
HugePages_Surp:        0
Hugepagesize:       4096 kB
DirectMap4k:       24568 kB
DirectMap4M:      884736 kB


CPU:total 2 (2 cores per cpu, 1 threads per core) family 6 model 15 stepping 2, cmov, cx8, fxsr, mmx, sse, sse2, sse3, ssse3

Memory: 4k page, physical 1016708k(16452k free), swap 261112k(98764k free)

vm_info: OpenJDK Client VM (19.0-b09) for linux-x86 JRE (1.6.0_20-b20), built on Nov 25 2010 19:44:27 by "buildd" with gcc 4.4.3

time: Sun Jan  2 16:33:42 2011
elapsed time: 0 seconds

