#
# A fatal error has been detected by the Java Runtime Environment:
#
#  Internal Error (classFileParser.cpp:3375), pid=4617, tid=3078957936
#  Error: ShouldNotReachHere()
#
# JRE version: 6.0_20-b20
# Java VM: OpenJDK Client VM (19.0-b09 mixed mode linux-x86 )
# Derivative: IcedTea6 1.9.2
# Distribution: Ubuntu 10.04.1 LTS, package 6b20-1.9.2-0ubuntu1~10.04.1
# If you would like to submit a bug report, please include
# instructions how to reproduce the bug and visit:
#   https://bugs.launchpad.net/ubuntu/+source/openjdk-6/
#

---------------  T H R E A D  ---------------

Current thread (0x08a9b000):  JavaThread "Unknown thread" [_thread_in_vm, id=4623, stack(0xb7802000,0xb7853000)]

Stack: [0xb7802000,0xb7853000],  sp=0xb78517e0,  free space=317k
Native frames: (J=compiled Java code, j=interpreted, Vv=VM code, C=native code)
V  [libjvm.so+0x3deb07]
V  [libjvm.so+0x3ded51]
V  [libjvm.so+0x17376e]
V  [libjvm.so+0x1737e9]
V  [libjvm.so+0x11c606]
V  [libjvm.so+0x11f88b]
V  [libjvm.so+0x389419]
V  [libjvm.so+0x389d62]
V  [libjvm.so+0x38a134]
V  [libjvm.so+0x38a1d0]
V  [libjvm.so+0x38a26a]
V  [libjvm.so+0x38a2f5]
V  [libjvm.so+0x38a356]
V  [libjvm.so+0x38a433]
V  [libjvm.so+0x38a729]
V  [libjvm.so+0x3bfaff]
V  [libjvm.so+0x3c050c]
V  [libjvm.so+0x1d4508]
V  [libjvm.so+0x3b402c]
V  [libjvm.so+0x20d7ec]
C  [java+0x2558]  JavaMain+0x88
C  [libpthread.so.0+0x596e]


---------------  P R O C E S S  ---------------

Java Threads: ( => current thread )

Other Threads:

=>0x08a9b000 (exited) JavaThread "Unknown thread" [_thread_in_vm, id=4623, stack(0xb7802000,0xb7853000)]

VM state:not at safepoint (not fully initialized)

VM Mutex/Monitor currently owned by a thread: None

Dynamic libraries:
00110000-00134000 r-xp 00000000 07:00 296215     /usr/lib/jvm/java-6-openjdk/jre/lib/i386/libjava.so
00134000-00135000 r--p 00023000 07:00 296215     /usr/lib/jvm/java-6-openjdk/jre/lib/i386/libjava.so
00135000-00137000 rw-p 00024000 07:00 296215     /usr/lib/jvm/java-6-openjdk/jre/lib/i386/libjava.so
00137000-0014a000 r-xp 00000000 07:00 1178971    /lib/tls/i686/cmov/libnsl-2.11.1.so
0014a000-0014b000 r--p 00012000 07:00 1178971    /lib/tls/i686/cmov/libnsl-2.11.1.so
0014b000-0014c000 rw-p 00013000 07:00 1178971    /lib/tls/i686/cmov/libnsl-2.11.1.so
0014c000-0014e000 rw-p 00000000 00:00 0 
0014e000-00151000 r-xp 00000000 07:00 296230     /usr/lib/jvm/java-6-openjdk/jre/lib/i386/libnpt.so
00151000-00152000 r--p 00002000 07:00 296230     /usr/lib/jvm/java-6-openjdk/jre/lib/i386/libnpt.so
00152000-00153000 rw-p 00003000 07:00 296230     /usr/lib/jvm/java-6-openjdk/jre/lib/i386/libnpt.so
00153000-00159000 r-xp 00000000 07:00 1178973    /lib/tls/i686/cmov/libnss_compat-2.11.1.so
00159000-0015a000 r--p 00006000 07:00 1178973    /lib/tls/i686/cmov/libnss_compat-2.11.1.so
0015a000-0015b000 rw-p 00007000 07:00 1178973    /lib/tls/i686/cmov/libnss_compat-2.11.1.so
0015b000-00163000 r-xp 00000000 07:00 1186548    /lib/tls/i686/cmov/libnss_nis-2.11.1.so
00163000-00164000 r--p 00007000 07:00 1186548    /lib/tls/i686/cmov/libnss_nis-2.11.1.so
00164000-00165000 rw-p 00008000 07:00 1186548    /lib/tls/i686/cmov/libnss_nis-2.11.1.so
001c2000-001f8000 r-xp 00000000 07:00 296218     /usr/lib/jvm/java-6-openjdk/jre/lib/i386/libjdwp.so
001f8000-001f9000 r--p 00036000 07:00 296218     /usr/lib/jvm/java-6-openjdk/jre/lib/i386/libjdwp.so
001f9000-001fa000 rw-p 00037000 07:00 296218     /usr/lib/jvm/java-6-openjdk/jre/lib/i386/libjdwp.so
0025f000-0027a000 r-xp 00000000 07:00 1049733    /lib/ld-2.11.1.so
0027a000-0027b000 r--p 0001a000 07:00 1049733    /lib/ld-2.11.1.so
0027b000-0027c000 rw-p 0001b000 07:00 1049733    /lib/ld-2.11.1.so
00298000-0029a000 r-xp 00000000 07:00 1178962    /lib/tls/i686/cmov/libdl-2.11.1.so
0029a000-0029b000 r--p 00001000 07:00 1178962    /lib/tls/i686/cmov/libdl-2.11.1.so
0029b000-0029c000 rw-p 00002000 07:00 1178962    /lib/tls/i686/cmov/libdl-2.11.1.so
0029c000-003ef000 r-xp 00000000 07:00 1178954    /lib/tls/i686/cmov/libc-2.11.1.so
003ef000-003f0000 ---p 00153000 07:00 1178954    /lib/tls/i686/cmov/libc-2.11.1.so
003f0000-003f2000 r--p 00153000 07:00 1178954    /lib/tls/i686/cmov/libc-2.11.1.so
003f2000-003f3000 rw-p 00155000 07:00 1178954    /lib/tls/i686/cmov/libc-2.11.1.so
003f3000-003f6000 rw-p 00000000 00:00 0 
004dd000-004e9000 r-xp 00000000 07:00 297484     /usr/lib/jvm/java-6-openjdk/jre/lib/i386/libverify.so
004e9000-004ea000 r--p 0000b000 07:00 297484     /usr/lib/jvm/java-6-openjdk/jre/lib/i386/libverify.so
004ea000-004eb000 rw-p 0000c000 07:00 297484     /usr/lib/jvm/java-6-openjdk/jre/lib/i386/libverify.so
005fe000-00611000 r-xp 00000000 07:00 1046726    /lib/libz.so.1.2.3.3
00611000-00612000 r--p 00012000 07:00 1046726    /lib/libz.so.1.2.3.3
00612000-00613000 rw-p 00013000 07:00 1046726    /lib/libz.so.1.2.3.3
006df000-006e2000 r-xp 00000000 07:00 296200     /usr/lib/jvm/java-6-openjdk/jre/lib/i386/jli/libjli.so
006e2000-006e3000 r--p 00003000 07:00 296200     /usr/lib/jvm/java-6-openjdk/jre/lib/i386/jli/libjli.so
006e3000-006e4000 rw-p 00004000 07:00 296200     /usr/lib/jvm/java-6-openjdk/jre/lib/i386/jli/libjli.so
00974000-00975000 r-xp 00000000 00:00 0          [vdso]
00a19000-00a20000 r-xp 00000000 07:00 1187385    /lib/tls/i686/cmov/librt-2.11.1.so
00a20000-00a21000 r--p 00006000 07:00 1187385    /lib/tls/i686/cmov/librt-2.11.1.so
00a21000-00a22000 rw-p 00007000 07:00 1187385    /lib/tls/i686/cmov/librt-2.11.1.so
00a5b000-00a65000 r-xp 00000000 07:00 1185749    /lib/tls/i686/cmov/libnss_files-2.11.1.so
00a65000-00a66000 r--p 00009000 07:00 1185749    /lib/tls/i686/cmov/libnss_files-2.11.1.so
00a66000-00a67000 rw-p 0000a000 07:00 1185749    /lib/tls/i686/cmov/libnss_files-2.11.1.so
00afe000-00b05000 r-xp 00000000 07:00 297486     /usr/lib/jvm/java-6-openjdk/jre/lib/i386/native_threads/libhpi.so
00b05000-00b06000 r--p 00006000 07:00 297486     /usr/lib/jvm/java-6-openjdk/jre/lib/i386/native_threads/libhpi.so
00b06000-00b07000 rw-p 00007000 07:00 297486     /usr/lib/jvm/java-6-openjdk/jre/lib/i386/native_threads/libhpi.so
00b22000-00b29000 r-xp 00000000 07:00 297485     /usr/lib/jvm/java-6-openjdk/jre/lib/i386/libzip.so
00b29000-00b2a000 r--p 00006000 07:00 297485     /usr/lib/jvm/java-6-openjdk/jre/lib/i386/libzip.so
00b2a000-00b2b000 rw-p 00007000 07:00 297485     /usr/lib/jvm/java-6-openjdk/jre/lib/i386/libzip.so
00ca4000-00cc8000 r-xp 00000000 07:00 1178966    /lib/tls/i686/cmov/libm-2.11.1.so
00cc8000-00cc9000 r--p 00023000 07:00 1178966    /lib/tls/i686/cmov/libm-2.11.1.so
00cc9000-00cca000 rw-p 00024000 07:00 1178966    /lib/tls/i686/cmov/libm-2.11.1.so
00cef000-00d04000 r-xp 00000000 07:00 1187228    /lib/tls/i686/cmov/libpthread-2.11.1.so
00d04000-00d05000 r--p 00014000 07:00 1187228    /lib/tls/i686/cmov/libpthread-2.11.1.so
00d05000-00d06000 rw-p 00015000 07:00 1187228    /lib/tls/i686/cmov/libpthread-2.11.1.so
00d06000-00d08000 rw-p 00000000 00:00 0 
00d08000-0114f000 r-xp 00000000 07:00 296197     /usr/lib/jvm/java-6-openjdk/jre/lib/i386/client/libjvm.so
0114f000-01150000 ---p 00447000 07:00 296197     /usr/lib/jvm/java-6-openjdk/jre/lib/i386/client/libjvm.so
01150000-01167000 r--p 00447000 07:00 296197     /usr/lib/jvm/java-6-openjdk/jre/lib/i386/client/libjvm.so
01167000-01174000 rw-p 0045e000 07:00 296197     /usr/lib/jvm/java-6-openjdk/jre/lib/i386/client/libjvm.so
01174000-01590000 rw-p 00000000 00:00 0 
08048000-08051000 r-xp 00000000 07:00 297508     /usr/lib/jvm/java-6-openjdk/jre/bin/java
08051000-08052000 r--p 00008000 07:00 297508     /usr/lib/jvm/java-6-openjdk/jre/bin/java
08052000-08053000 rw-p 00009000 07:00 297508     /usr/lib/jvm/java-6-openjdk/jre/bin/java
08a8e000-08af7000 rw-p 00000000 00:00 0          [heap]
921c9000-9222e000 r--s 004cb000 07:00 1459880    /home/yang/11_COMP41150/android/platforms/android-8/android.jar
9222e000-92235000 rw-p 00000000 00:00 0 
92235000-9224f000 rw-p 00000000 00:00 0 
9224f000-92255000 rw-p 00000000 00:00 0 
92255000-922f6000 rw-p 00000000 00:00 0 
922f6000-922f9000 rw-p 00000000 00:00 0 
922f9000-92349000 rw-p 00000000 00:00 0 
92349000-9234f000 rw-p 00000000 00:00 0 
9234f000-923ef000 rw-p 00000000 00:00 0 
923ef000-923f5000 rw-p 00000000 00:00 0 
923f5000-9240f000 rw-p 00000000 00:00 0 
9240f000-92940000 rw-p 00000000 00:00 0 
92940000-9ca10000 rw-p 00000000 00:00 0 
9ca10000-9d470000 rw-p 00000000 00:00 0 
9d470000-b1610000 rw-p 00000000 00:00 0 
b1610000-b2210000 rw-p 00000000 00:00 0 
b2210000-b5610000 rw-p 00000000 00:00 0 
b561d000-b561e000 rw-p 00000000 00:00 0 
b561e000-b569d000 rw-p 00000000 00:00 0 
b569d000-b56cd000 rwxp 00000000 00:00 0 
b56cd000-b769d000 rw-p 00000000 00:00 0 
b769d000-b76a5000 rw-s 00000000 07:00 702643     /tmp/hsperfdata_yang/4617
b76a5000-b76e4000 r--p 00000000 07:00 269798     /usr/lib/locale/en_GB.utf8/LC_CTYPE
b76e4000-b7802000 r--p 00000000 07:00 269394     /usr/lib/locale/en_GB.utf8/LC_COLLATE
b7802000-b7805000 ---p 00000000 00:00 0 
b7805000-b7856000 rw-p 00000000 00:00 0 
b7857000-b7858000 r--p 00000000 07:00 269400     /usr/lib/locale/en_GB.utf8/LC_NUMERIC
b7858000-b7859000 r--p 00000000 07:00 269390     /usr/lib/locale/en_GB.utf8/LC_TIME
b7859000-b785a000 r--p 00000000 07:00 277530     /usr/lib/locale/en_GB.utf8/LC_MONETARY
b785a000-b785b000 r--p 00000000 07:00 269404     /usr/lib/locale/en_GB.utf8/LC_MESSAGES/SYS_LC_MESSAGES
b785b000-b785c000 r--p 00000000 07:00 269804     /usr/lib/locale/en_GB.utf8/LC_PAPER
b785c000-b785d000 r--p 00000000 07:00 269386     /usr/lib/locale/en_GB.utf8/LC_NAME
b785d000-b785e000 r--p 00000000 07:00 277531     /usr/lib/locale/en_GB.utf8/LC_ADDRESS
b785e000-b785f000 r--p 00000000 07:00 277532     /usr/lib/locale/en_GB.utf8/LC_TELEPHONE
b785f000-b7860000 r--p 00000000 07:00 269800     /usr/lib/locale/en_GB.utf8/LC_MEASUREMENT
b7860000-b7867000 r--s 00000000 07:00 266844     /usr/lib/gconv/gconv-modules.cache
b7867000-b7868000 r--p 00000000 07:00 277533     /usr/lib/locale/en_GB.utf8/LC_IDENTIFICATION
b7868000-b7869000 rw-p 00000000 00:00 0 
b7869000-b786a000 r--p 00000000 00:00 0 
b786a000-b786c000 rw-p 00000000 00:00 0 
bfa27000-bfa3c000 rw-p 00000000 00:00 0          [stack]

VM Arguments:
jvm_args: -agentlib:jdwp=transport=dt_socket,suspend=y,address=localhost:59272 -Dfile.encoding=UTF-8 -Xbootclasspath:/home/yang/11_COMP41150/android/platforms/android-8/android.jar 
java_command: my.webtext.test
Launcher Type: SUN_STANDARD

Environment Variables:
JAVA_HOME=/home/yang/tools/jdk1.6.0_22
CLASSPATH=.:/home/yang/tools/jdk1.6.0_22/lib:/home/yang/workspace/JavaWork/libs/jmdns.jar
PATH=/usr/local/sbin:/usr/local/bin:/usr/sbin:/usr/bin:/sbin:/bin:/usr/games:/home/yang/tools/jdk1.6.0_22/bin
USERNAME=yang
LD_LIBRARY_PATH=/usr/lib/jvm/java-6-openjdk/jre/lib/i386/client:/usr/lib/jvm/java-6-openjdk/jre/lib/i386:/usr/lib/jvm/java-6-openjdk/jre/../lib/i386:/usr/lib/jvm/java-6-openjdk/jre/lib/i386/client:/usr/lib/jvm/java-6-openjdk/jre/lib/i386:/usr/lib/xulrunner-addons:/usr/lib/xulrunner-addons
SHELL=/bin/bash
DISPLAY=:0.0

Signal Handlers:
SIGSEGV: [libjvm.so+0x3df710], sa_mask[0]=0x7ffbfeff, sa_flags=0x10000004
SIGBUS: [libjvm.so+0x3df710], sa_mask[0]=0x7ffbfeff, sa_flags=0x10000004
SIGFPE: [libjvm.so+0x305780], sa_mask[0]=0x7ffbfeff, sa_flags=0x10000004
SIGPIPE: [libjvm.so+0x305780], sa_mask[0]=0x7ffbfeff, sa_flags=0x10000004
SIGXFSZ: [libjvm.so+0x305780], sa_mask[0]=0x7ffbfeff, sa_flags=0x10000004
SIGILL: [libjvm.so+0x305780], sa_mask[0]=0x7ffbfeff, sa_flags=0x10000004
SIGUSR1: SIG_DFL, sa_mask[0]=0x00000000, sa_flags=0x00000000
SIGUSR2: [libjvm.so+0x304e30], sa_mask[0]=0x00000004, sa_flags=0x10000004
SIGHUP: SIG_DFL, sa_mask[0]=0x00000000, sa_flags=0x00000000
SIGINT: SIG_DFL, sa_mask[0]=0x00000000, sa_flags=0x00000000
SIGTERM: SIG_DFL, sa_mask[0]=0x00000000, sa_flags=0x00000000
SIGQUIT: SIG_DFL, sa_mask[0]=0x00000000, sa_flags=0x00000000


---------------  S Y S T E M  ---------------

OS:Ubuntu 10.04 (lucid)
uname:Linux 2.6.32-27-generic #49-Ubuntu SMP Wed Dec 1 23:52:12 UTC 2010 i686
libc:glibc 2.11.1 NPTL 2.11.1 
rlimit: STACK 8192k, CORE 0k, NPROC infinity, NOFILE 1024, AS infinity
load average:0.89 0.92 0.90

/proc/meminfo:
MemTotal:        1016708 kB
MemFree:           27512 kB
Buffers:          113764 kB
Cached:           276676 kB
SwapCached:        17304 kB
Active:           394372 kB
Inactive:         536152 kB
Active(anon):     287472 kB
Inactive(anon):   348332 kB
Active(file):     106900 kB
Inactive(file):   187820 kB
Unevictable:        2076 kB
Mlocked:              16 kB
HighTotal:        129416 kB
HighFree:            244 kB
LowTotal:         887292 kB
LowFree:           27268 kB
SwapTotal:        261112 kB
SwapFree:          97904 kB
Dirty:               776 kB
Writeback:             0 kB
AnonPages:        525640 kB
Mapped:            84484 kB
Shmem:             93648 kB
Slab:              22488 kB
SReclaimable:       9120 kB
SUnreclaim:        13368 kB
KernelStack:        2640 kB
PageTables:         7600 kB
NFS_Unstable:          0 kB
Bounce:                0 kB
WritebackTmp:          0 kB
CommitLimit:      769464 kB
Committed_AS:    1954768 kB
VmallocTotal:     122880 kB
VmallocUsed:       26968 kB
VmallocChunk:      89460 kB
HardwareCorrupted:     0 kB
HugePages_Total:       0
HugePages_Free:        0
HugePages_Rsvd:        0
HugePages_Surp:        0
Hugepagesize:       4096 kB
DirectMap4k:       24568 kB
DirectMap4M:      884736 kB


CPU:total 2 (2 cores per cpu, 1 threads per core) family 6 model 15 stepping 2, cmov, cx8, fxsr, mmx, sse, sse2, sse3, ssse3

Memory: 4k page, physical 1016708k(27512k free), swap 261112k(97904k free)

vm_info: OpenJDK Client VM (19.0-b09) for linux-x86 JRE (1.6.0_20-b20), built on Nov 25 2010 19:44:27 by "buildd" with gcc 4.4.3

time: Sun Jan  2 16:34:56 2011
elapsed time: 0 seconds

