#
# A fatal error has been detected by the Java Runtime Environment:
#
#  Internal Error (classFileParser.cpp:3375), pid=4608, tid=3078232944
#  Error: ShouldNotReachHere()
#
# JRE version: 6.0_20-b20
# Java VM: OpenJDK Client VM (19.0-b09 mixed mode linux-x86 )
# Derivative: IcedTea6 1.9.2
# Distribution: Ubuntu 10.04.1 LTS, package 6b20-1.9.2-0ubuntu1~10.04.1
# If you would like to submit a bug report, please include
# instructions how to reproduce the bug and visit:
#   https://bugs.launchpad.net/ubuntu/+source/openjdk-6/
#

---------------  T H R E A D  ---------------

Current thread (0x092cd000):  JavaThread "Unknown thread" [_thread_in_vm, id=4614, stack(0xb7751000,0xb77a2000)]

Stack: [0xb7751000,0xb77a2000],  sp=0xb77a07e0,  free space=317k
Native frames: (J=compiled Java code, j=interpreted, Vv=VM code, C=native code)
V  [libjvm.so+0x3deb07]
V  [libjvm.so+0x3ded51]
V  [libjvm.so+0x17376e]
V  [libjvm.so+0x1737e9]
V  [libjvm.so+0x11c606]
V  [libjvm.so+0x11f88b]
V  [libjvm.so+0x389419]
V  [libjvm.so+0x389d62]
V  [libjvm.so+0x38a134]
V  [libjvm.so+0x38a1d0]
V  [libjvm.so+0x38a26a]
V  [libjvm.so+0x38a2f5]
V  [libjvm.so+0x38a356]
V  [libjvm.so+0x38a433]
V  [libjvm.so+0x38a729]
V  [libjvm.so+0x3bfaff]
V  [libjvm.so+0x3c050c]
V  [libjvm.so+0x1d4508]
V  [libjvm.so+0x3b402c]
V  [libjvm.so+0x20d7ec]
C  [java+0x2558]  JavaMain+0x88
C  [libpthread.so.0+0x596e]


---------------  P R O C E S S  ---------------

Java Threads: ( => current thread )

Other Threads:

=>0x092cd000 (exited) JavaThread "Unknown thread" [_thread_in_vm, id=4614, stack(0xb7751000,0xb77a2000)]

VM state:not at safepoint (not fully initialized)

VM Mutex/Monitor currently owned by a thread: None

Dynamic libraries:
00110000-00263000 r-xp 00000000 07:00 1178954    /lib/tls/i686/cmov/libc-2.11.1.so
00263000-00264000 ---p 00153000 07:00 1178954    /lib/tls/i686/cmov/libc-2.11.1.so
00264000-00266000 r--p 00153000 07:00 1178954    /lib/tls/i686/cmov/libc-2.11.1.so
00266000-00267000 rw-p 00155000 07:00 1178954    /lib/tls/i686/cmov/libc-2.11.1.so
00267000-0026a000 rw-p 00000000 00:00 0 
0026a000-0028e000 r-xp 00000000 07:00 1178966    /lib/tls/i686/cmov/libm-2.11.1.so
0028e000-0028f000 r--p 00023000 07:00 1178966    /lib/tls/i686/cmov/libm-2.11.1.so
0028f000-00290000 rw-p 00024000 07:00 1178966    /lib/tls/i686/cmov/libm-2.11.1.so
004cf000-004d7000 r-xp 00000000 07:00 1186548    /lib/tls/i686/cmov/libnss_nis-2.11.1.so
004d7000-004d8000 r--p 00007000 07:00 1186548    /lib/tls/i686/cmov/libnss_nis-2.11.1.so
004d8000-004d9000 rw-p 00008000 07:00 1186548    /lib/tls/i686/cmov/libnss_nis-2.11.1.so
004de000-004e8000 r-xp 00000000 07:00 1185749    /lib/tls/i686/cmov/libnss_files-2.11.1.so
004e8000-004e9000 r--p 00009000 07:00 1185749    /lib/tls/i686/cmov/libnss_files-2.11.1.so
004e9000-004ea000 rw-p 0000a000 07:00 1185749    /lib/tls/i686/cmov/libnss_files-2.11.1.so
0050b000-00517000 r-xp 00000000 07:00 297484     /usr/lib/jvm/java-6-openjdk/jre/lib/i386/libverify.so
00517000-00518000 r--p 0000b000 07:00 297484     /usr/lib/jvm/java-6-openjdk/jre/lib/i386/libverify.so
00518000-00519000 rw-p 0000c000 07:00 297484     /usr/lib/jvm/java-6-openjdk/jre/lib/i386/libverify.so
005bc000-005e0000 r-xp 00000000 07:00 296215     /usr/lib/jvm/java-6-openjdk/jre/lib/i386/libjava.so
005e0000-005e1000 r--p 00023000 07:00 296215     /usr/lib/jvm/java-6-openjdk/jre/lib/i386/libjava.so
005e1000-005e3000 rw-p 00024000 07:00 296215     /usr/lib/jvm/java-6-openjdk/jre/lib/i386/libjava.so
00902000-00917000 r-xp 00000000 07:00 1187228    /lib/tls/i686/cmov/libpthread-2.11.1.so
00917000-00918000 r--p 00014000 07:00 1187228    /lib/tls/i686/cmov/libpthread-2.11.1.so
00918000-00919000 rw-p 00015000 07:00 1187228    /lib/tls/i686/cmov/libpthread-2.11.1.so
00919000-0091b000 rw-p 00000000 00:00 0 
0094b000-0094c000 r-xp 00000000 00:00 0          [vdso]
00982000-00989000 r-xp 00000000 07:00 297485     /usr/lib/jvm/java-6-openjdk/jre/lib/i386/libzip.so
00989000-0098a000 r--p 00006000 07:00 297485     /usr/lib/jvm/java-6-openjdk/jre/lib/i386/libzip.so
0098a000-0098b000 rw-p 00007000 07:00 297485     /usr/lib/jvm/java-6-openjdk/jre/lib/i386/libzip.so
00aa3000-00aa9000 r-xp 00000000 07:00 1178973    /lib/tls/i686/cmov/libnss_compat-2.11.1.so
00aa9000-00aaa000 r--p 00006000 07:00 1178973    /lib/tls/i686/cmov/libnss_compat-2.11.1.so
00aaa000-00aab000 rw-p 00007000 07:00 1178973    /lib/tls/i686/cmov/libnss_compat-2.11.1.so
00aba000-00acd000 r-xp 00000000 07:00 1046726    /lib/libz.so.1.2.3.3
00acd000-00ace000 r--p 00012000 07:00 1046726    /lib/libz.so.1.2.3.3
00ace000-00acf000 rw-p 00013000 07:00 1046726    /lib/libz.so.1.2.3.3
00b96000-00b98000 r-xp 00000000 07:00 1178962    /lib/tls/i686/cmov/libdl-2.11.1.so
00b98000-00b99000 r--p 00001000 07:00 1178962    /lib/tls/i686/cmov/libdl-2.11.1.so
00b99000-00b9a000 rw-p 00002000 07:00 1178962    /lib/tls/i686/cmov/libdl-2.11.1.so
00be5000-00bf8000 r-xp 00000000 07:00 1178971    /lib/tls/i686/cmov/libnsl-2.11.1.so
00bf8000-00bf9000 r--p 00012000 07:00 1178971    /lib/tls/i686/cmov/libnsl-2.11.1.so
00bf9000-00bfa000 rw-p 00013000 07:00 1178971    /lib/tls/i686/cmov/libnsl-2.11.1.so
00bfa000-00bfc000 rw-p 00000000 00:00 0 
00c64000-00c6b000 r-xp 00000000 07:00 1187385    /lib/tls/i686/cmov/librt-2.11.1.so
00c6b000-00c6c000 r--p 00006000 07:00 1187385    /lib/tls/i686/cmov/librt-2.11.1.so
00c6c000-00c6d000 rw-p 00007000 07:00 1187385    /lib/tls/i686/cmov/librt-2.11.1.so
00d53000-00d56000 r-xp 00000000 07:00 296230     /usr/lib/jvm/java-6-openjdk/jre/lib/i386/libnpt.so
00d56000-00d57000 r--p 00002000 07:00 296230     /usr/lib/jvm/java-6-openjdk/jre/lib/i386/libnpt.so
00d57000-00d58000 rw-p 00003000 07:00 296230     /usr/lib/jvm/java-6-openjdk/jre/lib/i386/libnpt.so
00d5a000-00d75000 r-xp 00000000 07:00 1049733    /lib/ld-2.11.1.so
00d75000-00d76000 r--p 0001a000 07:00 1049733    /lib/ld-2.11.1.so
00d76000-00d77000 rw-p 0001b000 07:00 1049733    /lib/ld-2.11.1.so
00f3c000-00f43000 r-xp 00000000 07:00 297486     /usr/lib/jvm/java-6-openjdk/jre/lib/i386/native_threads/libhpi.so
00f43000-00f44000 r--p 00006000 07:00 297486     /usr/lib/jvm/java-6-openjdk/jre/lib/i386/native_threads/libhpi.so
00f44000-00f45000 rw-p 00007000 07:00 297486     /usr/lib/jvm/java-6-openjdk/jre/lib/i386/native_threads/libhpi.so
00f5b000-00f91000 r-xp 00000000 07:00 296218     /usr/lib/jvm/java-6-openjdk/jre/lib/i386/libjdwp.so
00f91000-00f92000 r--p 00036000 07:00 296218     /usr/lib/jvm/java-6-openjdk/jre/lib/i386/libjdwp.so
00f92000-00f93000 rw-p 00037000 07:00 296218     /usr/lib/jvm/java-6-openjdk/jre/lib/i386/libjdwp.so
00f9b000-00f9e000 r-xp 00000000 07:00 296200     /usr/lib/jvm/java-6-openjdk/jre/lib/i386/jli/libjli.so
00f9e000-00f9f000 r--p 00003000 07:00 296200     /usr/lib/jvm/java-6-openjdk/jre/lib/i386/jli/libjli.so
00f9f000-00fa0000 rw-p 00004000 07:00 296200     /usr/lib/jvm/java-6-openjdk/jre/lib/i386/jli/libjli.so
00fa0000-013e7000 r-xp 00000000 07:00 296197     /usr/lib/jvm/java-6-openjdk/jre/lib/i386/client/libjvm.so
013e7000-013e8000 ---p 00447000 07:00 296197     /usr/lib/jvm/java-6-openjdk/jre/lib/i386/client/libjvm.so
013e8000-013ff000 r--p 00447000 07:00 296197     /usr/lib/jvm/java-6-openjdk/jre/lib/i386/client/libjvm.so
013ff000-0140c000 rw-p 0045e000 07:00 296197     /usr/lib/jvm/java-6-openjdk/jre/lib/i386/client/libjvm.so
0140c000-01828000 rw-p 00000000 00:00 0 
08048000-08051000 r-xp 00000000 07:00 297508     /usr/lib/jvm/java-6-openjdk/jre/bin/java
08051000-08052000 r--p 00008000 07:00 297508     /usr/lib/jvm/java-6-openjdk/jre/bin/java
08052000-08053000 rw-p 00009000 07:00 297508     /usr/lib/jvm/java-6-openjdk/jre/bin/java
092c0000-09329000 rw-p 00000000 00:00 0          [heap]
92119000-9217e000 r--s 004cb000 07:00 1459880    /home/yang/11_COMP41150/android/platforms/android-8/android.jar
9217e000-92185000 rw-p 00000000 00:00 0 
92185000-9219f000 rw-p 00000000 00:00 0 
9219f000-921a5000 rw-p 00000000 00:00 0 
921a5000-92246000 rw-p 00000000 00:00 0 
92246000-92249000 rw-p 00000000 00:00 0 
92249000-92299000 rw-p 00000000 00:00 0 
92299000-9229f000 rw-p 00000000 00:00 0 
9229f000-9233f000 rw-p 00000000 00:00 0 
9233f000-92345000 rw-p 00000000 00:00 0 
92345000-9235f000 rw-p 00000000 00:00 0 
9235f000-92890000 rw-p 00000000 00:00 0 
92890000-9c960000 rw-p 00000000 00:00 0 
9c960000-9d3c0000 rw-p 00000000 00:00 0 
9d3c0000-b1560000 rw-p 00000000 00:00 0 
b1560000-b2160000 rw-p 00000000 00:00 0 
b2160000-b5560000 rw-p 00000000 00:00 0 
b556c000-b556d000 rw-p 00000000 00:00 0 
b556d000-b55ec000 rw-p 00000000 00:00 0 
b55ec000-b561c000 rwxp 00000000 00:00 0 
b561c000-b75ec000 rw-p 00000000 00:00 0 
b75ec000-b75f4000 rw-s 00000000 07:00 702643     /tmp/hsperfdata_yang/4608
b75f4000-b7633000 r--p 00000000 07:00 269798     /usr/lib/locale/en_GB.utf8/LC_CTYPE
b7633000-b7751000 r--p 00000000 07:00 269394     /usr/lib/locale/en_GB.utf8/LC_COLLATE
b7751000-b7754000 ---p 00000000 00:00 0 
b7754000-b77a5000 rw-p 00000000 00:00 0 
b77a6000-b77a7000 r--p 00000000 07:00 269400     /usr/lib/locale/en_GB.utf8/LC_NUMERIC
b77a7000-b77a8000 r--p 00000000 07:00 269390     /usr/lib/locale/en_GB.utf8/LC_TIME
b77a8000-b77a9000 r--p 00000000 07:00 277530     /usr/lib/locale/en_GB.utf8/LC_MONETARY
b77a9000-b77aa000 r--p 00000000 07:00 269404     /usr/lib/locale/en_GB.utf8/LC_MESSAGES/SYS_LC_MESSAGES
b77aa000-b77ab000 r--p 00000000 07:00 269804     /usr/lib/locale/en_GB.utf8/LC_PAPER
b77ab000-b77ac000 r--p 00000000 07:00 269386     /usr/lib/locale/en_GB.utf8/LC_NAME
b77ac000-b77ad000 r--p 00000000 07:00 277531     /usr/lib/locale/en_GB.utf8/LC_ADDRESS
b77ad000-b77ae000 r--p 00000000 07:00 277532     /usr/lib/locale/en_GB.utf8/LC_TELEPHONE
b77ae000-b77af000 r--p 00000000 07:00 269800     /usr/lib/locale/en_GB.utf8/LC_MEASUREMENT
b77af000-b77b6000 r--s 00000000 07:00 266844     /usr/lib/gconv/gconv-modules.cache
b77b6000-b77b7000 r--p 00000000 07:00 277533     /usr/lib/locale/en_GB.utf8/LC_IDENTIFICATION
b77b7000-b77b8000 rw-p 00000000 00:00 0 
b77b8000-b77b9000 r--p 00000000 00:00 0 
b77b9000-b77bb000 rw-p 00000000 00:00 0 
bffcb000-bffe0000 rw-p 00000000 00:00 0          [stack]

VM Arguments:
jvm_args: -agentlib:jdwp=transport=dt_socket,suspend=y,address=localhost:57418 -Dfile.encoding=UTF-8 -Xbootclasspath:/home/yang/11_COMP41150/android/platforms/android-8/android.jar 
java_command: my.webtext.test
Launcher Type: SUN_STANDARD

Environment Variables:
JAVA_HOME=/home/yang/tools/jdk1.6.0_22
CLASSPATH=.:/home/yang/tools/jdk1.6.0_22/lib:/home/yang/workspace/JavaWork/libs/jmdns.jar
PATH=/usr/local/sbin:/usr/local/bin:/usr/sbin:/usr/bin:/sbin:/bin:/usr/games:/home/yang/tools/jdk1.6.0_22/bin
USERNAME=yang
LD_LIBRARY_PATH=/usr/lib/jvm/java-6-openjdk/jre/lib/i386/client:/usr/lib/jvm/java-6-openjdk/jre/lib/i386:/usr/lib/jvm/java-6-openjdk/jre/../lib/i386:/usr/lib/jvm/java-6-openjdk/jre/lib/i386/client:/usr/lib/jvm/java-6-openjdk/jre/lib/i386:/usr/lib/xulrunner-addons:/usr/lib/xulrunner-addons
SHELL=/bin/bash
DISPLAY=:0.0

Signal Handlers:
SIGSEGV: [libjvm.so+0x3df710], sa_mask[0]=0x7ffbfeff, sa_flags=0x10000004
SIGBUS: [libjvm.so+0x3df710], sa_mask[0]=0x7ffbfeff, sa_flags=0x10000004
SIGFPE: [libjvm.so+0x305780], sa_mask[0]=0x7ffbfeff, sa_flags=0x10000004
SIGPIPE: [libjvm.so+0x305780], sa_mask[0]=0x7ffbfeff, sa_flags=0x10000004
SIGXFSZ: [libjvm.so+0x305780], sa_mask[0]=0x7ffbfeff, sa_flags=0x10000004
SIGILL: [libjvm.so+0x305780], sa_mask[0]=0x7ffbfeff, sa_flags=0x10000004
SIGUSR1: SIG_DFL, sa_mask[0]=0x00000000, sa_flags=0x00000000
SIGUSR2: [libjvm.so+0x304e30], sa_mask[0]=0x00000004, sa_flags=0x10000004
SIGHUP: SIG_DFL, sa_mask[0]=0x00000000, sa_flags=0x00000000
SIGINT: SIG_DFL, sa_mask[0]=0x00000000, sa_flags=0x00000000
SIGTERM: SIG_DFL, sa_mask[0]=0x00000000, sa_flags=0x00000000
SIGQUIT: SIG_DFL, sa_mask[0]=0x00000000, sa_flags=0x00000000


---------------  S Y S T E M  ---------------

OS:Ubuntu 10.04 (lucid)
uname:Linux 2.6.32-27-generic #49-Ubuntu SMP Wed Dec 1 23:52:12 UTC 2010 i686
libc:glibc 2.11.1 NPTL 2.11.1 
rlimit: STACK 8192k, CORE 0k, NPROC infinity, NOFILE 1024, AS infinity
load average:0.96 0.94 0.91

/proc/meminfo:
MemTotal:        1016708 kB
MemFree:           31488 kB
Buffers:          113684 kB
Cached:           273080 kB
SwapCached:        17304 kB
Active:           393676 kB
Inactive:         532968 kB
Active(anon):     286780 kB
Inactive(anon):   345340 kB
Active(file):     106896 kB
Inactive(file):   187628 kB
Unevictable:        2076 kB
Mlocked:              16 kB
HighTotal:        129416 kB
HighFree:            244 kB
LowTotal:         887292 kB
LowFree:           31244 kB
SwapTotal:        261112 kB
SwapFree:          97904 kB
Dirty:               604 kB
Writeback:             0 kB
AnonPages:        525632 kB
Mapped:            84544 kB
Shmem:             90148 kB
Slab:              22424 kB
SReclaimable:       9120 kB
SUnreclaim:        13304 kB
KernelStack:        2640 kB
PageTables:         7600 kB
NFS_Unstable:          0 kB
Bounce:                0 kB
WritebackTmp:          0 kB
CommitLimit:      769464 kB
Committed_AS:    1951260 kB
VmallocTotal:     122880 kB
VmallocUsed:       26968 kB
VmallocChunk:      89460 kB
HardwareCorrupted:     0 kB
HugePages_Total:       0
HugePages_Free:        0
HugePages_Rsvd:        0
HugePages_Surp:        0
Hugepagesize:       4096 kB
DirectMap4k:       24568 kB
DirectMap4M:      884736 kB


CPU:total 2 (2 cores per cpu, 1 threads per core) family 6 model 15 stepping 2, cmov, cx8, fxsr, mmx, sse, sse2, sse3, ssse3

Memory: 4k page, physical 1016708k(31488k free), swap 261112k(97904k free)

vm_info: OpenJDK Client VM (19.0-b09) for linux-x86 JRE (1.6.0_20-b20), built on Nov 25 2010 19:44:27 by "buildd" with gcc 4.4.3

time: Sun Jan  2 16:34:54 2011
elapsed time: 0 seconds

