#
# A fatal error has been detected by the Java Runtime Environment:
#
#  Internal Error (classFileParser.cpp:3375), pid=4646, tid=3079211888
#  Error: ShouldNotReachHere()
#
# JRE version: 6.0_20-b20
# Java VM: OpenJDK Client VM (19.0-b09 mixed mode linux-x86 )
# Derivative: IcedTea6 1.9.2
# Distribution: Ubuntu 10.04.1 LTS, package 6b20-1.9.2-0ubuntu1~10.04.1
# If you would like to submit a bug report, please include
# instructions how to reproduce the bug and visit:
#   https://bugs.launchpad.net/ubuntu/+source/openjdk-6/
#

---------------  T H R E A D  ---------------

Current thread (0x09719000):  JavaThread "Unknown thread" [_thread_in_vm, id=4649, stack(0xb7840000,0xb7891000)]

Stack: [0xb7840000,0xb7891000],  sp=0xb788f7e0,  free space=317k
Native frames: (J=compiled Java code, j=interpreted, Vv=VM code, C=native code)
V  [libjvm.so+0x3deb07]
V  [libjvm.so+0x3ded51]
V  [libjvm.so+0x17376e]
V  [libjvm.so+0x1737e9]
V  [libjvm.so+0x11c606]
V  [libjvm.so+0x11f88b]
V  [libjvm.so+0x389419]
V  [libjvm.so+0x389d62]
V  [libjvm.so+0x38a134]
V  [libjvm.so+0x38a1d0]
V  [libjvm.so+0x38a26a]
V  [libjvm.so+0x38a2f5]
V  [libjvm.so+0x38a356]
V  [libjvm.so+0x38a433]
V  [libjvm.so+0x38a729]
V  [libjvm.so+0x3bfaff]
V  [libjvm.so+0x3c050c]
V  [libjvm.so+0x1d4508]
V  [libjvm.so+0x3b402c]
V  [libjvm.so+0x20d7ec]
C  [java+0x2558]  JavaMain+0x88
C  [libpthread.so.0+0x596e]


---------------  P R O C E S S  ---------------

Java Threads: ( => current thread )

Other Threads:

=>0x09719000 (exited) JavaThread "Unknown thread" [_thread_in_vm, id=4649, stack(0xb7840000,0xb7891000)]

VM state:not at safepoint (not fully initialized)

VM Mutex/Monitor currently owned by a thread: None

Dynamic libraries:
00110000-00123000 r-xp 00000000 07:00 1178971    /lib/tls/i686/cmov/libnsl-2.11.1.so
00123000-00124000 r--p 00012000 07:00 1178971    /lib/tls/i686/cmov/libnsl-2.11.1.so
00124000-00125000 rw-p 00013000 07:00 1178971    /lib/tls/i686/cmov/libnsl-2.11.1.so
00125000-00127000 rw-p 00000000 00:00 0 
00127000-0012a000 r-xp 00000000 07:00 296230     /usr/lib/jvm/java-6-openjdk/jre/lib/i386/libnpt.so
0012a000-0012b000 r--p 00002000 07:00 296230     /usr/lib/jvm/java-6-openjdk/jre/lib/i386/libnpt.so
0012b000-0012c000 rw-p 00003000 07:00 296230     /usr/lib/jvm/java-6-openjdk/jre/lib/i386/libnpt.so
0012c000-00134000 r-xp 00000000 07:00 1186548    /lib/tls/i686/cmov/libnss_nis-2.11.1.so
00134000-00135000 r--p 00007000 07:00 1186548    /lib/tls/i686/cmov/libnss_nis-2.11.1.so
00135000-00136000 rw-p 00008000 07:00 1186548    /lib/tls/i686/cmov/libnss_nis-2.11.1.so
00136000-00140000 r-xp 00000000 07:00 1185749    /lib/tls/i686/cmov/libnss_files-2.11.1.so
00140000-00141000 r--p 00009000 07:00 1185749    /lib/tls/i686/cmov/libnss_files-2.11.1.so
00141000-00142000 rw-p 0000a000 07:00 1185749    /lib/tls/i686/cmov/libnss_files-2.11.1.so
001a8000-001ae000 r-xp 00000000 07:00 1178973    /lib/tls/i686/cmov/libnss_compat-2.11.1.so
001ae000-001af000 r--p 00006000 07:00 1178973    /lib/tls/i686/cmov/libnss_compat-2.11.1.so
001af000-001b0000 rw-p 00007000 07:00 1178973    /lib/tls/i686/cmov/libnss_compat-2.11.1.so
00361000-00374000 r-xp 00000000 07:00 1046726    /lib/libz.so.1.2.3.3
00374000-00375000 r--p 00012000 07:00 1046726    /lib/libz.so.1.2.3.3
00375000-00376000 rw-p 00013000 07:00 1046726    /lib/libz.so.1.2.3.3
003d8000-003fc000 r-xp 00000000 07:00 1178966    /lib/tls/i686/cmov/libm-2.11.1.so
003fc000-003fd000 r--p 00023000 07:00 1178966    /lib/tls/i686/cmov/libm-2.11.1.so
003fd000-003fe000 rw-p 00024000 07:00 1178966    /lib/tls/i686/cmov/libm-2.11.1.so
004a5000-005f8000 r-xp 00000000 07:00 1178954    /lib/tls/i686/cmov/libc-2.11.1.so
005f8000-005f9000 ---p 00153000 07:00 1178954    /lib/tls/i686/cmov/libc-2.11.1.so
005f9000-005fb000 r--p 00153000 07:00 1178954    /lib/tls/i686/cmov/libc-2.11.1.so
005fb000-005fc000 rw-p 00155000 07:00 1178954    /lib/tls/i686/cmov/libc-2.11.1.so
005fc000-005ff000 rw-p 00000000 00:00 0 
00674000-00675000 r-xp 00000000 00:00 0          [vdso]
0079f000-007b4000 r-xp 00000000 07:00 1187228    /lib/tls/i686/cmov/libpthread-2.11.1.so
007b4000-007b5000 r--p 00014000 07:00 1187228    /lib/tls/i686/cmov/libpthread-2.11.1.so
007b5000-007b6000 rw-p 00015000 07:00 1187228    /lib/tls/i686/cmov/libpthread-2.11.1.so
007b6000-007b8000 rw-p 00000000 00:00 0 
00818000-0081a000 r-xp 00000000 07:00 1178962    /lib/tls/i686/cmov/libdl-2.11.1.so
0081a000-0081b000 r--p 00001000 07:00 1178962    /lib/tls/i686/cmov/libdl-2.11.1.so
0081b000-0081c000 rw-p 00002000 07:00 1178962    /lib/tls/i686/cmov/libdl-2.11.1.so
00963000-0096a000 r-xp 00000000 07:00 297485     /usr/lib/jvm/java-6-openjdk/jre/lib/i386/libzip.so
0096a000-0096b000 r--p 00006000 07:00 297485     /usr/lib/jvm/java-6-openjdk/jre/lib/i386/libzip.so
0096b000-0096c000 rw-p 00007000 07:00 297485     /usr/lib/jvm/java-6-openjdk/jre/lib/i386/libzip.so
00a10000-00a17000 r-xp 00000000 07:00 297486     /usr/lib/jvm/java-6-openjdk/jre/lib/i386/native_threads/libhpi.so
00a17000-00a18000 r--p 00006000 07:00 297486     /usr/lib/jvm/java-6-openjdk/jre/lib/i386/native_threads/libhpi.so
00a18000-00a19000 rw-p 00007000 07:00 297486     /usr/lib/jvm/java-6-openjdk/jre/lib/i386/native_threads/libhpi.so
00a41000-00a5c000 r-xp 00000000 07:00 1049733    /lib/ld-2.11.1.so
00a5c000-00a5d000 r--p 0001a000 07:00 1049733    /lib/ld-2.11.1.so
00a5d000-00a5e000 rw-p 0001b000 07:00 1049733    /lib/ld-2.11.1.so
00aad000-00ab4000 r-xp 00000000 07:00 1187385    /lib/tls/i686/cmov/librt-2.11.1.so
00ab4000-00ab5000 r--p 00006000 07:00 1187385    /lib/tls/i686/cmov/librt-2.11.1.so
00ab5000-00ab6000 rw-p 00007000 07:00 1187385    /lib/tls/i686/cmov/librt-2.11.1.so
00bad000-00bd1000 r-xp 00000000 07:00 296215     /usr/lib/jvm/java-6-openjdk/jre/lib/i386/libjava.so
00bd1000-00bd2000 r--p 00023000 07:00 296215     /usr/lib/jvm/java-6-openjdk/jre/lib/i386/libjava.so
00bd2000-00bd4000 rw-p 00024000 07:00 296215     /usr/lib/jvm/java-6-openjdk/jre/lib/i386/libjava.so
00ce8000-00d1e000 r-xp 00000000 07:00 296218     /usr/lib/jvm/java-6-openjdk/jre/lib/i386/libjdwp.so
00d1e000-00d1f000 r--p 00036000 07:00 296218     /usr/lib/jvm/java-6-openjdk/jre/lib/i386/libjdwp.so
00d1f000-00d20000 rw-p 00037000 07:00 296218     /usr/lib/jvm/java-6-openjdk/jre/lib/i386/libjdwp.so
00e14000-00e20000 r-xp 00000000 07:00 297484     /usr/lib/jvm/java-6-openjdk/jre/lib/i386/libverify.so
00e20000-00e21000 r--p 0000b000 07:00 297484     /usr/lib/jvm/java-6-openjdk/jre/lib/i386/libverify.so
00e21000-00e22000 rw-p 0000c000 07:00 297484     /usr/lib/jvm/java-6-openjdk/jre/lib/i386/libverify.so
00ea7000-00eaa000 r-xp 00000000 07:00 296200     /usr/lib/jvm/java-6-openjdk/jre/lib/i386/jli/libjli.so
00eaa000-00eab000 r--p 00003000 07:00 296200     /usr/lib/jvm/java-6-openjdk/jre/lib/i386/jli/libjli.so
00eab000-00eac000 rw-p 00004000 07:00 296200     /usr/lib/jvm/java-6-openjdk/jre/lib/i386/jli/libjli.so
00eac000-012f3000 r-xp 00000000 07:00 296197     /usr/lib/jvm/java-6-openjdk/jre/lib/i386/client/libjvm.so
012f3000-012f4000 ---p 00447000 07:00 296197     /usr/lib/jvm/java-6-openjdk/jre/lib/i386/client/libjvm.so
012f4000-0130b000 r--p 00447000 07:00 296197     /usr/lib/jvm/java-6-openjdk/jre/lib/i386/client/libjvm.so
0130b000-01318000 rw-p 0045e000 07:00 296197     /usr/lib/jvm/java-6-openjdk/jre/lib/i386/client/libjvm.so
01318000-01734000 rw-p 00000000 00:00 0 
08048000-08051000 r-xp 00000000 07:00 297508     /usr/lib/jvm/java-6-openjdk/jre/bin/java
08051000-08052000 r--p 00008000 07:00 297508     /usr/lib/jvm/java-6-openjdk/jre/bin/java
08052000-08053000 rw-p 00009000 07:00 297508     /usr/lib/jvm/java-6-openjdk/jre/bin/java
0970c000-09775000 rw-p 00000000 00:00 0          [heap]
92209000-9226e000 r--s 004cb000 07:00 1459880    /home/yang/11_COMP41150/android/platforms/android-8/android.jar
9226e000-92275000 rw-p 00000000 00:00 0 
92275000-9228f000 rw-p 00000000 00:00 0 
9228f000-92295000 rw-p 00000000 00:00 0 
92295000-92336000 rw-p 00000000 00:00 0 
92336000-92339000 rw-p 00000000 00:00 0 
92339000-92389000 rw-p 00000000 00:00 0 
92389000-9238f000 rw-p 00000000 00:00 0 
9238f000-9242f000 rw-p 00000000 00:00 0 
9242f000-92435000 rw-p 00000000 00:00 0 
92435000-9244f000 rw-p 00000000 00:00 0 
9244f000-92980000 rw-p 00000000 00:00 0 
92980000-9ca50000 rw-p 00000000 00:00 0 
9ca50000-9d4b0000 rw-p 00000000 00:00 0 
9d4b0000-b1650000 rw-p 00000000 00:00 0 
b1650000-b2250000 rw-p 00000000 00:00 0 
b2250000-b5650000 rw-p 00000000 00:00 0 
b565b000-b565c000 rw-p 00000000 00:00 0 
b565c000-b56db000 rw-p 00000000 00:00 0 
b56db000-b570b000 rwxp 00000000 00:00 0 
b570b000-b76db000 rw-p 00000000 00:00 0 
b76db000-b76e3000 rw-s 00000000 07:00 702643     /tmp/hsperfdata_yang/4646
b76e3000-b7722000 r--p 00000000 07:00 269798     /usr/lib/locale/en_GB.utf8/LC_CTYPE
b7722000-b7840000 r--p 00000000 07:00 269394     /usr/lib/locale/en_GB.utf8/LC_COLLATE
b7840000-b7843000 ---p 00000000 00:00 0 
b7843000-b7894000 rw-p 00000000 00:00 0 
b7895000-b7896000 r--p 00000000 07:00 269400     /usr/lib/locale/en_GB.utf8/LC_NUMERIC
b7896000-b7897000 r--p 00000000 07:00 269390     /usr/lib/locale/en_GB.utf8/LC_TIME
b7897000-b7898000 r--p 00000000 07:00 277530     /usr/lib/locale/en_GB.utf8/LC_MONETARY
b7898000-b7899000 r--p 00000000 07:00 269404     /usr/lib/locale/en_GB.utf8/LC_MESSAGES/SYS_LC_MESSAGES
b7899000-b789a000 r--p 00000000 07:00 269804     /usr/lib/locale/en_GB.utf8/LC_PAPER
b789a000-b789b000 r--p 00000000 07:00 269386     /usr/lib/locale/en_GB.utf8/LC_NAME
b789b000-b789c000 r--p 00000000 07:00 277531     /usr/lib/locale/en_GB.utf8/LC_ADDRESS
b789c000-b789d000 r--p 00000000 07:00 277532     /usr/lib/locale/en_GB.utf8/LC_TELEPHONE
b789d000-b789e000 r--p 00000000 07:00 269800     /usr/lib/locale/en_GB.utf8/LC_MEASUREMENT
b789e000-b78a5000 r--s 00000000 07:00 266844     /usr/lib/gconv/gconv-modules.cache
b78a5000-b78a6000 r--p 00000000 07:00 277533     /usr/lib/locale/en_GB.utf8/LC_IDENTIFICATION
b78a6000-b78a7000 rw-p 00000000 00:00 0 
b78a7000-b78a8000 r--p 00000000 00:00 0 
b78a8000-b78aa000 rw-p 00000000 00:00 0 
bfbde000-bfbf3000 rw-p 00000000 00:00 0          [stack]

VM Arguments:
jvm_args: -agentlib:jdwp=transport=dt_socket,suspend=y,address=localhost:53815 -Dfile.encoding=UTF-8 -Xbootclasspath:/home/yang/11_COMP41150/android/platforms/android-8/android.jar 
java_command: my.webtext.test
Launcher Type: SUN_STANDARD

Environment Variables:
JAVA_HOME=/home/yang/tools/jdk1.6.0_22
CLASSPATH=.:/home/yang/tools/jdk1.6.0_22/lib:/home/yang/workspace/JavaWork/libs/jmdns.jar
PATH=/usr/local/sbin:/usr/local/bin:/usr/sbin:/usr/bin:/sbin:/bin:/usr/games:/home/yang/tools/jdk1.6.0_22/bin
USERNAME=yang
LD_LIBRARY_PATH=/usr/lib/jvm/java-6-openjdk/jre/lib/i386/client:/usr/lib/jvm/java-6-openjdk/jre/lib/i386:/usr/lib/jvm/java-6-openjdk/jre/../lib/i386:/usr/lib/jvm/java-6-openjdk/jre/lib/i386/client:/usr/lib/jvm/java-6-openjdk/jre/lib/i386:/usr/lib/xulrunner-addons:/usr/lib/xulrunner-addons
SHELL=/bin/bash
DISPLAY=:0.0

Signal Handlers:
SIGSEGV: [libjvm.so+0x3df710], sa_mask[0]=0x7ffbfeff, sa_flags=0x10000004
SIGBUS: [libjvm.so+0x3df710], sa_mask[0]=0x7ffbfeff, sa_flags=0x10000004
SIGFPE: [libjvm.so+0x305780], sa_mask[0]=0x7ffbfeff, sa_flags=0x10000004
SIGPIPE: [libjvm.so+0x305780], sa_mask[0]=0x7ffbfeff, sa_flags=0x10000004
SIGXFSZ: [libjvm.so+0x305780], sa_mask[0]=0x7ffbfeff, sa_flags=0x10000004
SIGILL: [libjvm.so+0x305780], sa_mask[0]=0x7ffbfeff, sa_flags=0x10000004
SIGUSR1: SIG_DFL, sa_mask[0]=0x00000000, sa_flags=0x00000000
SIGUSR2: [libjvm.so+0x304e30], sa_mask[0]=0x00000004, sa_flags=0x10000004
SIGHUP: SIG_DFL, sa_mask[0]=0x00000000, sa_flags=0x00000000
SIGINT: SIG_DFL, sa_mask[0]=0x00000000, sa_flags=0x00000000
SIGTERM: SIG_DFL, sa_mask[0]=0x00000000, sa_flags=0x00000000
SIGQUIT: SIG_DFL, sa_mask[0]=0x00000000, sa_flags=0x00000000


---------------  S Y S T E M  ---------------

OS:Ubuntu 10.04 (lucid)
uname:Linux 2.6.32-27-generic #49-Ubuntu SMP Wed Dec 1 23:52:12 UTC 2010 i686
libc:glibc 2.11.1 NPTL 2.11.1 
rlimit: STACK 8192k, CORE 0k, NPROC infinity, NOFILE 1024, AS infinity
load average:1.13 0.96 0.91

/proc/meminfo:
MemTotal:        1016708 kB
MemFree:           28372 kB
Buffers:          114548 kB
Cached:           274700 kB
SwapCached:        17304 kB
Active:           395160 kB
Inactive:         534536 kB
Active(anon):     288096 kB
Inactive(anon):   345144 kB
Active(file):     107064 kB
Inactive(file):   189392 kB
Unevictable:        2076 kB
Mlocked:              16 kB
HighTotal:        129416 kB
HighFree:            244 kB
LowTotal:         887292 kB
LowFree:           28128 kB
SwapTotal:        261112 kB
SwapFree:          97904 kB
Dirty:               652 kB
Writeback:             0 kB
AnonPages:        525988 kB
Mapped:            84320 kB
Shmem:             90732 kB
Slab:              22492 kB
SReclaimable:       9120 kB
SUnreclaim:        13372 kB
KernelStack:        2648 kB
PageTables:         7572 kB
NFS_Unstable:          0 kB
Bounce:                0 kB
WritebackTmp:          0 kB
CommitLimit:      769464 kB
Committed_AS:    1952544 kB
VmallocTotal:     122880 kB
VmallocUsed:       26968 kB
VmallocChunk:      89460 kB
HardwareCorrupted:     0 kB
HugePages_Total:       0
HugePages_Free:        0
HugePages_Rsvd:        0
HugePages_Surp:        0
Hugepagesize:       4096 kB
DirectMap4k:       24568 kB
DirectMap4M:      884736 kB


CPU:total 2 (2 cores per cpu, 1 threads per core) family 6 model 15 stepping 2, cmov, cx8, fxsr, mmx, sse, sse2, sse3, ssse3

Memory: 4k page, physical 1016708k(28372k free), swap 261112k(97904k free)

vm_info: OpenJDK Client VM (19.0-b09) for linux-x86 JRE (1.6.0_20-b20), built on Nov 25 2010 19:44:27 by "buildd" with gcc 4.4.3

time: Sun Jan  2 16:36:05 2011
elapsed time: 0 seconds

