#
# A fatal error has been detected by the Java Runtime Environment:
#
#  Internal Error (classFileParser.cpp:3375), pid=3376, tid=3077565296
#  Error: ShouldNotReachHere()
#
# JRE version: 6.0_20-b20
# Java VM: OpenJDK Client VM (19.0-b09 mixed mode linux-x86 )
# Derivative: IcedTea6 1.9.2
# Distribution: Ubuntu 10.04.1 LTS, package 6b20-1.9.2-0ubuntu1~10.04.1
# If you would like to submit a bug report, please include
# instructions how to reproduce the bug and visit:
#   https://bugs.launchpad.net/ubuntu/+source/openjdk-6/
#

---------------  T H R E A D  ---------------

Current thread (0x09b7b000):  JavaThread "Unknown thread" [_thread_in_vm, id=3382, stack(0xb76ae000,0xb76ff000)]

Stack: [0xb76ae000,0xb76ff000],  sp=0xb76fd7e0,  free space=317k
Native frames: (J=compiled Java code, j=interpreted, Vv=VM code, C=native code)
V  [libjvm.so+0x3deb07]
V  [libjvm.so+0x3ded51]
V  [libjvm.so+0x17376e]
V  [libjvm.so+0x1737e9]
V  [libjvm.so+0x11c606]
V  [libjvm.so+0x11f88b]
V  [libjvm.so+0x389419]
V  [libjvm.so+0x389d62]
V  [libjvm.so+0x38a134]
V  [libjvm.so+0x38a1d0]
V  [libjvm.so+0x38a26a]
V  [libjvm.so+0x38a2f5]
V  [libjvm.so+0x38a356]
V  [libjvm.so+0x38a433]
V  [libjvm.so+0x38a729]
V  [libjvm.so+0x3bfaff]
V  [libjvm.so+0x3c050c]
V  [libjvm.so+0x1d4508]
V  [libjvm.so+0x3b402c]
V  [libjvm.so+0x20d7ec]
C  [java+0x2558]  JavaMain+0x88
C  [libpthread.so.0+0x596e]


---------------  P R O C E S S  ---------------

Java Threads: ( => current thread )

Other Threads:

=>0x09b7b000 (exited) JavaThread "Unknown thread" [_thread_in_vm, id=3382, stack(0xb76ae000,0xb76ff000)]

VM state:not at safepoint (not fully initialized)

VM Mutex/Monitor currently owned by a thread: None

Dynamic libraries:
00110000-00116000 r-xp 00000000 07:00 1178973    /lib/tls/i686/cmov/libnss_compat-2.11.1.so
00116000-00117000 r--p 00006000 07:00 1178973    /lib/tls/i686/cmov/libnss_compat-2.11.1.so
00117000-00118000 rw-p 00007000 07:00 1178973    /lib/tls/i686/cmov/libnss_compat-2.11.1.so
00118000-00122000 r-xp 00000000 07:00 1185749    /lib/tls/i686/cmov/libnss_files-2.11.1.so
00122000-00123000 r--p 00009000 07:00 1185749    /lib/tls/i686/cmov/libnss_files-2.11.1.so
00123000-00124000 rw-p 0000a000 07:00 1185749    /lib/tls/i686/cmov/libnss_files-2.11.1.so
00224000-0025a000 r-xp 00000000 07:00 296218     /usr/lib/jvm/java-6-openjdk/jre/lib/i386/libjdwp.so
0025a000-0025b000 r--p 00036000 07:00 296218     /usr/lib/jvm/java-6-openjdk/jre/lib/i386/libjdwp.so
0025b000-0025c000 rw-p 00037000 07:00 296218     /usr/lib/jvm/java-6-openjdk/jre/lib/i386/libjdwp.so
002b2000-002b9000 r-xp 00000000 07:00 297486     /usr/lib/jvm/java-6-openjdk/jre/lib/i386/native_threads/libhpi.so
002b9000-002ba000 r--p 00006000 07:00 297486     /usr/lib/jvm/java-6-openjdk/jre/lib/i386/native_threads/libhpi.so
002ba000-002bb000 rw-p 00007000 07:00 297486     /usr/lib/jvm/java-6-openjdk/jre/lib/i386/native_threads/libhpi.so
00341000-00494000 r-xp 00000000 07:00 1178954    /lib/tls/i686/cmov/libc-2.11.1.so
00494000-00495000 ---p 00153000 07:00 1178954    /lib/tls/i686/cmov/libc-2.11.1.so
00495000-00497000 r--p 00153000 07:00 1178954    /lib/tls/i686/cmov/libc-2.11.1.so
00497000-00498000 rw-p 00155000 07:00 1178954    /lib/tls/i686/cmov/libc-2.11.1.so
00498000-0049b000 rw-p 00000000 00:00 0 
00510000-00513000 r-xp 00000000 07:00 296230     /usr/lib/jvm/java-6-openjdk/jre/lib/i386/libnpt.so
00513000-00514000 r--p 00002000 07:00 296230     /usr/lib/jvm/java-6-openjdk/jre/lib/i386/libnpt.so
00514000-00515000 rw-p 00003000 07:00 296230     /usr/lib/jvm/java-6-openjdk/jre/lib/i386/libnpt.so
005cc000-005ce000 r-xp 00000000 07:00 1178962    /lib/tls/i686/cmov/libdl-2.11.1.so
005ce000-005cf000 r--p 00001000 07:00 1178962    /lib/tls/i686/cmov/libdl-2.11.1.so
005cf000-005d0000 rw-p 00002000 07:00 1178962    /lib/tls/i686/cmov/libdl-2.11.1.so
00633000-00657000 r-xp 00000000 07:00 296215     /usr/lib/jvm/java-6-openjdk/jre/lib/i386/libjava.so
00657000-00658000 r--p 00023000 07:00 296215     /usr/lib/jvm/java-6-openjdk/jre/lib/i386/libjava.so
00658000-0065a000 rw-p 00024000 07:00 296215     /usr/lib/jvm/java-6-openjdk/jre/lib/i386/libjava.so
006fb000-00702000 r-xp 00000000 07:00 1187385    /lib/tls/i686/cmov/librt-2.11.1.so
00702000-00703000 r--p 00006000 07:00 1187385    /lib/tls/i686/cmov/librt-2.11.1.so
00703000-00704000 rw-p 00007000 07:00 1187385    /lib/tls/i686/cmov/librt-2.11.1.so
0075f000-00772000 r-xp 00000000 07:00 1046726    /lib/libz.so.1.2.3.3
00772000-00773000 r--p 00012000 07:00 1046726    /lib/libz.so.1.2.3.3
00773000-00774000 rw-p 00013000 07:00 1046726    /lib/libz.so.1.2.3.3
007d0000-007dc000 r-xp 00000000 07:00 297484     /usr/lib/jvm/java-6-openjdk/jre/lib/i386/libverify.so
007dc000-007dd000 r--p 0000b000 07:00 297484     /usr/lib/jvm/java-6-openjdk/jre/lib/i386/libverify.so
007dd000-007de000 rw-p 0000c000 07:00 297484     /usr/lib/jvm/java-6-openjdk/jre/lib/i386/libverify.so
009f1000-00a04000 r-xp 00000000 07:00 1178971    /lib/tls/i686/cmov/libnsl-2.11.1.so
00a04000-00a05000 r--p 00012000 07:00 1178971    /lib/tls/i686/cmov/libnsl-2.11.1.so
00a05000-00a06000 rw-p 00013000 07:00 1178971    /lib/tls/i686/cmov/libnsl-2.11.1.so
00a06000-00a08000 rw-p 00000000 00:00 0 
00a70000-00a77000 r-xp 00000000 07:00 297485     /usr/lib/jvm/java-6-openjdk/jre/lib/i386/libzip.so
00a77000-00a78000 r--p 00006000 07:00 297485     /usr/lib/jvm/java-6-openjdk/jre/lib/i386/libzip.so
00a78000-00a79000 rw-p 00007000 07:00 297485     /usr/lib/jvm/java-6-openjdk/jre/lib/i386/libzip.so
00bac000-00bb4000 r-xp 00000000 07:00 1186548    /lib/tls/i686/cmov/libnss_nis-2.11.1.so
00bb4000-00bb5000 r--p 00007000 07:00 1186548    /lib/tls/i686/cmov/libnss_nis-2.11.1.so
00bb5000-00bb6000 rw-p 00008000 07:00 1186548    /lib/tls/i686/cmov/libnss_nis-2.11.1.so
00c8a000-00cae000 r-xp 00000000 07:00 1178966    /lib/tls/i686/cmov/libm-2.11.1.so
00cae000-00caf000 r--p 00023000 07:00 1178966    /lib/tls/i686/cmov/libm-2.11.1.so
00caf000-00cb0000 rw-p 00024000 07:00 1178966    /lib/tls/i686/cmov/libm-2.11.1.so
00d97000-00d98000 r-xp 00000000 00:00 0          [vdso]
00e53000-00e6e000 r-xp 00000000 07:00 1049733    /lib/ld-2.11.1.so
00e6e000-00e6f000 r--p 0001a000 07:00 1049733    /lib/ld-2.11.1.so
00e6f000-00e70000 rw-p 0001b000 07:00 1049733    /lib/ld-2.11.1.so
00ef3000-00f08000 r-xp 00000000 07:00 1187228    /lib/tls/i686/cmov/libpthread-2.11.1.so
00f08000-00f09000 r--p 00014000 07:00 1187228    /lib/tls/i686/cmov/libpthread-2.11.1.so
00f09000-00f0a000 rw-p 00015000 07:00 1187228    /lib/tls/i686/cmov/libpthread-2.11.1.so
00f0a000-00f0c000 rw-p 00000000 00:00 0 
00f51000-00f54000 r-xp 00000000 07:00 296200     /usr/lib/jvm/java-6-openjdk/jre/lib/i386/jli/libjli.so
00f54000-00f55000 r--p 00003000 07:00 296200     /usr/lib/jvm/java-6-openjdk/jre/lib/i386/jli/libjli.so
00f55000-00f56000 rw-p 00004000 07:00 296200     /usr/lib/jvm/java-6-openjdk/jre/lib/i386/jli/libjli.so
00f56000-0139d000 r-xp 00000000 07:00 296197     /usr/lib/jvm/java-6-openjdk/jre/lib/i386/client/libjvm.so
0139d000-0139e000 ---p 00447000 07:00 296197     /usr/lib/jvm/java-6-openjdk/jre/lib/i386/client/libjvm.so
0139e000-013b5000 r--p 00447000 07:00 296197     /usr/lib/jvm/java-6-openjdk/jre/lib/i386/client/libjvm.so
013b5000-013c2000 rw-p 0045e000 07:00 296197     /usr/lib/jvm/java-6-openjdk/jre/lib/i386/client/libjvm.so
013c2000-017de000 rw-p 00000000 00:00 0 
08048000-08051000 r-xp 00000000 07:00 297508     /usr/lib/jvm/java-6-openjdk/jre/bin/java
08051000-08052000 r--p 00008000 07:00 297508     /usr/lib/jvm/java-6-openjdk/jre/bin/java
08052000-08053000 rw-p 00009000 07:00 297508     /usr/lib/jvm/java-6-openjdk/jre/bin/java
09b6e000-09bd7000 rw-p 00000000 00:00 0          [heap]
92079000-920de000 r--s 004cb000 07:00 1459880    /home/yang/11_COMP41150/android/platforms/android-8/android.jar
920de000-920e5000 rw-p 00000000 00:00 0 
920e5000-920ff000 rw-p 00000000 00:00 0 
920ff000-92105000 rw-p 00000000 00:00 0 
92105000-921a6000 rw-p 00000000 00:00 0 
921a6000-921a9000 rw-p 00000000 00:00 0 
921a9000-921f9000 rw-p 00000000 00:00 0 
921f9000-921ff000 rw-p 00000000 00:00 0 
921ff000-9229f000 rw-p 00000000 00:00 0 
9229f000-922a5000 rw-p 00000000 00:00 0 
922a5000-922bf000 rw-p 00000000 00:00 0 
922bf000-927f0000 rw-p 00000000 00:00 0 
927f0000-9c8c0000 rw-p 00000000 00:00 0 
9c8c0000-9d320000 rw-p 00000000 00:00 0 
9d320000-b14c0000 rw-p 00000000 00:00 0 
b14c0000-b20c0000 rw-p 00000000 00:00 0 
b20c0000-b54c0000 rw-p 00000000 00:00 0 
b54c9000-b54ca000 rw-p 00000000 00:00 0 
b54ca000-b5549000 rw-p 00000000 00:00 0 
b5549000-b5579000 rwxp 00000000 00:00 0 
b5579000-b7549000 rw-p 00000000 00:00 0 
b7549000-b7551000 rw-s 00000000 07:00 702681     /tmp/hsperfdata_yang/3376
b7551000-b7590000 r--p 00000000 07:00 269798     /usr/lib/locale/en_GB.utf8/LC_CTYPE
b7590000-b76ae000 r--p 00000000 07:00 269394     /usr/lib/locale/en_GB.utf8/LC_COLLATE
b76ae000-b76b1000 ---p 00000000 00:00 0 
b76b1000-b7702000 rw-p 00000000 00:00 0 
b7703000-b7704000 r--p 00000000 07:00 269400     /usr/lib/locale/en_GB.utf8/LC_NUMERIC
b7704000-b7705000 r--p 00000000 07:00 269390     /usr/lib/locale/en_GB.utf8/LC_TIME
b7705000-b7706000 r--p 00000000 07:00 277530     /usr/lib/locale/en_GB.utf8/LC_MONETARY
b7706000-b7707000 r--p 00000000 07:00 269404     /usr/lib/locale/en_GB.utf8/LC_MESSAGES/SYS_LC_MESSAGES
b7707000-b7708000 r--p 00000000 07:00 269804     /usr/lib/locale/en_GB.utf8/LC_PAPER
b7708000-b7709000 r--p 00000000 07:00 269386     /usr/lib/locale/en_GB.utf8/LC_NAME
b7709000-b770a000 r--p 00000000 07:00 277531     /usr/lib/locale/en_GB.utf8/LC_ADDRESS
b770a000-b770b000 r--p 00000000 07:00 277532     /usr/lib/locale/en_GB.utf8/LC_TELEPHONE
b770b000-b770c000 r--p 00000000 07:00 269800     /usr/lib/locale/en_GB.utf8/LC_MEASUREMENT
b770c000-b7713000 r--s 00000000 07:00 266844     /usr/lib/gconv/gconv-modules.cache
b7713000-b7714000 r--p 00000000 07:00 277533     /usr/lib/locale/en_GB.utf8/LC_IDENTIFICATION
b7714000-b7715000 rw-p 00000000 00:00 0 
b7715000-b7716000 r--p 00000000 00:00 0 
b7716000-b7718000 rw-p 00000000 00:00 0 
bf903000-bf918000 rw-p 00000000 00:00 0          [stack]

VM Arguments:
jvm_args: -agentlib:jdwp=transport=dt_socket,suspend=y,address=localhost:42656 -Dfile.encoding=UTF-8 -Xbootclasspath:/home/yang/11_COMP41150/android/platforms/android-8/android.jar 
java_command: org.apache.http.examples.client.ClientWithResponseHandler
Launcher Type: SUN_STANDARD

Environment Variables:
JAVA_HOME=/home/yang/tools/jdk1.6.0_22
CLASSPATH=.:/home/yang/tools/jdk1.6.0_22/lib:/home/yang/workspace/JavaWork/libs/jmdns.jar
PATH=/usr/local/sbin:/usr/local/bin:/usr/sbin:/usr/bin:/sbin:/bin:/usr/games:/home/yang/tools/jdk1.6.0_22/bin
USERNAME=yang
LD_LIBRARY_PATH=/usr/lib/jvm/java-6-openjdk/jre/lib/i386/client:/usr/lib/jvm/java-6-openjdk/jre/lib/i386:/usr/lib/jvm/java-6-openjdk/jre/../lib/i386:/usr/lib/jvm/java-6-openjdk/jre/lib/i386/client:/usr/lib/jvm/java-6-openjdk/jre/lib/i386:/usr/lib/xulrunner-addons:/usr/lib/xulrunner-addons
SHELL=/bin/bash
DISPLAY=:0.0

Signal Handlers:
SIGSEGV: [libjvm.so+0x3df710], sa_mask[0]=0x7ffbfeff, sa_flags=0x10000004
SIGBUS: [libjvm.so+0x3df710], sa_mask[0]=0x7ffbfeff, sa_flags=0x10000004
SIGFPE: [libjvm.so+0x305780], sa_mask[0]=0x7ffbfeff, sa_flags=0x10000004
SIGPIPE: [libjvm.so+0x305780], sa_mask[0]=0x7ffbfeff, sa_flags=0x10000004
SIGXFSZ: [libjvm.so+0x305780], sa_mask[0]=0x7ffbfeff, sa_flags=0x10000004
SIGILL: [libjvm.so+0x305780], sa_mask[0]=0x7ffbfeff, sa_flags=0x10000004
SIGUSR1: SIG_DFL, sa_mask[0]=0x00000000, sa_flags=0x00000000
SIGUSR2: [libjvm.so+0x304e30], sa_mask[0]=0x00000004, sa_flags=0x10000004
SIGHUP: SIG_DFL, sa_mask[0]=0x00000000, sa_flags=0x00000000
SIGINT: SIG_DFL, sa_mask[0]=0x00000000, sa_flags=0x00000000
SIGTERM: SIG_DFL, sa_mask[0]=0x00000000, sa_flags=0x00000000
SIGQUIT: SIG_DFL, sa_mask[0]=0x00000000, sa_flags=0x00000000


---------------  S Y S T E M  ---------------

OS:Ubuntu 10.04 (lucid)
uname:Linux 2.6.32-27-generic #49-Ubuntu SMP Wed Dec 1 23:52:12 UTC 2010 i686
libc:glibc 2.11.1 NPTL 2.11.1 
rlimit: STACK 8192k, CORE 0k, NPROC infinity, NOFILE 1024, AS infinity
load average:1.20 0.96 0.90

/proc/meminfo:
MemTotal:        1016708 kB
MemFree:           16568 kB
Buffers:          113092 kB
Cached:           292124 kB
SwapCached:        11720 kB
Active:           396532 kB
Inactive:         546236 kB
Active(anon):     274636 kB
Inactive(anon):   359532 kB
Active(file):     121896 kB
Inactive(file):   186704 kB
Unevictable:        2076 kB
Mlocked:              16 kB
HighTotal:        129416 kB
HighFree:            564 kB
LowTotal:         887292 kB
LowFree:           16004 kB
SwapTotal:        261112 kB
SwapFree:         151804 kB
Dirty:              1128 kB
Writeback:             0 kB
AnonPages:        530656 kB
Mapped:            71448 kB
Shmem:             94516 kB
Slab:              22168 kB
SReclaimable:       9344 kB
SUnreclaim:        12824 kB
KernelStack:        2496 kB
PageTables:         6264 kB
NFS_Unstable:          0 kB
Bounce:                0 kB
WritebackTmp:          0 kB
CommitLimit:      769464 kB
Committed_AS:    1559816 kB
VmallocTotal:     122880 kB
VmallocUsed:       26968 kB
VmallocChunk:      85312 kB
HardwareCorrupted:     0 kB
HugePages_Total:       0
HugePages_Free:        0
HugePages_Rsvd:        0
HugePages_Surp:        0
Hugepagesize:       4096 kB
DirectMap4k:       24568 kB
DirectMap4M:      884736 kB


CPU:total 2 (2 cores per cpu, 1 threads per core) family 6 model 15 stepping 2, cmov, cx8, fxsr, mmx, sse, sse2, sse3, ssse3

Memory: 4k page, physical 1016708k(16568k free), swap 261112k(151804k free)

vm_info: OpenJDK Client VM (19.0-b09) for linux-x86 JRE (1.6.0_20-b20), built on Nov 25 2010 19:44:27 by "buildd" with gcc 4.4.3

time: Mon Jan  3 23:52:19 2011
elapsed time: 0 seconds

