#
# A fatal error has been detected by the Java Runtime Environment:
#
#  Internal Error (classFileParser.cpp:3375), pid=4399, tid=3078339440
#  Error: ShouldNotReachHere()
#
# JRE version: 6.0_20-b20
# Java VM: OpenJDK Client VM (19.0-b09 mixed mode linux-x86 )
# Derivative: IcedTea6 1.9.2
# Distribution: Ubuntu 10.04.1 LTS, package 6b20-1.9.2-0ubuntu1~10.04.1
# If you would like to submit a bug report, please include
# instructions how to reproduce the bug and visit:
#   https://bugs.launchpad.net/ubuntu/+source/openjdk-6/
#

---------------  T H R E A D  ---------------

Current thread (0x097b5000):  JavaThread "Unknown thread" [_thread_in_vm, id=4401, stack(0xb776b000,0xb77bc000)]

Stack: [0xb776b000,0xb77bc000],  sp=0xb77ba7e0,  free space=317k
Native frames: (J=compiled Java code, j=interpreted, Vv=VM code, C=native code)
V  [libjvm.so+0x3deb07]
V  [libjvm.so+0x3ded51]
V  [libjvm.so+0x17376e]
V  [libjvm.so+0x1737e9]
V  [libjvm.so+0x11c606]
V  [libjvm.so+0x11f88b]
V  [libjvm.so+0x389419]
V  [libjvm.so+0x389d62]
V  [libjvm.so+0x38a134]
V  [libjvm.so+0x38a1d0]
V  [libjvm.so+0x38a26a]
V  [libjvm.so+0x38a2f5]
V  [libjvm.so+0x38a356]
V  [libjvm.so+0x38a433]
V  [libjvm.so+0x38a729]
V  [libjvm.so+0x3bfaff]
V  [libjvm.so+0x3c050c]
V  [libjvm.so+0x1d4508]
V  [libjvm.so+0x3b402c]
V  [libjvm.so+0x20d7ec]
C  [java+0x2558]  JavaMain+0x88
C  [libpthread.so.0+0x596e]


---------------  P R O C E S S  ---------------

Java Threads: ( => current thread )

Other Threads:

=>0x097b5000 (exited) JavaThread "Unknown thread" [_thread_in_vm, id=4401, stack(0xb776b000,0xb77bc000)]

VM state:not at safepoint (not fully initialized)

VM Mutex/Monitor currently owned by a thread: None

Dynamic libraries:
00110000-00123000 r-xp 00000000 07:00 1046726    /lib/libz.so.1.2.3.3
00123000-00124000 r--p 00012000 07:00 1046726    /lib/libz.so.1.2.3.3
00124000-00125000 rw-p 00013000 07:00 1046726    /lib/libz.so.1.2.3.3
00125000-00127000 r-xp 00000000 07:00 1178962    /lib/tls/i686/cmov/libdl-2.11.1.so
00127000-00128000 r--p 00001000 07:00 1178962    /lib/tls/i686/cmov/libdl-2.11.1.so
00128000-00129000 rw-p 00002000 07:00 1178962    /lib/tls/i686/cmov/libdl-2.11.1.so
00129000-00131000 r-xp 00000000 07:00 1186548    /lib/tls/i686/cmov/libnss_nis-2.11.1.so
00131000-00132000 r--p 00007000 07:00 1186548    /lib/tls/i686/cmov/libnss_nis-2.11.1.so
00132000-00133000 rw-p 00008000 07:00 1186548    /lib/tls/i686/cmov/libnss_nis-2.11.1.so
0015d000-00172000 r-xp 00000000 07:00 1187228    /lib/tls/i686/cmov/libpthread-2.11.1.so
00172000-00173000 r--p 00014000 07:00 1187228    /lib/tls/i686/cmov/libpthread-2.11.1.so
00173000-00174000 rw-p 00015000 07:00 1187228    /lib/tls/i686/cmov/libpthread-2.11.1.so
00174000-00176000 rw-p 00000000 00:00 0 
00176000-002c9000 r-xp 00000000 07:00 1178954    /lib/tls/i686/cmov/libc-2.11.1.so
002c9000-002ca000 ---p 00153000 07:00 1178954    /lib/tls/i686/cmov/libc-2.11.1.so
002ca000-002cc000 r--p 00153000 07:00 1178954    /lib/tls/i686/cmov/libc-2.11.1.so
002cc000-002cd000 rw-p 00155000 07:00 1178954    /lib/tls/i686/cmov/libc-2.11.1.so
002cd000-002d0000 rw-p 00000000 00:00 0 
002d0000-00306000 r-xp 00000000 07:00 296218     /usr/lib/jvm/java-6-openjdk/jre/lib/i386/libjdwp.so
00306000-00307000 r--p 00036000 07:00 296218     /usr/lib/jvm/java-6-openjdk/jre/lib/i386/libjdwp.so
00307000-00308000 rw-p 00037000 07:00 296218     /usr/lib/jvm/java-6-openjdk/jre/lib/i386/libjdwp.so
0039a000-003b5000 r-xp 00000000 07:00 1049733    /lib/ld-2.11.1.so
003b5000-003b6000 r--p 0001a000 07:00 1049733    /lib/ld-2.11.1.so
003b6000-003b7000 rw-p 0001b000 07:00 1049733    /lib/ld-2.11.1.so
003c4000-003c7000 r-xp 00000000 07:00 296230     /usr/lib/jvm/java-6-openjdk/jre/lib/i386/libnpt.so
003c7000-003c8000 r--p 00002000 07:00 296230     /usr/lib/jvm/java-6-openjdk/jre/lib/i386/libnpt.so
003c8000-003c9000 rw-p 00003000 07:00 296230     /usr/lib/jvm/java-6-openjdk/jre/lib/i386/libnpt.so
0041a000-0043e000 r-xp 00000000 07:00 296215     /usr/lib/jvm/java-6-openjdk/jre/lib/i386/libjava.so
0043e000-0043f000 r--p 00023000 07:00 296215     /usr/lib/jvm/java-6-openjdk/jre/lib/i386/libjava.so
0043f000-00441000 rw-p 00024000 07:00 296215     /usr/lib/jvm/java-6-openjdk/jre/lib/i386/libjava.so
00479000-0048c000 r-xp 00000000 07:00 1178971    /lib/tls/i686/cmov/libnsl-2.11.1.so
0048c000-0048d000 r--p 00012000 07:00 1178971    /lib/tls/i686/cmov/libnsl-2.11.1.so
0048d000-0048e000 rw-p 00013000 07:00 1178971    /lib/tls/i686/cmov/libnsl-2.11.1.so
0048e000-00490000 rw-p 00000000 00:00 0 
0052c000-00532000 r-xp 00000000 07:00 1178973    /lib/tls/i686/cmov/libnss_compat-2.11.1.so
00532000-00533000 r--p 00006000 07:00 1178973    /lib/tls/i686/cmov/libnss_compat-2.11.1.so
00533000-00534000 rw-p 00007000 07:00 1178973    /lib/tls/i686/cmov/libnss_compat-2.11.1.so
00560000-00584000 r-xp 00000000 07:00 1178966    /lib/tls/i686/cmov/libm-2.11.1.so
00584000-00585000 r--p 00023000 07:00 1178966    /lib/tls/i686/cmov/libm-2.11.1.so
00585000-00586000 rw-p 00024000 07:00 1178966    /lib/tls/i686/cmov/libm-2.11.1.so
00697000-006a1000 r-xp 00000000 07:00 1185749    /lib/tls/i686/cmov/libnss_files-2.11.1.so
006a1000-006a2000 r--p 00009000 07:00 1185749    /lib/tls/i686/cmov/libnss_files-2.11.1.so
006a2000-006a3000 rw-p 0000a000 07:00 1185749    /lib/tls/i686/cmov/libnss_files-2.11.1.so
0081f000-00826000 r-xp 00000000 07:00 1187385    /lib/tls/i686/cmov/librt-2.11.1.so
00826000-00827000 r--p 00006000 07:00 1187385    /lib/tls/i686/cmov/librt-2.11.1.so
00827000-00828000 rw-p 00007000 07:00 1187385    /lib/tls/i686/cmov/librt-2.11.1.so
00950000-00953000 r-xp 00000000 07:00 296200     /usr/lib/jvm/java-6-openjdk/jre/lib/i386/jli/libjli.so
00953000-00954000 r--p 00003000 07:00 296200     /usr/lib/jvm/java-6-openjdk/jre/lib/i386/jli/libjli.so
00954000-00955000 rw-p 00004000 07:00 296200     /usr/lib/jvm/java-6-openjdk/jre/lib/i386/jli/libjli.so
00ba2000-00ba9000 r-xp 00000000 07:00 297486     /usr/lib/jvm/java-6-openjdk/jre/lib/i386/native_threads/libhpi.so
00ba9000-00baa000 r--p 00006000 07:00 297486     /usr/lib/jvm/java-6-openjdk/jre/lib/i386/native_threads/libhpi.so
00baa000-00bab000 rw-p 00007000 07:00 297486     /usr/lib/jvm/java-6-openjdk/jre/lib/i386/native_threads/libhpi.so
00bc8000-00bcf000 r-xp 00000000 07:00 297485     /usr/lib/jvm/java-6-openjdk/jre/lib/i386/libzip.so
00bcf000-00bd0000 r--p 00006000 07:00 297485     /usr/lib/jvm/java-6-openjdk/jre/lib/i386/libzip.so
00bd0000-00bd1000 rw-p 00007000 07:00 297485     /usr/lib/jvm/java-6-openjdk/jre/lib/i386/libzip.so
00caa000-00cb6000 r-xp 00000000 07:00 297484     /usr/lib/jvm/java-6-openjdk/jre/lib/i386/libverify.so
00cb6000-00cb7000 r--p 0000b000 07:00 297484     /usr/lib/jvm/java-6-openjdk/jre/lib/i386/libverify.so
00cb7000-00cb8000 rw-p 0000c000 07:00 297484     /usr/lib/jvm/java-6-openjdk/jre/lib/i386/libverify.so
00d36000-00d37000 r-xp 00000000 00:00 0          [vdso]
00d37000-0117e000 r-xp 00000000 07:00 296197     /usr/lib/jvm/java-6-openjdk/jre/lib/i386/client/libjvm.so
0117e000-0117f000 ---p 00447000 07:00 296197     /usr/lib/jvm/java-6-openjdk/jre/lib/i386/client/libjvm.so
0117f000-01196000 r--p 00447000 07:00 296197     /usr/lib/jvm/java-6-openjdk/jre/lib/i386/client/libjvm.so
01196000-011a3000 rw-p 0045e000 07:00 296197     /usr/lib/jvm/java-6-openjdk/jre/lib/i386/client/libjvm.so
011a3000-015bf000 rw-p 00000000 00:00 0 
08048000-08051000 r-xp 00000000 07:00 297508     /usr/lib/jvm/java-6-openjdk/jre/bin/java
08051000-08052000 r--p 00008000 07:00 297508     /usr/lib/jvm/java-6-openjdk/jre/bin/java
08052000-08053000 rw-p 00009000 07:00 297508     /usr/lib/jvm/java-6-openjdk/jre/bin/java
097a8000-09811000 rw-p 00000000 00:00 0          [heap]
92139000-9219e000 r--s 004cb000 07:00 1459880    /home/yang/11_COMP41150/android/platforms/android-8/android.jar
9219e000-921a5000 rw-p 00000000 00:00 0 
921a5000-921bf000 rw-p 00000000 00:00 0 
921bf000-921c5000 rw-p 00000000 00:00 0 
921c5000-92266000 rw-p 00000000 00:00 0 
92266000-92269000 rw-p 00000000 00:00 0 
92269000-922b9000 rw-p 00000000 00:00 0 
922b9000-922bf000 rw-p 00000000 00:00 0 
922bf000-9235f000 rw-p 00000000 00:00 0 
9235f000-92365000 rw-p 00000000 00:00 0 
92365000-9237f000 rw-p 00000000 00:00 0 
9237f000-928b0000 rw-p 00000000 00:00 0 
928b0000-9c980000 rw-p 00000000 00:00 0 
9c980000-9d3e0000 rw-p 00000000 00:00 0 
9d3e0000-b1580000 rw-p 00000000 00:00 0 
b1580000-b2180000 rw-p 00000000 00:00 0 
b2180000-b5580000 rw-p 00000000 00:00 0 
b5586000-b5587000 rw-p 00000000 00:00 0 
b5587000-b5606000 rw-p 00000000 00:00 0 
b5606000-b5636000 rwxp 00000000 00:00 0 
b5636000-b7606000 rw-p 00000000 00:00 0 
b7606000-b760e000 rw-s 00000000 07:00 702632     /tmp/hsperfdata_yang/4399
b760e000-b764d000 r--p 00000000 07:00 269798     /usr/lib/locale/en_GB.utf8/LC_CTYPE
b764d000-b776b000 r--p 00000000 07:00 269394     /usr/lib/locale/en_GB.utf8/LC_COLLATE
b776b000-b776e000 ---p 00000000 00:00 0 
b776e000-b77bf000 rw-p 00000000 00:00 0 
b77c0000-b77c1000 r--p 00000000 07:00 269400     /usr/lib/locale/en_GB.utf8/LC_NUMERIC
b77c1000-b77c2000 r--p 00000000 07:00 269390     /usr/lib/locale/en_GB.utf8/LC_TIME
b77c2000-b77c3000 r--p 00000000 07:00 277530     /usr/lib/locale/en_GB.utf8/LC_MONETARY
b77c3000-b77c4000 r--p 00000000 07:00 269404     /usr/lib/locale/en_GB.utf8/LC_MESSAGES/SYS_LC_MESSAGES
b77c4000-b77c5000 r--p 00000000 07:00 269804     /usr/lib/locale/en_GB.utf8/LC_PAPER
b77c5000-b77c6000 r--p 00000000 07:00 269386     /usr/lib/locale/en_GB.utf8/LC_NAME
b77c6000-b77c7000 r--p 00000000 07:00 277531     /usr/lib/locale/en_GB.utf8/LC_ADDRESS
b77c7000-b77c8000 r--p 00000000 07:00 277532     /usr/lib/locale/en_GB.utf8/LC_TELEPHONE
b77c8000-b77c9000 r--p 00000000 07:00 269800     /usr/lib/locale/en_GB.utf8/LC_MEASUREMENT
b77c9000-b77d0000 r--s 00000000 07:00 266844     /usr/lib/gconv/gconv-modules.cache
b77d0000-b77d1000 r--p 00000000 07:00 277533     /usr/lib/locale/en_GB.utf8/LC_IDENTIFICATION
b77d1000-b77d2000 rw-p 00000000 00:00 0 
b77d2000-b77d3000 r--p 00000000 00:00 0 
b77d3000-b77d5000 rw-p 00000000 00:00 0 
bfbf1000-bfc06000 rw-p 00000000 00:00 0          [stack]

VM Arguments:
jvm_args: -agentlib:jdwp=transport=dt_socket,suspend=y,address=localhost:46730 -Dfile.encoding=UTF-8 -Xbootclasspath:/home/yang/11_COMP41150/android/platforms/android-8/android.jar 
java_command: my.webtext.ClientWithResponseHandler
Launcher Type: SUN_STANDARD

Environment Variables:
JAVA_HOME=/home/yang/tools/jdk1.6.0_22
CLASSPATH=.:/home/yang/tools/jdk1.6.0_22/lib:/home/yang/workspace/JavaWork/libs/jmdns.jar
PATH=/usr/local/sbin:/usr/local/bin:/usr/sbin:/usr/bin:/sbin:/bin:/usr/games:/home/yang/tools/jdk1.6.0_22/bin
USERNAME=yang
LD_LIBRARY_PATH=/usr/lib/jvm/java-6-openjdk/jre/lib/i386/client:/usr/lib/jvm/java-6-openjdk/jre/lib/i386:/usr/lib/jvm/java-6-openjdk/jre/../lib/i386:/usr/lib/jvm/java-6-openjdk/jre/lib/i386/client:/usr/lib/jvm/java-6-openjdk/jre/lib/i386:/usr/lib/xulrunner-addons:/usr/lib/xulrunner-addons
SHELL=/bin/bash
DISPLAY=:0.0

Signal Handlers:
SIGSEGV: [libjvm.so+0x3df710], sa_mask[0]=0x7ffbfeff, sa_flags=0x10000004
SIGBUS: [libjvm.so+0x3df710], sa_mask[0]=0x7ffbfeff, sa_flags=0x10000004
SIGFPE: [libjvm.so+0x305780], sa_mask[0]=0x7ffbfeff, sa_flags=0x10000004
SIGPIPE: [libjvm.so+0x305780], sa_mask[0]=0x7ffbfeff, sa_flags=0x10000004
SIGXFSZ: [libjvm.so+0x305780], sa_mask[0]=0x7ffbfeff, sa_flags=0x10000004
SIGILL: [libjvm.so+0x305780], sa_mask[0]=0x7ffbfeff, sa_flags=0x10000004
SIGUSR1: SIG_DFL, sa_mask[0]=0x00000000, sa_flags=0x00000000
SIGUSR2: [libjvm.so+0x304e30], sa_mask[0]=0x00000004, sa_flags=0x10000004
SIGHUP: SIG_DFL, sa_mask[0]=0x00000000, sa_flags=0x00000000
SIGINT: SIG_DFL, sa_mask[0]=0x00000000, sa_flags=0x00000000
SIGTERM: SIG_DFL, sa_mask[0]=0x00000000, sa_flags=0x00000000
SIGQUIT: SIG_DFL, sa_mask[0]=0x00000000, sa_flags=0x00000000


---------------  S Y S T E M  ---------------

OS:Ubuntu 10.04 (lucid)
uname:Linux 2.6.32-27-generic #49-Ubuntu SMP Wed Dec 1 23:52:12 UTC 2010 i686
libc:glibc 2.11.1 NPTL 2.11.1 
rlimit: STACK 8192k, CORE 0k, NPROC infinity, NOFILE 1024, AS infinity
load average:0.67 0.47 0.46

/proc/meminfo:
MemTotal:        1016708 kB
MemFree:           13712 kB
Buffers:          241328 kB
Cached:           406924 kB
SwapCached:        20216 kB
Active:           351344 kB
Inactive:         589908 kB
Active(anon):     179684 kB
Inactive(anon):   192320 kB
Active(file):     171660 kB
Inactive(file):   397588 kB
Unevictable:        2076 kB
Mlocked:              16 kB
HighTotal:        129416 kB
HighFree:            248 kB
LowTotal:         887292 kB
LowFree:           13464 kB
SwapTotal:        261112 kB
SwapFree:         158000 kB
Dirty:              1584 kB
Writeback:             0 kB
AnonPages:        279796 kB
Mapped:            67220 kB
Shmem:             76944 kB
Slab:              28380 kB
SReclaimable:      15688 kB
SUnreclaim:        12692 kB
KernelStack:        2272 kB
PageTables:         5396 kB
NFS_Unstable:          0 kB
Bounce:                0 kB
WritebackTmp:          0 kB
CommitLimit:      769464 kB
Committed_AS:    1104216 kB
VmallocTotal:     122880 kB
VmallocUsed:       26968 kB
VmallocChunk:      85312 kB
HardwareCorrupted:     0 kB
HugePages_Total:       0
HugePages_Free:        0
HugePages_Rsvd:        0
HugePages_Surp:        0
Hugepagesize:       4096 kB
DirectMap4k:       24568 kB
DirectMap4M:      884736 kB


CPU:total 2 (2 cores per cpu, 1 threads per core) family 6 model 15 stepping 2, cmov, cx8, fxsr, mmx, sse, sse2, sse3, ssse3

Memory: 4k page, physical 1016708k(13712k free), swap 261112k(158000k free)

vm_info: OpenJDK Client VM (19.0-b09) for linux-x86 JRE (1.6.0_20-b20), built on Nov 25 2010 19:44:27 by "buildd" with gcc 4.4.3

time: Tue Jan  4 00:31:30 2011
elapsed time: 0 seconds

