#
# A fatal error has been detected by the Java Runtime Environment:
#
#  Internal Error (classFileParser.cpp:3375), pid=4535, tid=3078081392
#  Error: ShouldNotReachHere()
#
# JRE version: 6.0_20-b20
# Java VM: OpenJDK Client VM (19.0-b09 mixed mode linux-x86 )
# Derivative: IcedTea6 1.9.2
# Distribution: Ubuntu 10.04.1 LTS, package 6b20-1.9.2-0ubuntu1~10.04.1
# If you would like to submit a bug report, please include
# instructions how to reproduce the bug and visit:
#   https://bugs.launchpad.net/ubuntu/+source/openjdk-6/
#

---------------  T H R E A D  ---------------

Current thread (0x096d3400):  JavaThread "Unknown thread" [_thread_in_vm, id=4540, stack(0xb772c000,0xb777d000)]

Stack: [0xb772c000,0xb777d000],  sp=0xb777b7e0,  free space=317k
Native frames: (J=compiled Java code, j=interpreted, Vv=VM code, C=native code)
V  [libjvm.so+0x3deb07]
V  [libjvm.so+0x3ded51]
V  [libjvm.so+0x17376e]
V  [libjvm.so+0x1737e9]
V  [libjvm.so+0x11c606]
V  [libjvm.so+0x11f88b]
V  [libjvm.so+0x389419]
V  [libjvm.so+0x389d62]
V  [libjvm.so+0x38a134]
V  [libjvm.so+0x38a1d0]
V  [libjvm.so+0x38a26a]
V  [libjvm.so+0x38a2f5]
V  [libjvm.so+0x38a356]
V  [libjvm.so+0x38a433]
V  [libjvm.so+0x38a729]
V  [libjvm.so+0x3bfaff]
V  [libjvm.so+0x3c050c]
V  [libjvm.so+0x1d4508]
V  [libjvm.so+0x3b402c]
V  [libjvm.so+0x20d7ec]
C  [java+0x2558]  JavaMain+0x88
C  [libpthread.so.0+0x596e]


---------------  P R O C E S S  ---------------

Java Threads: ( => current thread )

Other Threads:

=>0x096d3400 (exited) JavaThread "Unknown thread" [_thread_in_vm, id=4540, stack(0xb772c000,0xb777d000)]

VM state:not at safepoint (not fully initialized)

VM Mutex/Monitor currently owned by a thread: None

Dynamic libraries:
00113000-0011a000 r-xp 00000000 07:00 297486     /usr/lib/jvm/java-6-openjdk/jre/lib/i386/native_threads/libhpi.so
0011a000-0011b000 r--p 00006000 07:00 297486     /usr/lib/jvm/java-6-openjdk/jre/lib/i386/native_threads/libhpi.so
0011b000-0011c000 rw-p 00007000 07:00 297486     /usr/lib/jvm/java-6-openjdk/jre/lib/i386/native_threads/libhpi.so
0011c000-00122000 r-xp 00000000 07:00 1178973    /lib/tls/i686/cmov/libnss_compat-2.11.1.so
00122000-00123000 r--p 00006000 07:00 1178973    /lib/tls/i686/cmov/libnss_compat-2.11.1.so
00123000-00124000 rw-p 00007000 07:00 1178973    /lib/tls/i686/cmov/libnss_compat-2.11.1.so
00136000-0015a000 r-xp 00000000 07:00 1178966    /lib/tls/i686/cmov/libm-2.11.1.so
0015a000-0015b000 r--p 00023000 07:00 1178966    /lib/tls/i686/cmov/libm-2.11.1.so
0015b000-0015c000 rw-p 00024000 07:00 1178966    /lib/tls/i686/cmov/libm-2.11.1.so
002f9000-002fb000 r-xp 00000000 07:00 1178962    /lib/tls/i686/cmov/libdl-2.11.1.so
002fb000-002fc000 r--p 00001000 07:00 1178962    /lib/tls/i686/cmov/libdl-2.11.1.so
002fc000-002fd000 rw-p 00002000 07:00 1178962    /lib/tls/i686/cmov/libdl-2.11.1.so
00400000-00424000 r-xp 00000000 07:00 296215     /usr/lib/jvm/java-6-openjdk/jre/lib/i386/libjava.so
00424000-00425000 r--p 00023000 07:00 296215     /usr/lib/jvm/java-6-openjdk/jre/lib/i386/libjava.so
00425000-00427000 rw-p 00024000 07:00 296215     /usr/lib/jvm/java-6-openjdk/jre/lib/i386/libjava.so
004a1000-004b4000 r-xp 00000000 07:00 1178971    /lib/tls/i686/cmov/libnsl-2.11.1.so
004b4000-004b5000 r--p 00012000 07:00 1178971    /lib/tls/i686/cmov/libnsl-2.11.1.so
004b5000-004b6000 rw-p 00013000 07:00 1178971    /lib/tls/i686/cmov/libnsl-2.11.1.so
004b6000-004b8000 rw-p 00000000 00:00 0 
0053b000-00545000 r-xp 00000000 07:00 1185749    /lib/tls/i686/cmov/libnss_files-2.11.1.so
00545000-00546000 r--p 00009000 07:00 1185749    /lib/tls/i686/cmov/libnss_files-2.11.1.so
00546000-00547000 rw-p 0000a000 07:00 1185749    /lib/tls/i686/cmov/libnss_files-2.11.1.so
006b5000-006c8000 r-xp 00000000 07:00 1046726    /lib/libz.so.1.2.3.3
006c8000-006c9000 r--p 00012000 07:00 1046726    /lib/libz.so.1.2.3.3
006c9000-006ca000 rw-p 00013000 07:00 1046726    /lib/libz.so.1.2.3.3
00739000-0073a000 r-xp 00000000 00:00 0          [vdso]
00790000-007ab000 r-xp 00000000 07:00 1049733    /lib/ld-2.11.1.so
007ab000-007ac000 r--p 0001a000 07:00 1049733    /lib/ld-2.11.1.so
007ac000-007ad000 rw-p 0001b000 07:00 1049733    /lib/ld-2.11.1.so
007b2000-007c7000 r-xp 00000000 07:00 1187228    /lib/tls/i686/cmov/libpthread-2.11.1.so
007c7000-007c8000 r--p 00014000 07:00 1187228    /lib/tls/i686/cmov/libpthread-2.11.1.so
007c8000-007c9000 rw-p 00015000 07:00 1187228    /lib/tls/i686/cmov/libpthread-2.11.1.so
007c9000-007cb000 rw-p 00000000 00:00 0 
008c5000-008cc000 r-xp 00000000 07:00 297485     /usr/lib/jvm/java-6-openjdk/jre/lib/i386/libzip.so
008cc000-008cd000 r--p 00006000 07:00 297485     /usr/lib/jvm/java-6-openjdk/jre/lib/i386/libzip.so
008cd000-008ce000 rw-p 00007000 07:00 297485     /usr/lib/jvm/java-6-openjdk/jre/lib/i386/libzip.so
00924000-00930000 r-xp 00000000 07:00 297484     /usr/lib/jvm/java-6-openjdk/jre/lib/i386/libverify.so
00930000-00931000 r--p 0000b000 07:00 297484     /usr/lib/jvm/java-6-openjdk/jre/lib/i386/libverify.so
00931000-00932000 rw-p 0000c000 07:00 297484     /usr/lib/jvm/java-6-openjdk/jre/lib/i386/libverify.so
00933000-0093a000 r-xp 00000000 07:00 1187385    /lib/tls/i686/cmov/librt-2.11.1.so
0093a000-0093b000 r--p 00006000 07:00 1187385    /lib/tls/i686/cmov/librt-2.11.1.so
0093b000-0093c000 rw-p 00007000 07:00 1187385    /lib/tls/i686/cmov/librt-2.11.1.so
00b58000-00cab000 r-xp 00000000 07:00 1178954    /lib/tls/i686/cmov/libc-2.11.1.so
00cab000-00cac000 ---p 00153000 07:00 1178954    /lib/tls/i686/cmov/libc-2.11.1.so
00cac000-00cae000 r--p 00153000 07:00 1178954    /lib/tls/i686/cmov/libc-2.11.1.so
00cae000-00caf000 rw-p 00155000 07:00 1178954    /lib/tls/i686/cmov/libc-2.11.1.so
00caf000-00cb2000 rw-p 00000000 00:00 0 
00dc0000-00dc8000 r-xp 00000000 07:00 1186548    /lib/tls/i686/cmov/libnss_nis-2.11.1.so
00dc8000-00dc9000 r--p 00007000 07:00 1186548    /lib/tls/i686/cmov/libnss_nis-2.11.1.so
00dc9000-00dca000 rw-p 00008000 07:00 1186548    /lib/tls/i686/cmov/libnss_nis-2.11.1.so
00e63000-00e66000 r-xp 00000000 07:00 296200     /usr/lib/jvm/java-6-openjdk/jre/lib/i386/jli/libjli.so
00e66000-00e67000 r--p 00003000 07:00 296200     /usr/lib/jvm/java-6-openjdk/jre/lib/i386/jli/libjli.so
00e67000-00e68000 rw-p 00004000 07:00 296200     /usr/lib/jvm/java-6-openjdk/jre/lib/i386/jli/libjli.so
00e68000-012af000 r-xp 00000000 07:00 296197     /usr/lib/jvm/java-6-openjdk/jre/lib/i386/client/libjvm.so
012af000-012b0000 ---p 00447000 07:00 296197     /usr/lib/jvm/java-6-openjdk/jre/lib/i386/client/libjvm.so
012b0000-012c7000 r--p 00447000 07:00 296197     /usr/lib/jvm/java-6-openjdk/jre/lib/i386/client/libjvm.so
012c7000-012d4000 rw-p 0045e000 07:00 296197     /usr/lib/jvm/java-6-openjdk/jre/lib/i386/client/libjvm.so
012d4000-016f0000 rw-p 00000000 00:00 0 
08048000-08051000 r-xp 00000000 07:00 297508     /usr/lib/jvm/java-6-openjdk/jre/bin/java
08051000-08052000 r--p 00008000 07:00 297508     /usr/lib/jvm/java-6-openjdk/jre/bin/java
08052000-08053000 rw-p 00009000 07:00 297508     /usr/lib/jvm/java-6-openjdk/jre/bin/java
096cd000-09730000 rw-p 00000000 00:00 0          [heap]
92259000-922be000 r--s 004cb000 07:00 1459880    /home/yang/11_COMP41150/android/platforms/android-8/android.jar
922be000-922c5000 rw-p 00000000 00:00 0 
922c5000-922df000 rw-p 00000000 00:00 0 
922df000-922e5000 rw-p 00000000 00:00 0 
922e5000-92386000 rw-p 00000000 00:00 0 
92386000-92389000 rw-p 00000000 00:00 0 
92389000-923d9000 rw-p 00000000 00:00 0 
923d9000-923df000 rw-p 00000000 00:00 0 
923df000-9247f000 rw-p 00000000 00:00 0 
9247f000-92485000 rw-p 00000000 00:00 0 
92485000-9249f000 rw-p 00000000 00:00 0 
9249f000-929d0000 rw-p 00000000 00:00 0 
929d0000-9caa0000 rw-p 00000000 00:00 0 
9caa0000-9d500000 rw-p 00000000 00:00 0 
9d500000-b16a0000 rw-p 00000000 00:00 0 
b16a0000-b22a0000 rw-p 00000000 00:00 0 
b22a0000-b56a0000 rw-p 00000000 00:00 0 
b56ac000-b56ad000 rw-p 00000000 00:00 0 
b56ad000-b572c000 rw-p 00000000 00:00 0 
b572c000-b575c000 rwxp 00000000 00:00 0 
b575c000-b772c000 rw-p 00000000 00:00 0 
b772c000-b772f000 ---p 00000000 00:00 0 
b772f000-b7780000 rw-p 00000000 00:00 0 
b778a000-b7792000 rw-s 00000000 07:00 702643     /tmp/hsperfdata_yang/4535
b7792000-b7793000 rw-p 00000000 00:00 0 
b7793000-b7794000 r--p 00000000 00:00 0 
b7794000-b7796000 rw-p 00000000 00:00 0 
bfd63000-bfd78000 rw-p 00000000 00:00 0          [stack]

VM Arguments:
jvm_args: -Dfile.encoding=UTF-8 -Xbootclasspath:/home/yang/11_COMP41150/android/platforms/android-8/android.jar 
java_command: my.webtext.test
Launcher Type: SUN_STANDARD

Environment Variables:
JAVA_HOME=/home/yang/tools/jdk1.6.0_22
CLASSPATH=.:/home/yang/tools/jdk1.6.0_22/lib:/home/yang/workspace/JavaWork/libs/jmdns.jar
PATH=/usr/local/sbin:/usr/local/bin:/usr/sbin:/usr/bin:/sbin:/bin:/usr/games:/home/yang/tools/jdk1.6.0_22/bin
USERNAME=yang
LD_LIBRARY_PATH=/usr/lib/jvm/java-6-openjdk/jre/lib/i386/client:/usr/lib/jvm/java-6-openjdk/jre/lib/i386:/usr/lib/jvm/java-6-openjdk/jre/../lib/i386:/usr/lib/jvm/java-6-openjdk/jre/lib/i386/client:/usr/lib/jvm/java-6-openjdk/jre/lib/i386:/usr/lib/xulrunner-addons:/usr/lib/xulrunner-addons
SHELL=/bin/bash
DISPLAY=:0.0

Signal Handlers:
SIGSEGV: [libjvm.so+0x3df710], sa_mask[0]=0x7ffbfeff, sa_flags=0x10000004
SIGBUS: [libjvm.so+0x3df710], sa_mask[0]=0x7ffbfeff, sa_flags=0x10000004
SIGFPE: [libjvm.so+0x305780], sa_mask[0]=0x7ffbfeff, sa_flags=0x10000004
SIGPIPE: [libjvm.so+0x305780], sa_mask[0]=0x7ffbfeff, sa_flags=0x10000004
SIGXFSZ: [libjvm.so+0x305780], sa_mask[0]=0x7ffbfeff, sa_flags=0x10000004
SIGILL: [libjvm.so+0x305780], sa_mask[0]=0x7ffbfeff, sa_flags=0x10000004
SIGUSR1: SIG_DFL, sa_mask[0]=0x00000000, sa_flags=0x00000000
SIGUSR2: [libjvm.so+0x304e30], sa_mask[0]=0x00000004, sa_flags=0x10000004
SIGHUP: SIG_DFL, sa_mask[0]=0x00000000, sa_flags=0x00000000
SIGINT: SIG_DFL, sa_mask[0]=0x00000000, sa_flags=0x00000000
SIGTERM: SIG_DFL, sa_mask[0]=0x00000000, sa_flags=0x00000000
SIGQUIT: SIG_DFL, sa_mask[0]=0x00000000, sa_flags=0x00000000


---------------  S Y S T E M  ---------------

OS:Ubuntu 10.04 (lucid)
uname:Linux 2.6.32-27-generic #49-Ubuntu SMP Wed Dec 1 23:52:12 UTC 2010 i686
libc:glibc 2.11.1 NPTL 2.11.1 
rlimit: STACK 8192k, CORE 0k, NPROC infinity, NOFILE 1024, AS infinity
load average:1.38 0.99 0.93

/proc/meminfo:
MemTotal:        1016708 kB
MemFree:           16116 kB
Buffers:          122708 kB
Cached:           282108 kB
SwapCached:        17004 kB
Active:           384076 kB
Inactive:         558100 kB
Active(anon):     281044 kB
Inactive(anon):   349672 kB
Active(file):     103032 kB
Inactive(file):   208428 kB
Unevictable:        2076 kB
Mlocked:              16 kB
HighTotal:        129416 kB
HighFree:            272 kB
LowTotal:         887292 kB
LowFree:           15844 kB
SwapTotal:        261112 kB
SwapFree:          98636 kB
Dirty:               912 kB
Writeback:             0 kB
AnonPages:        523608 kB
Mapped:            84184 kB
Shmem:             91012 kB
Slab:              22512 kB
SReclaimable:       9140 kB
SUnreclaim:        13372 kB
KernelStack:        2656 kB
PageTables:         7584 kB
NFS_Unstable:          0 kB
Bounce:                0 kB
WritebackTmp:          0 kB
CommitLimit:      769464 kB
Committed_AS:    1949396 kB
VmallocTotal:     122880 kB
VmallocUsed:       26968 kB
VmallocChunk:      89460 kB
HardwareCorrupted:     0 kB
HugePages_Total:       0
HugePages_Free:        0
HugePages_Rsvd:        0
HugePages_Surp:        0
Hugepagesize:       4096 kB
DirectMap4k:       24568 kB
DirectMap4M:      884736 kB


CPU:total 2 (2 cores per cpu, 1 threads per core) family 6 model 15 stepping 2, cmov, cx8, fxsr, mmx, sse, sse2, sse3, ssse3

Memory: 4k page, physical 1016708k(16116k free), swap 261112k(98636k free)

vm_info: OpenJDK Client VM (19.0-b09) for linux-x86 JRE (1.6.0_20-b20), built on Nov 25 2010 19:44:27 by "buildd" with gcc 4.4.3

time: Sun Jan  2 16:33:15 2011
elapsed time: 0 seconds

