#
# A fatal error has been detected by the Java Runtime Environment:
#
#  Internal Error (classFileParser.cpp:3375), pid=4553, tid=3079486320
#  Error: ShouldNotReachHere()
#
# JRE version: 6.0_20-b20
# Java VM: OpenJDK Client VM (19.0-b09 mixed mode linux-x86 )
# Derivative: IcedTea6 1.9.2
# Distribution: Ubuntu 10.04.1 LTS, package 6b20-1.9.2-0ubuntu1~10.04.1
# If you would like to submit a bug report, please include
# instructions how to reproduce the bug and visit:
#   https://bugs.launchpad.net/ubuntu/+source/openjdk-6/
#

---------------  T H R E A D  ---------------

Current thread (0x09959000):  JavaThread "Unknown thread" [_thread_in_vm, id=4559, stack(0xb7883000,0xb78d4000)]

Stack: [0xb7883000,0xb78d4000],  sp=0xb78d27e0,  free space=317k
Native frames: (J=compiled Java code, j=interpreted, Vv=VM code, C=native code)
V  [libjvm.so+0x3deb07]
V  [libjvm.so+0x3ded51]
V  [libjvm.so+0x17376e]
V  [libjvm.so+0x1737e9]
V  [libjvm.so+0x11c606]
V  [libjvm.so+0x11f88b]
V  [libjvm.so+0x389419]
V  [libjvm.so+0x389d62]
V  [libjvm.so+0x38a134]
V  [libjvm.so+0x38a1d0]
V  [libjvm.so+0x38a26a]
V  [libjvm.so+0x38a2f5]
V  [libjvm.so+0x38a356]
V  [libjvm.so+0x38a433]
V  [libjvm.so+0x38a729]
V  [libjvm.so+0x3bfaff]
V  [libjvm.so+0x3c050c]
V  [libjvm.so+0x1d4508]
V  [libjvm.so+0x3b402c]
V  [libjvm.so+0x20d7ec]
C  [java+0x2558]  JavaMain+0x88
C  [libpthread.so.0+0x596e]


---------------  P R O C E S S  ---------------

Java Threads: ( => current thread )

Other Threads:

=>0x09959000 (exited) JavaThread "Unknown thread" [_thread_in_vm, id=4559, stack(0xb7883000,0xb78d4000)]

VM state:not at safepoint (not fully initialized)

VM Mutex/Monitor currently owned by a thread: None

Dynamic libraries:
00110000-00134000 r-xp 00000000 07:00 296215     /usr/lib/jvm/java-6-openjdk/jre/lib/i386/libjava.so
00134000-00135000 r--p 00023000 07:00 296215     /usr/lib/jvm/java-6-openjdk/jre/lib/i386/libjava.so
00135000-00137000 rw-p 00024000 07:00 296215     /usr/lib/jvm/java-6-openjdk/jre/lib/i386/libjava.so
00137000-0013f000 r-xp 00000000 07:00 1186548    /lib/tls/i686/cmov/libnss_nis-2.11.1.so
0013f000-00140000 r--p 00007000 07:00 1186548    /lib/tls/i686/cmov/libnss_nis-2.11.1.so
00140000-00141000 rw-p 00008000 07:00 1186548    /lib/tls/i686/cmov/libnss_nis-2.11.1.so
00163000-0017e000 r-xp 00000000 07:00 1049733    /lib/ld-2.11.1.so
0017e000-0017f000 r--p 0001a000 07:00 1049733    /lib/ld-2.11.1.so
0017f000-00180000 rw-p 0001b000 07:00 1049733    /lib/ld-2.11.1.so
00180000-001b6000 r-xp 00000000 07:00 296218     /usr/lib/jvm/java-6-openjdk/jre/lib/i386/libjdwp.so
001b6000-001b7000 r--p 00036000 07:00 296218     /usr/lib/jvm/java-6-openjdk/jre/lib/i386/libjdwp.so
001b7000-001b8000 rw-p 00037000 07:00 296218     /usr/lib/jvm/java-6-openjdk/jre/lib/i386/libjdwp.so
002ee000-00312000 r-xp 00000000 07:00 1178966    /lib/tls/i686/cmov/libm-2.11.1.so
00312000-00313000 r--p 00023000 07:00 1178966    /lib/tls/i686/cmov/libm-2.11.1.so
00313000-00314000 rw-p 00024000 07:00 1178966    /lib/tls/i686/cmov/libm-2.11.1.so
00391000-003a4000 r-xp 00000000 07:00 1178971    /lib/tls/i686/cmov/libnsl-2.11.1.so
003a4000-003a5000 r--p 00012000 07:00 1178971    /lib/tls/i686/cmov/libnsl-2.11.1.so
003a5000-003a6000 rw-p 00013000 07:00 1178971    /lib/tls/i686/cmov/libnsl-2.11.1.so
003a6000-003a8000 rw-p 00000000 00:00 0 
0043b000-00442000 r-xp 00000000 07:00 297486     /usr/lib/jvm/java-6-openjdk/jre/lib/i386/native_threads/libhpi.so
00442000-00443000 r--p 00006000 07:00 297486     /usr/lib/jvm/java-6-openjdk/jre/lib/i386/native_threads/libhpi.so
00443000-00444000 rw-p 00007000 07:00 297486     /usr/lib/jvm/java-6-openjdk/jre/lib/i386/native_threads/libhpi.so
00451000-00454000 r-xp 00000000 07:00 296200     /usr/lib/jvm/java-6-openjdk/jre/lib/i386/jli/libjli.so
00454000-00455000 r--p 00003000 07:00 296200     /usr/lib/jvm/java-6-openjdk/jre/lib/i386/jli/libjli.so
00455000-00456000 rw-p 00004000 07:00 296200     /usr/lib/jvm/java-6-openjdk/jre/lib/i386/jli/libjli.so
00493000-0049a000 r-xp 00000000 07:00 297485     /usr/lib/jvm/java-6-openjdk/jre/lib/i386/libzip.so
0049a000-0049b000 r--p 00006000 07:00 297485     /usr/lib/jvm/java-6-openjdk/jre/lib/i386/libzip.so
0049b000-0049c000 rw-p 00007000 07:00 297485     /usr/lib/jvm/java-6-openjdk/jre/lib/i386/libzip.so
00641000-00644000 r-xp 00000000 07:00 296230     /usr/lib/jvm/java-6-openjdk/jre/lib/i386/libnpt.so
00644000-00645000 r--p 00002000 07:00 296230     /usr/lib/jvm/java-6-openjdk/jre/lib/i386/libnpt.so
00645000-00646000 rw-p 00003000 07:00 296230     /usr/lib/jvm/java-6-openjdk/jre/lib/i386/libnpt.so
00656000-007a9000 r-xp 00000000 07:00 1178954    /lib/tls/i686/cmov/libc-2.11.1.so
007a9000-007aa000 ---p 00153000 07:00 1178954    /lib/tls/i686/cmov/libc-2.11.1.so
007aa000-007ac000 r--p 00153000 07:00 1178954    /lib/tls/i686/cmov/libc-2.11.1.so
007ac000-007ad000 rw-p 00155000 07:00 1178954    /lib/tls/i686/cmov/libc-2.11.1.so
007ad000-007b0000 rw-p 00000000 00:00 0 
007b2000-007bc000 r-xp 00000000 07:00 1185749    /lib/tls/i686/cmov/libnss_files-2.11.1.so
007bc000-007bd000 r--p 00009000 07:00 1185749    /lib/tls/i686/cmov/libnss_files-2.11.1.so
007bd000-007be000 rw-p 0000a000 07:00 1185749    /lib/tls/i686/cmov/libnss_files-2.11.1.so
007ca000-007d0000 r-xp 00000000 07:00 1178973    /lib/tls/i686/cmov/libnss_compat-2.11.1.so
007d0000-007d1000 r--p 00006000 07:00 1178973    /lib/tls/i686/cmov/libnss_compat-2.11.1.so
007d1000-007d2000 rw-p 00007000 07:00 1178973    /lib/tls/i686/cmov/libnss_compat-2.11.1.so
008f0000-008f1000 r-xp 00000000 00:00 0          [vdso]
00920000-00933000 r-xp 00000000 07:00 1046726    /lib/libz.so.1.2.3.3
00933000-00934000 r--p 00012000 07:00 1046726    /lib/libz.so.1.2.3.3
00934000-00935000 rw-p 00013000 07:00 1046726    /lib/libz.so.1.2.3.3
0095c000-00963000 r-xp 00000000 07:00 1187385    /lib/tls/i686/cmov/librt-2.11.1.so
00963000-00964000 r--p 00006000 07:00 1187385    /lib/tls/i686/cmov/librt-2.11.1.so
00964000-00965000 rw-p 00007000 07:00 1187385    /lib/tls/i686/cmov/librt-2.11.1.so
009aa000-009ac000 r-xp 00000000 07:00 1178962    /lib/tls/i686/cmov/libdl-2.11.1.so
009ac000-009ad000 r--p 00001000 07:00 1178962    /lib/tls/i686/cmov/libdl-2.11.1.so
009ad000-009ae000 rw-p 00002000 07:00 1178962    /lib/tls/i686/cmov/libdl-2.11.1.so
00c1b000-00c27000 r-xp 00000000 07:00 297484     /usr/lib/jvm/java-6-openjdk/jre/lib/i386/libverify.so
00c27000-00c28000 r--p 0000b000 07:00 297484     /usr/lib/jvm/java-6-openjdk/jre/lib/i386/libverify.so
00c28000-00c29000 rw-p 0000c000 07:00 297484     /usr/lib/jvm/java-6-openjdk/jre/lib/i386/libverify.so
00f05000-00f1a000 r-xp 00000000 07:00 1187228    /lib/tls/i686/cmov/libpthread-2.11.1.so
00f1a000-00f1b000 r--p 00014000 07:00 1187228    /lib/tls/i686/cmov/libpthread-2.11.1.so
00f1b000-00f1c000 rw-p 00015000 07:00 1187228    /lib/tls/i686/cmov/libpthread-2.11.1.so
00f1c000-00f1e000 rw-p 00000000 00:00 0 
00f1e000-01365000 r-xp 00000000 07:00 296197     /usr/lib/jvm/java-6-openjdk/jre/lib/i386/client/libjvm.so
01365000-01366000 ---p 00447000 07:00 296197     /usr/lib/jvm/java-6-openjdk/jre/lib/i386/client/libjvm.so
01366000-0137d000 r--p 00447000 07:00 296197     /usr/lib/jvm/java-6-openjdk/jre/lib/i386/client/libjvm.so
0137d000-0138a000 rw-p 0045e000 07:00 296197     /usr/lib/jvm/java-6-openjdk/jre/lib/i386/client/libjvm.so
0138a000-017a6000 rw-p 00000000 00:00 0 
08048000-08051000 r-xp 00000000 07:00 297508     /usr/lib/jvm/java-6-openjdk/jre/bin/java
08051000-08052000 r--p 00008000 07:00 297508     /usr/lib/jvm/java-6-openjdk/jre/bin/java
08052000-08053000 rw-p 00009000 07:00 297508     /usr/lib/jvm/java-6-openjdk/jre/bin/java
0994c000-099b5000 rw-p 00000000 00:00 0          [heap]
92249000-922ae000 r--s 004cb000 07:00 1459880    /home/yang/11_COMP41150/android/platforms/android-8/android.jar
922ae000-922b5000 rw-p 00000000 00:00 0 
922b5000-922cf000 rw-p 00000000 00:00 0 
922cf000-922d5000 rw-p 00000000 00:00 0 
922d5000-92376000 rw-p 00000000 00:00 0 
92376000-92379000 rw-p 00000000 00:00 0 
92379000-923c9000 rw-p 00000000 00:00 0 
923c9000-923cf000 rw-p 00000000 00:00 0 
923cf000-9246f000 rw-p 00000000 00:00 0 
9246f000-92475000 rw-p 00000000 00:00 0 
92475000-9248f000 rw-p 00000000 00:00 0 
9248f000-929c0000 rw-p 00000000 00:00 0 
929c0000-9ca90000 rw-p 00000000 00:00 0 
9ca90000-9d4f0000 rw-p 00000000 00:00 0 
9d4f0000-b1690000 rw-p 00000000 00:00 0 
b1690000-b2290000 rw-p 00000000 00:00 0 
b2290000-b5690000 rw-p 00000000 00:00 0 
b569e000-b569f000 rw-p 00000000 00:00 0 
b569f000-b571e000 rw-p 00000000 00:00 0 
b571e000-b574e000 rwxp 00000000 00:00 0 
b574e000-b771e000 rw-p 00000000 00:00 0 
b771e000-b7726000 rw-s 00000000 07:00 702643     /tmp/hsperfdata_yang/4553
b7726000-b7765000 r--p 00000000 07:00 269798     /usr/lib/locale/en_GB.utf8/LC_CTYPE
b7765000-b7883000 r--p 00000000 07:00 269394     /usr/lib/locale/en_GB.utf8/LC_COLLATE
b7883000-b7886000 ---p 00000000 00:00 0 
b7886000-b78d7000 rw-p 00000000 00:00 0 
b78d8000-b78d9000 r--p 00000000 07:00 269400     /usr/lib/locale/en_GB.utf8/LC_NUMERIC
b78d9000-b78da000 r--p 00000000 07:00 269390     /usr/lib/locale/en_GB.utf8/LC_TIME
b78da000-b78db000 r--p 00000000 07:00 277530     /usr/lib/locale/en_GB.utf8/LC_MONETARY
b78db000-b78dc000 r--p 00000000 07:00 269404     /usr/lib/locale/en_GB.utf8/LC_MESSAGES/SYS_LC_MESSAGES
b78dc000-b78dd000 r--p 00000000 07:00 269804     /usr/lib/locale/en_GB.utf8/LC_PAPER
b78dd000-b78de000 r--p 00000000 07:00 269386     /usr/lib/locale/en_GB.utf8/LC_NAME
b78de000-b78df000 r--p 00000000 07:00 277531     /usr/lib/locale/en_GB.utf8/LC_ADDRESS
b78df000-b78e0000 r--p 00000000 07:00 277532     /usr/lib/locale/en_GB.utf8/LC_TELEPHONE
b78e0000-b78e1000 r--p 00000000 07:00 269800     /usr/lib/locale/en_GB.utf8/LC_MEASUREMENT
b78e1000-b78e8000 r--s 00000000 07:00 266844     /usr/lib/gconv/gconv-modules.cache
b78e8000-b78e9000 r--p 00000000 07:00 277533     /usr/lib/locale/en_GB.utf8/LC_IDENTIFICATION
b78e9000-b78ea000 rw-p 00000000 00:00 0 
b78ea000-b78eb000 r--p 00000000 00:00 0 
b78eb000-b78ed000 rw-p 00000000 00:00 0 
bfe40000-bfe55000 rw-p 00000000 00:00 0          [stack]

VM Arguments:
jvm_args: -agentlib:jdwp=transport=dt_socket,suspend=y,address=localhost:50224 -Dfile.encoding=UTF-8 -Xbootclasspath:/home/yang/11_COMP41150/android/platforms/android-8/android.jar 
java_command: my.webtext.test
Launcher Type: SUN_STANDARD

Environment Variables:
JAVA_HOME=/home/yang/tools/jdk1.6.0_22
CLASSPATH=.:/home/yang/tools/jdk1.6.0_22/lib:/home/yang/workspace/JavaWork/libs/jmdns.jar
PATH=/usr/local/sbin:/usr/local/bin:/usr/sbin:/usr/bin:/sbin:/bin:/usr/games:/home/yang/tools/jdk1.6.0_22/bin
USERNAME=yang
LD_LIBRARY_PATH=/usr/lib/jvm/java-6-openjdk/jre/lib/i386/client:/usr/lib/jvm/java-6-openjdk/jre/lib/i386:/usr/lib/jvm/java-6-openjdk/jre/../lib/i386:/usr/lib/jvm/java-6-openjdk/jre/lib/i386/client:/usr/lib/jvm/java-6-openjdk/jre/lib/i386:/usr/lib/xulrunner-addons:/usr/lib/xulrunner-addons
SHELL=/bin/bash
DISPLAY=:0.0

Signal Handlers:
SIGSEGV: [libjvm.so+0x3df710], sa_mask[0]=0x7ffbfeff, sa_flags=0x10000004
SIGBUS: [libjvm.so+0x3df710], sa_mask[0]=0x7ffbfeff, sa_flags=0x10000004
SIGFPE: [libjvm.so+0x305780], sa_mask[0]=0x7ffbfeff, sa_flags=0x10000004
SIGPIPE: [libjvm.so+0x305780], sa_mask[0]=0x7ffbfeff, sa_flags=0x10000004
SIGXFSZ: [libjvm.so+0x305780], sa_mask[0]=0x7ffbfeff, sa_flags=0x10000004
SIGILL: [libjvm.so+0x305780], sa_mask[0]=0x7ffbfeff, sa_flags=0x10000004
SIGUSR1: SIG_DFL, sa_mask[0]=0x00000000, sa_flags=0x00000000
SIGUSR2: [libjvm.so+0x304e30], sa_mask[0]=0x00000004, sa_flags=0x10000004
SIGHUP: SIG_DFL, sa_mask[0]=0x00000000, sa_flags=0x00000000
SIGINT: SIG_DFL, sa_mask[0]=0x00000000, sa_flags=0x00000000
SIGTERM: SIG_DFL, sa_mask[0]=0x00000000, sa_flags=0x00000000
SIGQUIT: SIG_DFL, sa_mask[0]=0x00000000, sa_flags=0x00000000


---------------  S Y S T E M  ---------------

OS:Ubuntu 10.04 (lucid)
uname:Linux 2.6.32-27-generic #49-Ubuntu SMP Wed Dec 1 23:52:12 UTC 2010 i686
libc:glibc 2.11.1 NPTL 2.11.1 
rlimit: STACK 8192k, CORE 0k, NPROC infinity, NOFILE 1024, AS infinity
load average:1.24 0.97 0.93

/proc/meminfo:
MemTotal:        1016708 kB
MemFree:           16816 kB
Buffers:          122104 kB
Cached:           281732 kB
SwapCached:        17016 kB
Active:           385268 kB
Inactive:         556616 kB
Active(anon):     281932 kB
Inactive(anon):   348656 kB
Active(file):     103336 kB
Inactive(file):   207960 kB
Unevictable:        2076 kB
Mlocked:              16 kB
HighTotal:        129416 kB
HighFree:            244 kB
LowTotal:         887292 kB
LowFree:           16572 kB
SwapTotal:        261112 kB
SwapFree:          98792 kB
Dirty:               760 kB
Writeback:             0 kB
AnonPages:        523944 kB
Mapped:            84156 kB
Shmem:             90524 kB
Slab:              22496 kB
SReclaimable:       9156 kB
SUnreclaim:        13340 kB
KernelStack:        2664 kB
PageTables:         7580 kB
NFS_Unstable:          0 kB
Bounce:                0 kB
WritebackTmp:          0 kB
CommitLimit:      769464 kB
Committed_AS:    1949328 kB
VmallocTotal:     122880 kB
VmallocUsed:       26968 kB
VmallocChunk:      89460 kB
HardwareCorrupted:     0 kB
HugePages_Total:       0
HugePages_Free:        0
HugePages_Rsvd:        0
HugePages_Surp:        0
Hugepagesize:       4096 kB
DirectMap4k:       24568 kB
DirectMap4M:      884736 kB


CPU:total 2 (2 cores per cpu, 1 threads per core) family 6 model 15 stepping 2, cmov, cx8, fxsr, mmx, sse, sse2, sse3, ssse3

Memory: 4k page, physical 1016708k(16816k free), swap 261112k(98792k free)

vm_info: OpenJDK Client VM (19.0-b09) for linux-x86 JRE (1.6.0_20-b20), built on Nov 25 2010 19:44:27 by "buildd" with gcc 4.4.3

time: Sun Jan  2 16:33:29 2011
elapsed time: 0 seconds

