#
# A fatal error has been detected by the Java Runtime Environment:
#
#  Internal Error (classFileParser.cpp:3375), pid=4662, tid=3079465840
#  Error: ShouldNotReachHere()
#
# JRE version: 6.0_20-b20
# Java VM: OpenJDK Client VM (19.0-b09 mixed mode linux-x86 )
# Derivative: IcedTea6 1.9.2
# Distribution: Ubuntu 10.04.1 LTS, package 6b20-1.9.2-0ubuntu1~10.04.1
# If you would like to submit a bug report, please include
# instructions how to reproduce the bug and visit:
#   https://bugs.launchpad.net/ubuntu/+source/openjdk-6/
#

---------------  T H R E A D  ---------------

Current thread (0x082e6000):  JavaThread "Unknown thread" [_thread_in_vm, id=4664, stack(0xb787e000,0xb78cf000)]

Stack: [0xb787e000,0xb78cf000],  sp=0xb78cd7e0,  free space=317k
Native frames: (J=compiled Java code, j=interpreted, Vv=VM code, C=native code)
V  [libjvm.so+0x3deb07]
V  [libjvm.so+0x3ded51]
V  [libjvm.so+0x17376e]
V  [libjvm.so+0x1737e9]
V  [libjvm.so+0x11c606]
V  [libjvm.so+0x11f88b]
V  [libjvm.so+0x389419]
V  [libjvm.so+0x389d62]
V  [libjvm.so+0x38a134]
V  [libjvm.so+0x38a1d0]
V  [libjvm.so+0x38a26a]
V  [libjvm.so+0x38a2f5]
V  [libjvm.so+0x38a356]
V  [libjvm.so+0x38a433]
V  [libjvm.so+0x38a729]
V  [libjvm.so+0x3bfaff]
V  [libjvm.so+0x3c050c]
V  [libjvm.so+0x1d4508]
V  [libjvm.so+0x3b402c]
V  [libjvm.so+0x20d7ec]
C  [java+0x2558]  JavaMain+0x88
C  [libpthread.so.0+0x596e]


---------------  P R O C E S S  ---------------

Java Threads: ( => current thread )

Other Threads:

=>0x082e6000 (exited) JavaThread "Unknown thread" [_thread_in_vm, id=4664, stack(0xb787e000,0xb78cf000)]

VM state:not at safepoint (not fully initialized)

VM Mutex/Monitor currently owned by a thread: None

Dynamic libraries:
00110000-00125000 r-xp 00000000 07:00 1187228    /lib/tls/i686/cmov/libpthread-2.11.1.so
00125000-00126000 r--p 00014000 07:00 1187228    /lib/tls/i686/cmov/libpthread-2.11.1.so
00126000-00127000 rw-p 00015000 07:00 1187228    /lib/tls/i686/cmov/libpthread-2.11.1.so
00127000-00129000 rw-p 00000000 00:00 0 
00129000-0014d000 r-xp 00000000 07:00 1178966    /lib/tls/i686/cmov/libm-2.11.1.so
0014d000-0014e000 r--p 00023000 07:00 1178966    /lib/tls/i686/cmov/libm-2.11.1.so
0014e000-0014f000 rw-p 00024000 07:00 1178966    /lib/tls/i686/cmov/libm-2.11.1.so
0014f000-00173000 r-xp 00000000 07:00 296215     /usr/lib/jvm/java-6-openjdk/jre/lib/i386/libjava.so
00173000-00174000 r--p 00023000 07:00 296215     /usr/lib/jvm/java-6-openjdk/jre/lib/i386/libjava.so
00174000-00176000 rw-p 00024000 07:00 296215     /usr/lib/jvm/java-6-openjdk/jre/lib/i386/libjava.so
00176000-0017d000 r-xp 00000000 07:00 297486     /usr/lib/jvm/java-6-openjdk/jre/lib/i386/native_threads/libhpi.so
0017d000-0017e000 r--p 00006000 07:00 297486     /usr/lib/jvm/java-6-openjdk/jre/lib/i386/native_threads/libhpi.so
0017e000-0017f000 rw-p 00007000 07:00 297486     /usr/lib/jvm/java-6-openjdk/jre/lib/i386/native_threads/libhpi.so
0017f000-001b5000 r-xp 00000000 07:00 296218     /usr/lib/jvm/java-6-openjdk/jre/lib/i386/libjdwp.so
001b5000-001b6000 r--p 00036000 07:00 296218     /usr/lib/jvm/java-6-openjdk/jre/lib/i386/libjdwp.so
001b6000-001b7000 rw-p 00037000 07:00 296218     /usr/lib/jvm/java-6-openjdk/jre/lib/i386/libjdwp.so
001b7000-001ba000 r-xp 00000000 07:00 296230     /usr/lib/jvm/java-6-openjdk/jre/lib/i386/libnpt.so
001ba000-001bb000 r--p 00002000 07:00 296230     /usr/lib/jvm/java-6-openjdk/jre/lib/i386/libnpt.so
001bb000-001bc000 rw-p 00003000 07:00 296230     /usr/lib/jvm/java-6-openjdk/jre/lib/i386/libnpt.so
001bc000-001c6000 r-xp 00000000 07:00 1185749    /lib/tls/i686/cmov/libnss_files-2.11.1.so
001c6000-001c7000 r--p 00009000 07:00 1185749    /lib/tls/i686/cmov/libnss_files-2.11.1.so
001c7000-001c8000 rw-p 0000a000 07:00 1185749    /lib/tls/i686/cmov/libnss_files-2.11.1.so
001cc000-001d3000 r-xp 00000000 07:00 297485     /usr/lib/jvm/java-6-openjdk/jre/lib/i386/libzip.so
001d3000-001d4000 r--p 00006000 07:00 297485     /usr/lib/jvm/java-6-openjdk/jre/lib/i386/libzip.so
001d4000-001d5000 rw-p 00007000 07:00 297485     /usr/lib/jvm/java-6-openjdk/jre/lib/i386/libzip.so
002f5000-00310000 r-xp 00000000 07:00 1049733    /lib/ld-2.11.1.so
00310000-00311000 r--p 0001a000 07:00 1049733    /lib/ld-2.11.1.so
00311000-00312000 rw-p 0001b000 07:00 1049733    /lib/ld-2.11.1.so
0039d000-004f0000 r-xp 00000000 07:00 1178954    /lib/tls/i686/cmov/libc-2.11.1.so
004f0000-004f1000 ---p 00153000 07:00 1178954    /lib/tls/i686/cmov/libc-2.11.1.so
004f1000-004f3000 r--p 00153000 07:00 1178954    /lib/tls/i686/cmov/libc-2.11.1.so
004f3000-004f4000 rw-p 00155000 07:00 1178954    /lib/tls/i686/cmov/libc-2.11.1.so
004f4000-004f7000 rw-p 00000000 00:00 0 
00518000-0052b000 r-xp 00000000 07:00 1046726    /lib/libz.so.1.2.3.3
0052b000-0052c000 r--p 00012000 07:00 1046726    /lib/libz.so.1.2.3.3
0052c000-0052d000 rw-p 00013000 07:00 1046726    /lib/libz.so.1.2.3.3
005a2000-005a9000 r-xp 00000000 07:00 1187385    /lib/tls/i686/cmov/librt-2.11.1.so
005a9000-005aa000 r--p 00006000 07:00 1187385    /lib/tls/i686/cmov/librt-2.11.1.so
005aa000-005ab000 rw-p 00007000 07:00 1187385    /lib/tls/i686/cmov/librt-2.11.1.so
00613000-00619000 r-xp 00000000 07:00 1178973    /lib/tls/i686/cmov/libnss_compat-2.11.1.so
00619000-0061a000 r--p 00006000 07:00 1178973    /lib/tls/i686/cmov/libnss_compat-2.11.1.so
0061a000-0061b000 rw-p 00007000 07:00 1178973    /lib/tls/i686/cmov/libnss_compat-2.11.1.so
00658000-00660000 r-xp 00000000 07:00 1186548    /lib/tls/i686/cmov/libnss_nis-2.11.1.so
00660000-00661000 r--p 00007000 07:00 1186548    /lib/tls/i686/cmov/libnss_nis-2.11.1.so
00661000-00662000 rw-p 00008000 07:00 1186548    /lib/tls/i686/cmov/libnss_nis-2.11.1.so
006a7000-006ba000 r-xp 00000000 07:00 1178971    /lib/tls/i686/cmov/libnsl-2.11.1.so
006ba000-006bb000 r--p 00012000 07:00 1178971    /lib/tls/i686/cmov/libnsl-2.11.1.so
006bb000-006bc000 rw-p 00013000 07:00 1178971    /lib/tls/i686/cmov/libnsl-2.11.1.so
006bc000-006be000 rw-p 00000000 00:00 0 
0070b000-00717000 r-xp 00000000 07:00 297484     /usr/lib/jvm/java-6-openjdk/jre/lib/i386/libverify.so
00717000-00718000 r--p 0000b000 07:00 297484     /usr/lib/jvm/java-6-openjdk/jre/lib/i386/libverify.so
00718000-00719000 rw-p 0000c000 07:00 297484     /usr/lib/jvm/java-6-openjdk/jre/lib/i386/libverify.so
00cb6000-00cb8000 r-xp 00000000 07:00 1178962    /lib/tls/i686/cmov/libdl-2.11.1.so
00cb8000-00cb9000 r--p 00001000 07:00 1178962    /lib/tls/i686/cmov/libdl-2.11.1.so
00cb9000-00cba000 rw-p 00002000 07:00 1178962    /lib/tls/i686/cmov/libdl-2.11.1.so
00d6b000-00d6c000 r-xp 00000000 00:00 0          [vdso]
00d86000-00d89000 r-xp 00000000 07:00 296200     /usr/lib/jvm/java-6-openjdk/jre/lib/i386/jli/libjli.so
00d89000-00d8a000 r--p 00003000 07:00 296200     /usr/lib/jvm/java-6-openjdk/jre/lib/i386/jli/libjli.so
00d8a000-00d8b000 rw-p 00004000 07:00 296200     /usr/lib/jvm/java-6-openjdk/jre/lib/i386/jli/libjli.so
00d8b000-011d2000 r-xp 00000000 07:00 296197     /usr/lib/jvm/java-6-openjdk/jre/lib/i386/client/libjvm.so
011d2000-011d3000 ---p 00447000 07:00 296197     /usr/lib/jvm/java-6-openjdk/jre/lib/i386/client/libjvm.so
011d3000-011ea000 r--p 00447000 07:00 296197     /usr/lib/jvm/java-6-openjdk/jre/lib/i386/client/libjvm.so
011ea000-011f7000 rw-p 0045e000 07:00 296197     /usr/lib/jvm/java-6-openjdk/jre/lib/i386/client/libjvm.so
011f7000-01613000 rw-p 00000000 00:00 0 
08048000-08051000 r-xp 00000000 07:00 297508     /usr/lib/jvm/java-6-openjdk/jre/bin/java
08051000-08052000 r--p 00008000 07:00 297508     /usr/lib/jvm/java-6-openjdk/jre/bin/java
08052000-08053000 rw-p 00009000 07:00 297508     /usr/lib/jvm/java-6-openjdk/jre/bin/java
082d9000-08342000 rw-p 00000000 00:00 0          [heap]
92249000-922ae000 r--s 004cb000 07:00 1459880    /home/yang/11_COMP41150/android/platforms/android-8/android.jar
922ae000-922b5000 rw-p 00000000 00:00 0 
922b5000-922cf000 rw-p 00000000 00:00 0 
922cf000-922d5000 rw-p 00000000 00:00 0 
922d5000-92376000 rw-p 00000000 00:00 0 
92376000-92379000 rw-p 00000000 00:00 0 
92379000-923c9000 rw-p 00000000 00:00 0 
923c9000-923cf000 rw-p 00000000 00:00 0 
923cf000-9246f000 rw-p 00000000 00:00 0 
9246f000-92475000 rw-p 00000000 00:00 0 
92475000-9248f000 rw-p 00000000 00:00 0 
9248f000-929c0000 rw-p 00000000 00:00 0 
929c0000-9ca90000 rw-p 00000000 00:00 0 
9ca90000-9d4f0000 rw-p 00000000 00:00 0 
9d4f0000-b1690000 rw-p 00000000 00:00 0 
b1690000-b2290000 rw-p 00000000 00:00 0 
b2290000-b5690000 rw-p 00000000 00:00 0 
b5699000-b569a000 rw-p 00000000 00:00 0 
b569a000-b5719000 rw-p 00000000 00:00 0 
b5719000-b5749000 rwxp 00000000 00:00 0 
b5749000-b7719000 rw-p 00000000 00:00 0 
b7719000-b7721000 rw-s 00000000 07:00 702643     /tmp/hsperfdata_yang/4662
b7721000-b7760000 r--p 00000000 07:00 269798     /usr/lib/locale/en_GB.utf8/LC_CTYPE
b7760000-b787e000 r--p 00000000 07:00 269394     /usr/lib/locale/en_GB.utf8/LC_COLLATE
b787e000-b7881000 ---p 00000000 00:00 0 
b7881000-b78d2000 rw-p 00000000 00:00 0 
b78d3000-b78d4000 r--p 00000000 07:00 269400     /usr/lib/locale/en_GB.utf8/LC_NUMERIC
b78d4000-b78d5000 r--p 00000000 07:00 269390     /usr/lib/locale/en_GB.utf8/LC_TIME
b78d5000-b78d6000 r--p 00000000 07:00 277530     /usr/lib/locale/en_GB.utf8/LC_MONETARY
b78d6000-b78d7000 r--p 00000000 07:00 269404     /usr/lib/locale/en_GB.utf8/LC_MESSAGES/SYS_LC_MESSAGES
b78d7000-b78d8000 r--p 00000000 07:00 269804     /usr/lib/locale/en_GB.utf8/LC_PAPER
b78d8000-b78d9000 r--p 00000000 07:00 269386     /usr/lib/locale/en_GB.utf8/LC_NAME
b78d9000-b78da000 r--p 00000000 07:00 277531     /usr/lib/locale/en_GB.utf8/LC_ADDRESS
b78da000-b78db000 r--p 00000000 07:00 277532     /usr/lib/locale/en_GB.utf8/LC_TELEPHONE
b78db000-b78dc000 r--p 00000000 07:00 269800     /usr/lib/locale/en_GB.utf8/LC_MEASUREMENT
b78dc000-b78e3000 r--s 00000000 07:00 266844     /usr/lib/gconv/gconv-modules.cache
b78e3000-b78e4000 r--p 00000000 07:00 277533     /usr/lib/locale/en_GB.utf8/LC_IDENTIFICATION
b78e4000-b78e5000 rw-p 00000000 00:00 0 
b78e5000-b78e6000 r--p 00000000 00:00 0 
b78e6000-b78e8000 rw-p 00000000 00:00 0 
bfed9000-bfeee000 rw-p 00000000 00:00 0          [stack]

VM Arguments:
jvm_args: -agentlib:jdwp=transport=dt_socket,suspend=y,address=localhost:51254 -Dfile.encoding=UTF-8 -Xbootclasspath:/home/yang/11_COMP41150/android/platforms/android-8/android.jar 
java_command: my.webtext.test
Launcher Type: SUN_STANDARD

Environment Variables:
JAVA_HOME=/home/yang/tools/jdk1.6.0_22
CLASSPATH=.:/home/yang/tools/jdk1.6.0_22/lib:/home/yang/workspace/JavaWork/libs/jmdns.jar
PATH=/usr/local/sbin:/usr/local/bin:/usr/sbin:/usr/bin:/sbin:/bin:/usr/games:/home/yang/tools/jdk1.6.0_22/bin
USERNAME=yang
LD_LIBRARY_PATH=/usr/lib/jvm/java-6-openjdk/jre/lib/i386/client:/usr/lib/jvm/java-6-openjdk/jre/lib/i386:/usr/lib/jvm/java-6-openjdk/jre/../lib/i386:/usr/lib/jvm/java-6-openjdk/jre/lib/i386/client:/usr/lib/jvm/java-6-openjdk/jre/lib/i386:/usr/lib/xulrunner-addons:/usr/lib/xulrunner-addons
SHELL=/bin/bash
DISPLAY=:0.0

Signal Handlers:
SIGSEGV: [libjvm.so+0x3df710], sa_mask[0]=0x7ffbfeff, sa_flags=0x10000004
SIGBUS: [libjvm.so+0x3df710], sa_mask[0]=0x7ffbfeff, sa_flags=0x10000004
SIGFPE: [libjvm.so+0x305780], sa_mask[0]=0x7ffbfeff, sa_flags=0x10000004
SIGPIPE: [libjvm.so+0x305780], sa_mask[0]=0x7ffbfeff, sa_flags=0x10000004
SIGXFSZ: [libjvm.so+0x305780], sa_mask[0]=0x7ffbfeff, sa_flags=0x10000004
SIGILL: [libjvm.so+0x305780], sa_mask[0]=0x7ffbfeff, sa_flags=0x10000004
SIGUSR1: SIG_DFL, sa_mask[0]=0x00000000, sa_flags=0x00000000
SIGUSR2: [libjvm.so+0x304e30], sa_mask[0]=0x00000004, sa_flags=0x10000004
SIGHUP: SIG_DFL, sa_mask[0]=0x00000000, sa_flags=0x00000000
SIGINT: SIG_DFL, sa_mask[0]=0x00000000, sa_flags=0x00000000
SIGTERM: SIG_DFL, sa_mask[0]=0x00000000, sa_flags=0x00000000
SIGQUIT: SIG_DFL, sa_mask[0]=0x00000000, sa_flags=0x00000000


---------------  S Y S T E M  ---------------

OS:Ubuntu 10.04 (lucid)
uname:Linux 2.6.32-27-generic #49-Ubuntu SMP Wed Dec 1 23:52:12 UTC 2010 i686
libc:glibc 2.11.1 NPTL 2.11.1 
rlimit: STACK 8192k, CORE 0k, NPROC infinity, NOFILE 1024, AS infinity
load average:1.16 0.97 0.92

/proc/meminfo:
MemTotal:        1016708 kB
MemFree:           18916 kB
Buffers:          119352 kB
Cached:           278732 kB
SwapCached:        17356 kB
Active:           396472 kB
Inactive:         542984 kB
Active(anon):     289220 kB
Inactive(anon):   345688 kB
Active(file):     107252 kB
Inactive(file):   197296 kB
Unevictable:        2076 kB
Mlocked:              16 kB
HighTotal:        129416 kB
HighFree:            244 kB
LowTotal:         887292 kB
LowFree:           18672 kB
SwapTotal:        261112 kB
SwapFree:          97948 kB
Dirty:               524 kB
Writeback:             0 kB
AnonPages:        526936 kB
Mapped:            84472 kB
Shmem:             91476 kB
Slab:              22496 kB
SReclaimable:       9120 kB
SUnreclaim:        13376 kB
KernelStack:        2656 kB
PageTables:         7576 kB
NFS_Unstable:          0 kB
Bounce:                0 kB
WritebackTmp:          0 kB
CommitLimit:      769464 kB
Committed_AS:    1954592 kB
VmallocTotal:     122880 kB
VmallocUsed:       26968 kB
VmallocChunk:      89460 kB
HardwareCorrupted:     0 kB
HugePages_Total:       0
HugePages_Free:        0
HugePages_Rsvd:        0
HugePages_Surp:        0
Hugepagesize:       4096 kB
DirectMap4k:       24568 kB
DirectMap4M:      884736 kB


CPU:total 2 (2 cores per cpu, 1 threads per core) family 6 model 15 stepping 2, cmov, cx8, fxsr, mmx, sse, sse2, sse3, ssse3

Memory: 4k page, physical 1016708k(18916k free), swap 261112k(97948k free)

vm_info: OpenJDK Client VM (19.0-b09) for linux-x86 JRE (1.6.0_20-b20), built on Nov 25 2010 19:44:27 by "buildd" with gcc 4.4.3

time: Sun Jan  2 16:36:28 2011
elapsed time: 0 seconds

