#
# A fatal error has been detected by the Java Runtime Environment:
#
#  Internal Error (classFileParser.cpp:3375), pid=4419, tid=3078069104
#  Error: ShouldNotReachHere()
#
# JRE version: 6.0_20-b20
# Java VM: OpenJDK Client VM (19.0-b09 mixed mode linux-x86 )
# Derivative: IcedTea6 1.9.2
# Distribution: Ubuntu 10.04.1 LTS, package 6b20-1.9.2-0ubuntu1~10.04.1
# If you would like to submit a bug report, please include
# instructions how to reproduce the bug and visit:
#   https://bugs.launchpad.net/ubuntu/+source/openjdk-6/
#

---------------  T H R E A D  ---------------

Current thread (0x0957f000):  JavaThread "Unknown thread" [_thread_in_vm, id=4422, stack(0xb7729000,0xb777a000)]

Stack: [0xb7729000,0xb777a000],  sp=0xb77787e0,  free space=317k
Native frames: (J=compiled Java code, j=interpreted, Vv=VM code, C=native code)
V  [libjvm.so+0x3deb07]
V  [libjvm.so+0x3ded51]
V  [libjvm.so+0x17376e]
V  [libjvm.so+0x1737e9]
V  [libjvm.so+0x11c606]
V  [libjvm.so+0x11f88b]
V  [libjvm.so+0x389419]
V  [libjvm.so+0x389d62]
V  [libjvm.so+0x38a134]
V  [libjvm.so+0x38a1d0]
V  [libjvm.so+0x38a26a]
V  [libjvm.so+0x38a2f5]
V  [libjvm.so+0x38a356]
V  [libjvm.so+0x38a433]
V  [libjvm.so+0x38a729]
V  [libjvm.so+0x3bfaff]
V  [libjvm.so+0x3c050c]
V  [libjvm.so+0x1d4508]
V  [libjvm.so+0x3b402c]
V  [libjvm.so+0x20d7ec]
C  [java+0x2558]  JavaMain+0x88
C  [libpthread.so.0+0x596e]


---------------  P R O C E S S  ---------------

Java Threads: ( => current thread )

Other Threads:

=>0x0957f000 (exited) JavaThread "Unknown thread" [_thread_in_vm, id=4422, stack(0xb7729000,0xb777a000)]

VM state:not at safepoint (not fully initialized)

VM Mutex/Monitor currently owned by a thread: None

Dynamic libraries:
00110000-00117000 r-xp 00000000 07:00 1187385    /lib/tls/i686/cmov/librt-2.11.1.so
00117000-00118000 r--p 00006000 07:00 1187385    /lib/tls/i686/cmov/librt-2.11.1.so
00118000-00119000 rw-p 00007000 07:00 1187385    /lib/tls/i686/cmov/librt-2.11.1.so
00119000-0014f000 r-xp 00000000 07:00 296218     /usr/lib/jvm/java-6-openjdk/jre/lib/i386/libjdwp.so
0014f000-00150000 r--p 00036000 07:00 296218     /usr/lib/jvm/java-6-openjdk/jre/lib/i386/libjdwp.so
00150000-00151000 rw-p 00037000 07:00 296218     /usr/lib/jvm/java-6-openjdk/jre/lib/i386/libjdwp.so
00151000-00158000 r-xp 00000000 07:00 297485     /usr/lib/jvm/java-6-openjdk/jre/lib/i386/libzip.so
00158000-00159000 r--p 00006000 07:00 297485     /usr/lib/jvm/java-6-openjdk/jre/lib/i386/libzip.so
00159000-0015a000 rw-p 00007000 07:00 297485     /usr/lib/jvm/java-6-openjdk/jre/lib/i386/libzip.so
00164000-00167000 r-xp 00000000 07:00 296200     /usr/lib/jvm/java-6-openjdk/jre/lib/i386/jli/libjli.so
00167000-00168000 r--p 00003000 07:00 296200     /usr/lib/jvm/java-6-openjdk/jre/lib/i386/jli/libjli.so
00168000-00169000 rw-p 00004000 07:00 296200     /usr/lib/jvm/java-6-openjdk/jre/lib/i386/jli/libjli.so
002b6000-002c9000 r-xp 00000000 07:00 1178971    /lib/tls/i686/cmov/libnsl-2.11.1.so
002c9000-002ca000 r--p 00012000 07:00 1178971    /lib/tls/i686/cmov/libnsl-2.11.1.so
002ca000-002cb000 rw-p 00013000 07:00 1178971    /lib/tls/i686/cmov/libnsl-2.11.1.so
002cb000-002cd000 rw-p 00000000 00:00 0 
004f3000-00517000 r-xp 00000000 07:00 296215     /usr/lib/jvm/java-6-openjdk/jre/lib/i386/libjava.so
00517000-00518000 r--p 00023000 07:00 296215     /usr/lib/jvm/java-6-openjdk/jre/lib/i386/libjava.so
00518000-0051a000 rw-p 00024000 07:00 296215     /usr/lib/jvm/java-6-openjdk/jre/lib/i386/libjava.so
0054f000-00556000 r-xp 00000000 07:00 297486     /usr/lib/jvm/java-6-openjdk/jre/lib/i386/native_threads/libhpi.so
00556000-00557000 r--p 00006000 07:00 297486     /usr/lib/jvm/java-6-openjdk/jre/lib/i386/native_threads/libhpi.so
00557000-00558000 rw-p 00007000 07:00 297486     /usr/lib/jvm/java-6-openjdk/jre/lib/i386/native_threads/libhpi.so
006bd000-006d8000 r-xp 00000000 07:00 1049733    /lib/ld-2.11.1.so
006d8000-006d9000 r--p 0001a000 07:00 1049733    /lib/ld-2.11.1.so
006d9000-006da000 rw-p 0001b000 07:00 1049733    /lib/ld-2.11.1.so
00729000-00733000 r-xp 00000000 07:00 1185749    /lib/tls/i686/cmov/libnss_files-2.11.1.so
00733000-00734000 r--p 00009000 07:00 1185749    /lib/tls/i686/cmov/libnss_files-2.11.1.so
00734000-00735000 rw-p 0000a000 07:00 1185749    /lib/tls/i686/cmov/libnss_files-2.11.1.so
00758000-0075e000 r-xp 00000000 07:00 1178973    /lib/tls/i686/cmov/libnss_compat-2.11.1.so
0075e000-0075f000 r--p 00006000 07:00 1178973    /lib/tls/i686/cmov/libnss_compat-2.11.1.so
0075f000-00760000 rw-p 00007000 07:00 1178973    /lib/tls/i686/cmov/libnss_compat-2.11.1.so
0076f000-00777000 r-xp 00000000 07:00 1186548    /lib/tls/i686/cmov/libnss_nis-2.11.1.so
00777000-00778000 r--p 00007000 07:00 1186548    /lib/tls/i686/cmov/libnss_nis-2.11.1.so
00778000-00779000 rw-p 00008000 07:00 1186548    /lib/tls/i686/cmov/libnss_nis-2.11.1.so
007cf000-007f3000 r-xp 00000000 07:00 1178966    /lib/tls/i686/cmov/libm-2.11.1.so
007f3000-007f4000 r--p 00023000 07:00 1178966    /lib/tls/i686/cmov/libm-2.11.1.so
007f4000-007f5000 rw-p 00024000 07:00 1178966    /lib/tls/i686/cmov/libm-2.11.1.so
00862000-0086e000 r-xp 00000000 07:00 297484     /usr/lib/jvm/java-6-openjdk/jre/lib/i386/libverify.so
0086e000-0086f000 r--p 0000b000 07:00 297484     /usr/lib/jvm/java-6-openjdk/jre/lib/i386/libverify.so
0086f000-00870000 rw-p 0000c000 07:00 297484     /usr/lib/jvm/java-6-openjdk/jre/lib/i386/libverify.so
009ef000-00a04000 r-xp 00000000 07:00 1187228    /lib/tls/i686/cmov/libpthread-2.11.1.so
00a04000-00a05000 r--p 00014000 07:00 1187228    /lib/tls/i686/cmov/libpthread-2.11.1.so
00a05000-00a06000 rw-p 00015000 07:00 1187228    /lib/tls/i686/cmov/libpthread-2.11.1.so
00a06000-00a08000 rw-p 00000000 00:00 0 
00c43000-00c46000 r-xp 00000000 07:00 296230     /usr/lib/jvm/java-6-openjdk/jre/lib/i386/libnpt.so
00c46000-00c47000 r--p 00002000 07:00 296230     /usr/lib/jvm/java-6-openjdk/jre/lib/i386/libnpt.so
00c47000-00c48000 rw-p 00003000 07:00 296230     /usr/lib/jvm/java-6-openjdk/jre/lib/i386/libnpt.so
00cc6000-00e19000 r-xp 00000000 07:00 1178954    /lib/tls/i686/cmov/libc-2.11.1.so
00e19000-00e1a000 ---p 00153000 07:00 1178954    /lib/tls/i686/cmov/libc-2.11.1.so
00e1a000-00e1c000 r--p 00153000 07:00 1178954    /lib/tls/i686/cmov/libc-2.11.1.so
00e1c000-00e1d000 rw-p 00155000 07:00 1178954    /lib/tls/i686/cmov/libc-2.11.1.so
00e1d000-00e20000 rw-p 00000000 00:00 0 
00eb7000-00eb8000 r-xp 00000000 00:00 0          [vdso]
00f2f000-00f42000 r-xp 00000000 07:00 1046726    /lib/libz.so.1.2.3.3
00f42000-00f43000 r--p 00012000 07:00 1046726    /lib/libz.so.1.2.3.3
00f43000-00f44000 rw-p 00013000 07:00 1046726    /lib/libz.so.1.2.3.3
00fa4000-00fa6000 r-xp 00000000 07:00 1178962    /lib/tls/i686/cmov/libdl-2.11.1.so
00fa6000-00fa7000 r--p 00001000 07:00 1178962    /lib/tls/i686/cmov/libdl-2.11.1.so
00fa7000-00fa8000 rw-p 00002000 07:00 1178962    /lib/tls/i686/cmov/libdl-2.11.1.so
00fa8000-013ef000 r-xp 00000000 07:00 296197     /usr/lib/jvm/java-6-openjdk/jre/lib/i386/client/libjvm.so
013ef000-013f0000 ---p 00447000 07:00 296197     /usr/lib/jvm/java-6-openjdk/jre/lib/i386/client/libjvm.so
013f0000-01407000 r--p 00447000 07:00 296197     /usr/lib/jvm/java-6-openjdk/jre/lib/i386/client/libjvm.so
01407000-01414000 rw-p 0045e000 07:00 296197     /usr/lib/jvm/java-6-openjdk/jre/lib/i386/client/libjvm.so
01414000-01830000 rw-p 00000000 00:00 0 
08048000-08051000 r-xp 00000000 07:00 297508     /usr/lib/jvm/java-6-openjdk/jre/bin/java
08051000-08052000 r--p 00008000 07:00 297508     /usr/lib/jvm/java-6-openjdk/jre/bin/java
08052000-08053000 rw-p 00009000 07:00 297508     /usr/lib/jvm/java-6-openjdk/jre/bin/java
09572000-095db000 rw-p 00000000 00:00 0          [heap]
920f9000-9215e000 r--s 004cb000 07:00 1459880    /home/yang/11_COMP41150/android/platforms/android-8/android.jar
9215e000-92165000 rw-p 00000000 00:00 0 
92165000-9217f000 rw-p 00000000 00:00 0 
9217f000-92185000 rw-p 00000000 00:00 0 
92185000-92226000 rw-p 00000000 00:00 0 
92226000-92229000 rw-p 00000000 00:00 0 
92229000-92279000 rw-p 00000000 00:00 0 
92279000-9227f000 rw-p 00000000 00:00 0 
9227f000-9231f000 rw-p 00000000 00:00 0 
9231f000-92325000 rw-p 00000000 00:00 0 
92325000-9233f000 rw-p 00000000 00:00 0 
9233f000-92870000 rw-p 00000000 00:00 0 
92870000-9c940000 rw-p 00000000 00:00 0 
9c940000-9d3a0000 rw-p 00000000 00:00 0 
9d3a0000-b1540000 rw-p 00000000 00:00 0 
b1540000-b2140000 rw-p 00000000 00:00 0 
b2140000-b5540000 rw-p 00000000 00:00 0 
b5544000-b5545000 rw-p 00000000 00:00 0 
b5545000-b55c4000 rw-p 00000000 00:00 0 
b55c4000-b55f4000 rwxp 00000000 00:00 0 
b55f4000-b75c4000 rw-p 00000000 00:00 0 
b75c4000-b75cc000 rw-s 00000000 07:00 702632     /tmp/hsperfdata_yang/4419
b75cc000-b760b000 r--p 00000000 07:00 269798     /usr/lib/locale/en_GB.utf8/LC_CTYPE
b760b000-b7729000 r--p 00000000 07:00 269394     /usr/lib/locale/en_GB.utf8/LC_COLLATE
b7729000-b772c000 ---p 00000000 00:00 0 
b772c000-b777d000 rw-p 00000000 00:00 0 
b777e000-b777f000 r--p 00000000 07:00 269400     /usr/lib/locale/en_GB.utf8/LC_NUMERIC
b777f000-b7780000 r--p 00000000 07:00 269390     /usr/lib/locale/en_GB.utf8/LC_TIME
b7780000-b7781000 r--p 00000000 07:00 277530     /usr/lib/locale/en_GB.utf8/LC_MONETARY
b7781000-b7782000 r--p 00000000 07:00 269404     /usr/lib/locale/en_GB.utf8/LC_MESSAGES/SYS_LC_MESSAGES
b7782000-b7783000 r--p 00000000 07:00 269804     /usr/lib/locale/en_GB.utf8/LC_PAPER
b7783000-b7784000 r--p 00000000 07:00 269386     /usr/lib/locale/en_GB.utf8/LC_NAME
b7784000-b7785000 r--p 00000000 07:00 277531     /usr/lib/locale/en_GB.utf8/LC_ADDRESS
b7785000-b7786000 r--p 00000000 07:00 277532     /usr/lib/locale/en_GB.utf8/LC_TELEPHONE
b7786000-b7787000 r--p 00000000 07:00 269800     /usr/lib/locale/en_GB.utf8/LC_MEASUREMENT
b7787000-b778e000 r--s 00000000 07:00 266844     /usr/lib/gconv/gconv-modules.cache
b778e000-b778f000 r--p 00000000 07:00 277533     /usr/lib/locale/en_GB.utf8/LC_IDENTIFICATION
b778f000-b7790000 rw-p 00000000 00:00 0 
b7790000-b7791000 r--p 00000000 00:00 0 
b7791000-b7793000 rw-p 00000000 00:00 0 
bf9d4000-bf9e9000 rw-p 00000000 00:00 0          [stack]

VM Arguments:
jvm_args: -agentlib:jdwp=transport=dt_socket,suspend=y,address=localhost:48724 -Dfile.encoding=UTF-8 -Xbootclasspath:/home/yang/11_COMP41150/android/platforms/android-8/android.jar 
java_command: my.webtext.ClientWithResponseHandler
Launcher Type: SUN_STANDARD

Environment Variables:
JAVA_HOME=/home/yang/tools/jdk1.6.0_22
CLASSPATH=.:/home/yang/tools/jdk1.6.0_22/lib:/home/yang/workspace/JavaWork/libs/jmdns.jar
PATH=/usr/local/sbin:/usr/local/bin:/usr/sbin:/usr/bin:/sbin:/bin:/usr/games:/home/yang/tools/jdk1.6.0_22/bin
USERNAME=yang
LD_LIBRARY_PATH=/usr/lib/jvm/java-6-openjdk/jre/lib/i386/client:/usr/lib/jvm/java-6-openjdk/jre/lib/i386:/usr/lib/jvm/java-6-openjdk/jre/../lib/i386:/usr/lib/jvm/java-6-openjdk/jre/lib/i386/client:/usr/lib/jvm/java-6-openjdk/jre/lib/i386:/usr/lib/xulrunner-addons:/usr/lib/xulrunner-addons
SHELL=/bin/bash
DISPLAY=:0.0

Signal Handlers:
SIGSEGV: [libjvm.so+0x3df710], sa_mask[0]=0x7ffbfeff, sa_flags=0x10000004
SIGBUS: [libjvm.so+0x3df710], sa_mask[0]=0x7ffbfeff, sa_flags=0x10000004
SIGFPE: [libjvm.so+0x305780], sa_mask[0]=0x7ffbfeff, sa_flags=0x10000004
SIGPIPE: [libjvm.so+0x305780], sa_mask[0]=0x7ffbfeff, sa_flags=0x10000004
SIGXFSZ: [libjvm.so+0x305780], sa_mask[0]=0x7ffbfeff, sa_flags=0x10000004
SIGILL: [libjvm.so+0x305780], sa_mask[0]=0x7ffbfeff, sa_flags=0x10000004
SIGUSR1: SIG_DFL, sa_mask[0]=0x00000000, sa_flags=0x00000000
SIGUSR2: [libjvm.so+0x304e30], sa_mask[0]=0x00000004, sa_flags=0x10000004
SIGHUP: SIG_DFL, sa_mask[0]=0x00000000, sa_flags=0x00000000
SIGINT: SIG_DFL, sa_mask[0]=0x00000000, sa_flags=0x00000000
SIGTERM: SIG_DFL, sa_mask[0]=0x00000000, sa_flags=0x00000000
SIGQUIT: SIG_DFL, sa_mask[0]=0x00000000, sa_flags=0x00000000


---------------  S Y S T E M  ---------------

OS:Ubuntu 10.04 (lucid)
uname:Linux 2.6.32-27-generic #49-Ubuntu SMP Wed Dec 1 23:52:12 UTC 2010 i686
libc:glibc 2.11.1 NPTL 2.11.1 
rlimit: STACK 8192k, CORE 0k, NPROC infinity, NOFILE 1024, AS infinity
load average:0.64 0.47 0.46

/proc/meminfo:
MemTotal:        1016708 kB
MemFree:           26072 kB
Buffers:          239696 kB
Cached:           395716 kB
SwapCached:        20216 kB
Active:           352740 kB
Inactive:         576732 kB
Active(anon):     180748 kB
Inactive(anon):   183608 kB
Active(file):     171992 kB
Inactive(file):   393124 kB
Unevictable:        2076 kB
Mlocked:              16 kB
HighTotal:        129416 kB
HighFree:            248 kB
LowTotal:         887292 kB
LowFree:           25824 kB
SwapTotal:        261112 kB
SwapFree:         158000 kB
Dirty:              1736 kB
Writeback:             0 kB
AnonPages:        280860 kB
Mapped:            67288 kB
Shmem:             68236 kB
Slab:              28388 kB
SReclaimable:      15664 kB
SUnreclaim:        12724 kB
KernelStack:        2280 kB
PageTables:         5424 kB
NFS_Unstable:          0 kB
Bounce:                0 kB
WritebackTmp:          0 kB
CommitLimit:      769464 kB
Committed_AS:    1096528 kB
VmallocTotal:     122880 kB
VmallocUsed:       26968 kB
VmallocChunk:      85312 kB
HardwareCorrupted:     0 kB
HugePages_Total:       0
HugePages_Free:        0
HugePages_Rsvd:        0
HugePages_Surp:        0
Hugepagesize:       4096 kB
DirectMap4k:       24568 kB
DirectMap4M:      884736 kB


CPU:total 2 (2 cores per cpu, 1 threads per core) family 6 model 15 stepping 2, cmov, cx8, fxsr, mmx, sse, sse2, sse3, ssse3

Memory: 4k page, physical 1016708k(26072k free), swap 261112k(158000k free)

vm_info: OpenJDK Client VM (19.0-b09) for linux-x86 JRE (1.6.0_20-b20), built on Nov 25 2010 19:44:27 by "buildd" with gcc 4.4.3

time: Tue Jan  4 00:31:40 2011
elapsed time: 0 seconds

