#
# A fatal error has been detected by the Java Runtime Environment:
#
#  Internal Error (classFileParser.cpp:3375), pid=4597, tid=3078519664
#  Error: ShouldNotReachHere()
#
# JRE version: 6.0_20-b20
# Java VM: OpenJDK Client VM (19.0-b09 mixed mode linux-x86 )
# Derivative: IcedTea6 1.9.2
# Distribution: Ubuntu 10.04.1 LTS, package 6b20-1.9.2-0ubuntu1~10.04.1
# If you would like to submit a bug report, please include
# instructions how to reproduce the bug and visit:
#   https://bugs.launchpad.net/ubuntu/+source/openjdk-6/
#

---------------  T H R E A D  ---------------

Current thread (0x08736000):  JavaThread "Unknown thread" [_thread_in_vm, id=4600, stack(0xb7797000,0xb77e8000)]

Stack: [0xb7797000,0xb77e8000],  sp=0xb77e67e0,  free space=317k
Native frames: (J=compiled Java code, j=interpreted, Vv=VM code, C=native code)
V  [libjvm.so+0x3deb07]
V  [libjvm.so+0x3ded51]
V  [libjvm.so+0x17376e]
V  [libjvm.so+0x1737e9]
V  [libjvm.so+0x11c606]
V  [libjvm.so+0x11f88b]
V  [libjvm.so+0x389419]
V  [libjvm.so+0x389d62]
V  [libjvm.so+0x38a134]
V  [libjvm.so+0x38a1d0]
V  [libjvm.so+0x38a26a]
V  [libjvm.so+0x38a2f5]
V  [libjvm.so+0x38a356]
V  [libjvm.so+0x38a433]
V  [libjvm.so+0x38a729]
V  [libjvm.so+0x3bfaff]
V  [libjvm.so+0x3c050c]
V  [libjvm.so+0x1d4508]
V  [libjvm.so+0x3b402c]
V  [libjvm.so+0x20d7ec]
C  [java+0x2558]  JavaMain+0x88
C  [libpthread.so.0+0x596e]


---------------  P R O C E S S  ---------------

Java Threads: ( => current thread )

Other Threads:

=>0x08736000 (exited) JavaThread "Unknown thread" [_thread_in_vm, id=4600, stack(0xb7797000,0xb77e8000)]

VM state:not at safepoint (not fully initialized)

VM Mutex/Monitor currently owned by a thread: None

Dynamic libraries:
00110000-0011c000 r-xp 00000000 07:00 297484     /usr/lib/jvm/java-6-openjdk/jre/lib/i386/libverify.so
0011c000-0011d000 r--p 0000b000 07:00 297484     /usr/lib/jvm/java-6-openjdk/jre/lib/i386/libverify.so
0011d000-0011e000 rw-p 0000c000 07:00 297484     /usr/lib/jvm/java-6-openjdk/jre/lib/i386/libverify.so
0011e000-00125000 r-xp 00000000 07:00 297486     /usr/lib/jvm/java-6-openjdk/jre/lib/i386/native_threads/libhpi.so
00125000-00126000 r--p 00006000 07:00 297486     /usr/lib/jvm/java-6-openjdk/jre/lib/i386/native_threads/libhpi.so
00126000-00127000 rw-p 00007000 07:00 297486     /usr/lib/jvm/java-6-openjdk/jre/lib/i386/native_threads/libhpi.so
00127000-0015d000 r-xp 00000000 07:00 296218     /usr/lib/jvm/java-6-openjdk/jre/lib/i386/libjdwp.so
0015d000-0015e000 r--p 00036000 07:00 296218     /usr/lib/jvm/java-6-openjdk/jre/lib/i386/libjdwp.so
0015e000-0015f000 rw-p 00037000 07:00 296218     /usr/lib/jvm/java-6-openjdk/jre/lib/i386/libjdwp.so
0015f000-00162000 r-xp 00000000 07:00 296230     /usr/lib/jvm/java-6-openjdk/jre/lib/i386/libnpt.so
00162000-00163000 r--p 00002000 07:00 296230     /usr/lib/jvm/java-6-openjdk/jre/lib/i386/libnpt.so
00163000-00164000 rw-p 00003000 07:00 296230     /usr/lib/jvm/java-6-openjdk/jre/lib/i386/libnpt.so
00164000-0016c000 r-xp 00000000 07:00 1186548    /lib/tls/i686/cmov/libnss_nis-2.11.1.so
0016c000-0016d000 r--p 00007000 07:00 1186548    /lib/tls/i686/cmov/libnss_nis-2.11.1.so
0016d000-0016e000 rw-p 00008000 07:00 1186548    /lib/tls/i686/cmov/libnss_nis-2.11.1.so
00177000-00179000 r-xp 00000000 07:00 1178962    /lib/tls/i686/cmov/libdl-2.11.1.so
00179000-0017a000 r--p 00001000 07:00 1178962    /lib/tls/i686/cmov/libdl-2.11.1.so
0017a000-0017b000 rw-p 00002000 07:00 1178962    /lib/tls/i686/cmov/libdl-2.11.1.so
00249000-0024c000 r-xp 00000000 07:00 296200     /usr/lib/jvm/java-6-openjdk/jre/lib/i386/jli/libjli.so
0024c000-0024d000 r--p 00003000 07:00 296200     /usr/lib/jvm/java-6-openjdk/jre/lib/i386/jli/libjli.so
0024d000-0024e000 rw-p 00004000 07:00 296200     /usr/lib/jvm/java-6-openjdk/jre/lib/i386/jli/libjli.so
0024e000-003a1000 r-xp 00000000 07:00 1178954    /lib/tls/i686/cmov/libc-2.11.1.so
003a1000-003a2000 ---p 00153000 07:00 1178954    /lib/tls/i686/cmov/libc-2.11.1.so
003a2000-003a4000 r--p 00153000 07:00 1178954    /lib/tls/i686/cmov/libc-2.11.1.so
003a4000-003a5000 rw-p 00155000 07:00 1178954    /lib/tls/i686/cmov/libc-2.11.1.so
003a5000-003a8000 rw-p 00000000 00:00 0 
00445000-00458000 r-xp 00000000 07:00 1046726    /lib/libz.so.1.2.3.3
00458000-00459000 r--p 00012000 07:00 1046726    /lib/libz.so.1.2.3.3
00459000-0045a000 rw-p 00013000 07:00 1046726    /lib/libz.so.1.2.3.3
00513000-00537000 r-xp 00000000 07:00 296215     /usr/lib/jvm/java-6-openjdk/jre/lib/i386/libjava.so
00537000-00538000 r--p 00023000 07:00 296215     /usr/lib/jvm/java-6-openjdk/jre/lib/i386/libjava.so
00538000-0053a000 rw-p 00024000 07:00 296215     /usr/lib/jvm/java-6-openjdk/jre/lib/i386/libjava.so
0056d000-00591000 r-xp 00000000 07:00 1178966    /lib/tls/i686/cmov/libm-2.11.1.so
00591000-00592000 r--p 00023000 07:00 1178966    /lib/tls/i686/cmov/libm-2.11.1.so
00592000-00593000 rw-p 00024000 07:00 1178966    /lib/tls/i686/cmov/libm-2.11.1.so
007d1000-007d2000 r-xp 00000000 00:00 0          [vdso]
00849000-0084f000 r-xp 00000000 07:00 1178973    /lib/tls/i686/cmov/libnss_compat-2.11.1.so
0084f000-00850000 r--p 00006000 07:00 1178973    /lib/tls/i686/cmov/libnss_compat-2.11.1.so
00850000-00851000 rw-p 00007000 07:00 1178973    /lib/tls/i686/cmov/libnss_compat-2.11.1.so
0087e000-00885000 r-xp 00000000 07:00 297485     /usr/lib/jvm/java-6-openjdk/jre/lib/i386/libzip.so
00885000-00886000 r--p 00006000 07:00 297485     /usr/lib/jvm/java-6-openjdk/jre/lib/i386/libzip.so
00886000-00887000 rw-p 00007000 07:00 297485     /usr/lib/jvm/java-6-openjdk/jre/lib/i386/libzip.so
008ee000-008f5000 r-xp 00000000 07:00 1187385    /lib/tls/i686/cmov/librt-2.11.1.so
008f5000-008f6000 r--p 00006000 07:00 1187385    /lib/tls/i686/cmov/librt-2.11.1.so
008f6000-008f7000 rw-p 00007000 07:00 1187385    /lib/tls/i686/cmov/librt-2.11.1.so
009f5000-00a0a000 r-xp 00000000 07:00 1187228    /lib/tls/i686/cmov/libpthread-2.11.1.so
00a0a000-00a0b000 r--p 00014000 07:00 1187228    /lib/tls/i686/cmov/libpthread-2.11.1.so
00a0b000-00a0c000 rw-p 00015000 07:00 1187228    /lib/tls/i686/cmov/libpthread-2.11.1.so
00a0c000-00a0e000 rw-p 00000000 00:00 0 
00a1a000-00a24000 r-xp 00000000 07:00 1185749    /lib/tls/i686/cmov/libnss_files-2.11.1.so
00a24000-00a25000 r--p 00009000 07:00 1185749    /lib/tls/i686/cmov/libnss_files-2.11.1.so
00a25000-00a26000 rw-p 0000a000 07:00 1185749    /lib/tls/i686/cmov/libnss_files-2.11.1.so
00af5000-00b08000 r-xp 00000000 07:00 1178971    /lib/tls/i686/cmov/libnsl-2.11.1.so
00b08000-00b09000 r--p 00012000 07:00 1178971    /lib/tls/i686/cmov/libnsl-2.11.1.so
00b09000-00b0a000 rw-p 00013000 07:00 1178971    /lib/tls/i686/cmov/libnsl-2.11.1.so
00b0a000-00b0c000 rw-p 00000000 00:00 0 
00c7c000-00c97000 r-xp 00000000 07:00 1049733    /lib/ld-2.11.1.so
00c97000-00c98000 r--p 0001a000 07:00 1049733    /lib/ld-2.11.1.so
00c98000-00c99000 rw-p 0001b000 07:00 1049733    /lib/ld-2.11.1.so
00c99000-010e0000 r-xp 00000000 07:00 296197     /usr/lib/jvm/java-6-openjdk/jre/lib/i386/client/libjvm.so
010e0000-010e1000 ---p 00447000 07:00 296197     /usr/lib/jvm/java-6-openjdk/jre/lib/i386/client/libjvm.so
010e1000-010f8000 r--p 00447000 07:00 296197     /usr/lib/jvm/java-6-openjdk/jre/lib/i386/client/libjvm.so
010f8000-01105000 rw-p 0045e000 07:00 296197     /usr/lib/jvm/java-6-openjdk/jre/lib/i386/client/libjvm.so
01105000-01521000 rw-p 00000000 00:00 0 
08048000-08051000 r-xp 00000000 07:00 297508     /usr/lib/jvm/java-6-openjdk/jre/bin/java
08051000-08052000 r--p 00008000 07:00 297508     /usr/lib/jvm/java-6-openjdk/jre/bin/java
08052000-08053000 rw-p 00009000 07:00 297508     /usr/lib/jvm/java-6-openjdk/jre/bin/java
08729000-08792000 rw-p 00000000 00:00 0          [heap]
92169000-921ce000 r--s 004cb000 07:00 1459880    /home/yang/11_COMP41150/android/platforms/android-8/android.jar
921ce000-921d5000 rw-p 00000000 00:00 0 
921d5000-921ef000 rw-p 00000000 00:00 0 
921ef000-921f5000 rw-p 00000000 00:00 0 
921f5000-92296000 rw-p 00000000 00:00 0 
92296000-92299000 rw-p 00000000 00:00 0 
92299000-922e9000 rw-p 00000000 00:00 0 
922e9000-922ef000 rw-p 00000000 00:00 0 
922ef000-9238f000 rw-p 00000000 00:00 0 
9238f000-92395000 rw-p 00000000 00:00 0 
92395000-923af000 rw-p 00000000 00:00 0 
923af000-928e0000 rw-p 00000000 00:00 0 
928e0000-9c9b0000 rw-p 00000000 00:00 0 
9c9b0000-9d410000 rw-p 00000000 00:00 0 
9d410000-b15b0000 rw-p 00000000 00:00 0 
b15b0000-b21b0000 rw-p 00000000 00:00 0 
b21b0000-b55b0000 rw-p 00000000 00:00 0 
b55b2000-b55b3000 rw-p 00000000 00:00 0 
b55b3000-b5632000 rw-p 00000000 00:00 0 
b5632000-b5662000 rwxp 00000000 00:00 0 
b5662000-b7632000 rw-p 00000000 00:00 0 
b7632000-b763a000 rw-s 00000000 07:00 702643     /tmp/hsperfdata_yang/4597
b763a000-b7679000 r--p 00000000 07:00 269798     /usr/lib/locale/en_GB.utf8/LC_CTYPE
b7679000-b7797000 r--p 00000000 07:00 269394     /usr/lib/locale/en_GB.utf8/LC_COLLATE
b7797000-b779a000 ---p 00000000 00:00 0 
b779a000-b77eb000 rw-p 00000000 00:00 0 
b77ec000-b77ed000 r--p 00000000 07:00 269400     /usr/lib/locale/en_GB.utf8/LC_NUMERIC
b77ed000-b77ee000 r--p 00000000 07:00 269390     /usr/lib/locale/en_GB.utf8/LC_TIME
b77ee000-b77ef000 r--p 00000000 07:00 277530     /usr/lib/locale/en_GB.utf8/LC_MONETARY
b77ef000-b77f0000 r--p 00000000 07:00 269404     /usr/lib/locale/en_GB.utf8/LC_MESSAGES/SYS_LC_MESSAGES
b77f0000-b77f1000 r--p 00000000 07:00 269804     /usr/lib/locale/en_GB.utf8/LC_PAPER
b77f1000-b77f2000 r--p 00000000 07:00 269386     /usr/lib/locale/en_GB.utf8/LC_NAME
b77f2000-b77f3000 r--p 00000000 07:00 277531     /usr/lib/locale/en_GB.utf8/LC_ADDRESS
b77f3000-b77f4000 r--p 00000000 07:00 277532     /usr/lib/locale/en_GB.utf8/LC_TELEPHONE
b77f4000-b77f5000 r--p 00000000 07:00 269800     /usr/lib/locale/en_GB.utf8/LC_MEASUREMENT
b77f5000-b77fc000 r--s 00000000 07:00 266844     /usr/lib/gconv/gconv-modules.cache
b77fc000-b77fd000 r--p 00000000 07:00 277533     /usr/lib/locale/en_GB.utf8/LC_IDENTIFICATION
b77fd000-b77fe000 rw-p 00000000 00:00 0 
b77fe000-b77ff000 r--p 00000000 00:00 0 
b77ff000-b7801000 rw-p 00000000 00:00 0 
bfbe1000-bfbf6000 rw-p 00000000 00:00 0          [stack]

VM Arguments:
jvm_args: -agentlib:jdwp=transport=dt_socket,suspend=y,address=localhost:42506 -Dfile.encoding=UTF-8 -Xbootclasspath:/home/yang/11_COMP41150/android/platforms/android-8/android.jar 
java_command: my.webtext.test
Launcher Type: SUN_STANDARD

Environment Variables:
JAVA_HOME=/home/yang/tools/jdk1.6.0_22
CLASSPATH=.:/home/yang/tools/jdk1.6.0_22/lib:/home/yang/workspace/JavaWork/libs/jmdns.jar
PATH=/usr/local/sbin:/usr/local/bin:/usr/sbin:/usr/bin:/sbin:/bin:/usr/games:/home/yang/tools/jdk1.6.0_22/bin
USERNAME=yang
LD_LIBRARY_PATH=/usr/lib/jvm/java-6-openjdk/jre/lib/i386/client:/usr/lib/jvm/java-6-openjdk/jre/lib/i386:/usr/lib/jvm/java-6-openjdk/jre/../lib/i386:/usr/lib/jvm/java-6-openjdk/jre/lib/i386/client:/usr/lib/jvm/java-6-openjdk/jre/lib/i386:/usr/lib/xulrunner-addons:/usr/lib/xulrunner-addons
SHELL=/bin/bash
DISPLAY=:0.0

Signal Handlers:
SIGSEGV: [libjvm.so+0x3df710], sa_mask[0]=0x7ffbfeff, sa_flags=0x10000004
SIGBUS: [libjvm.so+0x3df710], sa_mask[0]=0x7ffbfeff, sa_flags=0x10000004
SIGFPE: [libjvm.so+0x305780], sa_mask[0]=0x7ffbfeff, sa_flags=0x10000004
SIGPIPE: [libjvm.so+0x305780], sa_mask[0]=0x7ffbfeff, sa_flags=0x10000004
SIGXFSZ: [libjvm.so+0x305780], sa_mask[0]=0x7ffbfeff, sa_flags=0x10000004
SIGILL: [libjvm.so+0x305780], sa_mask[0]=0x7ffbfeff, sa_flags=0x10000004
SIGUSR1: SIG_DFL, sa_mask[0]=0x00000000, sa_flags=0x00000000
SIGUSR2: [libjvm.so+0x304e30], sa_mask[0]=0x00000004, sa_flags=0x10000004
SIGHUP: SIG_DFL, sa_mask[0]=0x00000000, sa_flags=0x00000000
SIGINT: SIG_DFL, sa_mask[0]=0x00000000, sa_flags=0x00000000
SIGTERM: SIG_DFL, sa_mask[0]=0x00000000, sa_flags=0x00000000
SIGQUIT: SIG_DFL, sa_mask[0]=0x00000000, sa_flags=0x00000000


---------------  S Y S T E M  ---------------

OS:Ubuntu 10.04 (lucid)
uname:Linux 2.6.32-27-generic #49-Ubuntu SMP Wed Dec 1 23:52:12 UTC 2010 i686
libc:glibc 2.11.1 NPTL 2.11.1 
rlimit: STACK 8192k, CORE 0k, NPROC infinity, NOFILE 1024, AS infinity
load average:0.94 0.93 0.91

/proc/meminfo:
MemTotal:        1016708 kB
MemFree:           16752 kB
Buffers:          116640 kB
Cached:           286332 kB
SwapCached:        17136 kB
Active:           389460 kB
Inactive:         551728 kB
Active(anon):     283896 kB
Inactive(anon):   357724 kB
Active(file):     105564 kB
Inactive(file):   194004 kB
Unevictable:        2076 kB
Mlocked:              16 kB
HighTotal:        129416 kB
HighFree:            552 kB
LowTotal:         887292 kB
LowFree:           16200 kB
SwapTotal:        261112 kB
SwapFree:          98276 kB
Dirty:              1596 kB
Writeback:           100 kB
AnonPages:        524100 kB
Mapped:            84364 kB
Shmem:            101296 kB
Slab:              22472 kB
SReclaimable:       9128 kB
SUnreclaim:        13344 kB
KernelStack:        2640 kB
PageTables:         7572 kB
NFS_Unstable:          0 kB
Bounce:                0 kB
WritebackTmp:          0 kB
CommitLimit:      769464 kB
Committed_AS:    1960552 kB
VmallocTotal:     122880 kB
VmallocUsed:       26968 kB
VmallocChunk:      89460 kB
HardwareCorrupted:     0 kB
HugePages_Total:       0
HugePages_Free:        0
HugePages_Rsvd:        0
HugePages_Surp:        0
Hugepagesize:       4096 kB
DirectMap4k:       24568 kB
DirectMap4M:      884736 kB


CPU:total 2 (2 cores per cpu, 1 threads per core) family 6 model 15 stepping 2, cmov, cx8, fxsr, mmx, sse, sse2, sse3, ssse3

Memory: 4k page, physical 1016708k(16752k free), swap 261112k(98276k free)

vm_info: OpenJDK Client VM (19.0-b09) for linux-x86 JRE (1.6.0_20-b20), built on Nov 25 2010 19:44:27 by "buildd" with gcc 4.4.3

time: Sun Jan  2 16:34:20 2011
elapsed time: 0 seconds

