#
# A fatal error has been detected by the Java Runtime Environment:
#
#  Internal Error (classFileParser.cpp:3375), pid=4360, tid=3078531952
#  Error: ShouldNotReachHere()
#
# JRE version: 6.0_20-b20
# Java VM: OpenJDK Client VM (19.0-b09 mixed mode linux-x86 )
# Derivative: IcedTea6 1.9.2
# Distribution: Ubuntu 10.04.1 LTS, package 6b20-1.9.2-0ubuntu1~10.04.1
# If you would like to submit a bug report, please include
# instructions how to reproduce the bug and visit:
#   https://bugs.launchpad.net/ubuntu/+source/openjdk-6/
#

---------------  T H R E A D  ---------------

Current thread (0x0981e000):  JavaThread "Unknown thread" [_thread_in_vm, id=4366, stack(0xb779a000,0xb77eb000)]

Stack: [0xb779a000,0xb77eb000],  sp=0xb77e97e0,  free space=317k
Native frames: (J=compiled Java code, j=interpreted, Vv=VM code, C=native code)
V  [libjvm.so+0x3deb07]
V  [libjvm.so+0x3ded51]
V  [libjvm.so+0x17376e]
V  [libjvm.so+0x1737e9]
V  [libjvm.so+0x11c606]
V  [libjvm.so+0x11f88b]
V  [libjvm.so+0x389419]
V  [libjvm.so+0x389d62]
V  [libjvm.so+0x38a134]
V  [libjvm.so+0x38a1d0]
V  [libjvm.so+0x38a26a]
V  [libjvm.so+0x38a2f5]
V  [libjvm.so+0x38a356]
V  [libjvm.so+0x38a433]
V  [libjvm.so+0x38a729]
V  [libjvm.so+0x3bfaff]
V  [libjvm.so+0x3c050c]
V  [libjvm.so+0x1d4508]
V  [libjvm.so+0x3b402c]
V  [libjvm.so+0x20d7ec]
C  [java+0x2558]  JavaMain+0x88
C  [libpthread.so.0+0x596e]


---------------  P R O C E S S  ---------------

Java Threads: ( => current thread )

Other Threads:

=>0x0981e000 (exited) JavaThread "Unknown thread" [_thread_in_vm, id=4366, stack(0xb779a000,0xb77eb000)]

VM state:not at safepoint (not fully initialized)

VM Mutex/Monitor currently owned by a thread: None

Dynamic libraries:
0016d000-00188000 r-xp 00000000 07:00 1049733    /lib/ld-2.11.1.so
00188000-00189000 r--p 0001a000 07:00 1049733    /lib/ld-2.11.1.so
00189000-0018a000 rw-p 0001b000 07:00 1049733    /lib/ld-2.11.1.so
0018a000-002dd000 r-xp 00000000 07:00 1178954    /lib/tls/i686/cmov/libc-2.11.1.so
002dd000-002de000 ---p 00153000 07:00 1178954    /lib/tls/i686/cmov/libc-2.11.1.so
002de000-002e0000 r--p 00153000 07:00 1178954    /lib/tls/i686/cmov/libc-2.11.1.so
002e0000-002e1000 rw-p 00155000 07:00 1178954    /lib/tls/i686/cmov/libc-2.11.1.so
002e1000-002e4000 rw-p 00000000 00:00 0 
00318000-0033c000 r-xp 00000000 07:00 296215     /usr/lib/jvm/java-6-openjdk/jre/lib/i386/libjava.so
0033c000-0033d000 r--p 00023000 07:00 296215     /usr/lib/jvm/java-6-openjdk/jre/lib/i386/libjava.so
0033d000-0033f000 rw-p 00024000 07:00 296215     /usr/lib/jvm/java-6-openjdk/jre/lib/i386/libjava.so
00424000-0042b000 r-xp 00000000 07:00 297485     /usr/lib/jvm/java-6-openjdk/jre/lib/i386/libzip.so
0042b000-0042c000 r--p 00006000 07:00 297485     /usr/lib/jvm/java-6-openjdk/jre/lib/i386/libzip.so
0042c000-0042d000 rw-p 00007000 07:00 297485     /usr/lib/jvm/java-6-openjdk/jre/lib/i386/libzip.so
0046e000-00475000 r-xp 00000000 07:00 297486     /usr/lib/jvm/java-6-openjdk/jre/lib/i386/native_threads/libhpi.so
00475000-00476000 r--p 00006000 07:00 297486     /usr/lib/jvm/java-6-openjdk/jre/lib/i386/native_threads/libhpi.so
00476000-00477000 rw-p 00007000 07:00 297486     /usr/lib/jvm/java-6-openjdk/jre/lib/i386/native_threads/libhpi.so
00550000-00586000 r-xp 00000000 07:00 296218     /usr/lib/jvm/java-6-openjdk/jre/lib/i386/libjdwp.so
00586000-00587000 r--p 00036000 07:00 296218     /usr/lib/jvm/java-6-openjdk/jre/lib/i386/libjdwp.so
00587000-00588000 rw-p 00037000 07:00 296218     /usr/lib/jvm/java-6-openjdk/jre/lib/i386/libjdwp.so
005ef000-005f1000 r-xp 00000000 07:00 1178962    /lib/tls/i686/cmov/libdl-2.11.1.so
005f1000-005f2000 r--p 00001000 07:00 1178962    /lib/tls/i686/cmov/libdl-2.11.1.so
005f2000-005f3000 rw-p 00002000 07:00 1178962    /lib/tls/i686/cmov/libdl-2.11.1.so
0061c000-0062f000 r-xp 00000000 07:00 1046726    /lib/libz.so.1.2.3.3
0062f000-00630000 r--p 00012000 07:00 1046726    /lib/libz.so.1.2.3.3
00630000-00631000 rw-p 00013000 07:00 1046726    /lib/libz.so.1.2.3.3
00714000-0071c000 r-xp 00000000 07:00 1186548    /lib/tls/i686/cmov/libnss_nis-2.11.1.so
0071c000-0071d000 r--p 00007000 07:00 1186548    /lib/tls/i686/cmov/libnss_nis-2.11.1.so
0071d000-0071e000 rw-p 00008000 07:00 1186548    /lib/tls/i686/cmov/libnss_nis-2.11.1.so
0087f000-00882000 r-xp 00000000 07:00 296200     /usr/lib/jvm/java-6-openjdk/jre/lib/i386/jli/libjli.so
00882000-00883000 r--p 00003000 07:00 296200     /usr/lib/jvm/java-6-openjdk/jre/lib/i386/jli/libjli.so
00883000-00884000 rw-p 00004000 07:00 296200     /usr/lib/jvm/java-6-openjdk/jre/lib/i386/jli/libjli.so
00959000-00965000 r-xp 00000000 07:00 297484     /usr/lib/jvm/java-6-openjdk/jre/lib/i386/libverify.so
00965000-00966000 r--p 0000b000 07:00 297484     /usr/lib/jvm/java-6-openjdk/jre/lib/i386/libverify.so
00966000-00967000 rw-p 0000c000 07:00 297484     /usr/lib/jvm/java-6-openjdk/jre/lib/i386/libverify.so
009f1000-009f2000 r-xp 00000000 00:00 0          [vdso]
00abb000-00adf000 r-xp 00000000 07:00 1178966    /lib/tls/i686/cmov/libm-2.11.1.so
00adf000-00ae0000 r--p 00023000 07:00 1178966    /lib/tls/i686/cmov/libm-2.11.1.so
00ae0000-00ae1000 rw-p 00024000 07:00 1178966    /lib/tls/i686/cmov/libm-2.11.1.so
00b3d000-00b43000 r-xp 00000000 07:00 1178973    /lib/tls/i686/cmov/libnss_compat-2.11.1.so
00b43000-00b44000 r--p 00006000 07:00 1178973    /lib/tls/i686/cmov/libnss_compat-2.11.1.so
00b44000-00b45000 rw-p 00007000 07:00 1178973    /lib/tls/i686/cmov/libnss_compat-2.11.1.so
00d22000-00d2c000 r-xp 00000000 07:00 1185749    /lib/tls/i686/cmov/libnss_files-2.11.1.so
00d2c000-00d2d000 r--p 00009000 07:00 1185749    /lib/tls/i686/cmov/libnss_files-2.11.1.so
00d2d000-00d2e000 rw-p 0000a000 07:00 1185749    /lib/tls/i686/cmov/libnss_files-2.11.1.so
00d85000-00d88000 r-xp 00000000 07:00 296230     /usr/lib/jvm/java-6-openjdk/jre/lib/i386/libnpt.so
00d88000-00d89000 r--p 00002000 07:00 296230     /usr/lib/jvm/java-6-openjdk/jre/lib/i386/libnpt.so
00d89000-00d8a000 rw-p 00003000 07:00 296230     /usr/lib/jvm/java-6-openjdk/jre/lib/i386/libnpt.so
00dc5000-00dcc000 r-xp 00000000 07:00 1187385    /lib/tls/i686/cmov/librt-2.11.1.so
00dcc000-00dcd000 r--p 00006000 07:00 1187385    /lib/tls/i686/cmov/librt-2.11.1.so
00dcd000-00dce000 rw-p 00007000 07:00 1187385    /lib/tls/i686/cmov/librt-2.11.1.so
00ded000-00e00000 r-xp 00000000 07:00 1178971    /lib/tls/i686/cmov/libnsl-2.11.1.so
00e00000-00e01000 r--p 00012000 07:00 1178971    /lib/tls/i686/cmov/libnsl-2.11.1.so
00e01000-00e02000 rw-p 00013000 07:00 1178971    /lib/tls/i686/cmov/libnsl-2.11.1.so
00e02000-00e04000 rw-p 00000000 00:00 0 
00fe6000-00ffb000 r-xp 00000000 07:00 1187228    /lib/tls/i686/cmov/libpthread-2.11.1.so
00ffb000-00ffc000 r--p 00014000 07:00 1187228    /lib/tls/i686/cmov/libpthread-2.11.1.so
00ffc000-00ffd000 rw-p 00015000 07:00 1187228    /lib/tls/i686/cmov/libpthread-2.11.1.so
00ffd000-00fff000 rw-p 00000000 00:00 0 
00fff000-01446000 r-xp 00000000 07:00 296197     /usr/lib/jvm/java-6-openjdk/jre/lib/i386/client/libjvm.so
01446000-01447000 ---p 00447000 07:00 296197     /usr/lib/jvm/java-6-openjdk/jre/lib/i386/client/libjvm.so
01447000-0145e000 r--p 00447000 07:00 296197     /usr/lib/jvm/java-6-openjdk/jre/lib/i386/client/libjvm.so
0145e000-0146b000 rw-p 0045e000 07:00 296197     /usr/lib/jvm/java-6-openjdk/jre/lib/i386/client/libjvm.so
0146b000-01887000 rw-p 00000000 00:00 0 
08048000-08051000 r-xp 00000000 07:00 297508     /usr/lib/jvm/java-6-openjdk/jre/bin/java
08051000-08052000 r--p 00008000 07:00 297508     /usr/lib/jvm/java-6-openjdk/jre/bin/java
08052000-08053000 rw-p 00009000 07:00 297508     /usr/lib/jvm/java-6-openjdk/jre/bin/java
09811000-0987a000 rw-p 00000000 00:00 0          [heap]
92169000-921ce000 r--s 004cb000 07:00 1459880    /home/yang/11_COMP41150/android/platforms/android-8/android.jar
921ce000-921d5000 rw-p 00000000 00:00 0 
921d5000-921ef000 rw-p 00000000 00:00 0 
921ef000-921f5000 rw-p 00000000 00:00 0 
921f5000-92296000 rw-p 00000000 00:00 0 
92296000-92299000 rw-p 00000000 00:00 0 
92299000-922e9000 rw-p 00000000 00:00 0 
922e9000-922ef000 rw-p 00000000 00:00 0 
922ef000-9238f000 rw-p 00000000 00:00 0 
9238f000-92395000 rw-p 00000000 00:00 0 
92395000-923af000 rw-p 00000000 00:00 0 
923af000-928e0000 rw-p 00000000 00:00 0 
928e0000-9c9b0000 rw-p 00000000 00:00 0 
9c9b0000-9d410000 rw-p 00000000 00:00 0 
9d410000-b15b0000 rw-p 00000000 00:00 0 
b15b0000-b21b0000 rw-p 00000000 00:00 0 
b21b0000-b55b0000 rw-p 00000000 00:00 0 
b55b5000-b55b6000 rw-p 00000000 00:00 0 
b55b6000-b5635000 rw-p 00000000 00:00 0 
b5635000-b5665000 rwxp 00000000 00:00 0 
b5665000-b7635000 rw-p 00000000 00:00 0 
b7635000-b763d000 rw-s 00000000 07:00 702630     /tmp/hsperfdata_yang/4360
b763d000-b767c000 r--p 00000000 07:00 269798     /usr/lib/locale/en_GB.utf8/LC_CTYPE
b767c000-b779a000 r--p 00000000 07:00 269394     /usr/lib/locale/en_GB.utf8/LC_COLLATE
b779a000-b779d000 ---p 00000000 00:00 0 
b779d000-b77ee000 rw-p 00000000 00:00 0 
b77ef000-b77f0000 r--p 00000000 07:00 269400     /usr/lib/locale/en_GB.utf8/LC_NUMERIC
b77f0000-b77f1000 r--p 00000000 07:00 269390     /usr/lib/locale/en_GB.utf8/LC_TIME
b77f1000-b77f2000 r--p 00000000 07:00 277530     /usr/lib/locale/en_GB.utf8/LC_MONETARY
b77f2000-b77f3000 r--p 00000000 07:00 269404     /usr/lib/locale/en_GB.utf8/LC_MESSAGES/SYS_LC_MESSAGES
b77f3000-b77f4000 r--p 00000000 07:00 269804     /usr/lib/locale/en_GB.utf8/LC_PAPER
b77f4000-b77f5000 r--p 00000000 07:00 269386     /usr/lib/locale/en_GB.utf8/LC_NAME
b77f5000-b77f6000 r--p 00000000 07:00 277531     /usr/lib/locale/en_GB.utf8/LC_ADDRESS
b77f6000-b77f7000 r--p 00000000 07:00 277532     /usr/lib/locale/en_GB.utf8/LC_TELEPHONE
b77f7000-b77f8000 r--p 00000000 07:00 269800     /usr/lib/locale/en_GB.utf8/LC_MEASUREMENT
b77f8000-b77ff000 r--s 00000000 07:00 266844     /usr/lib/gconv/gconv-modules.cache
b77ff000-b7800000 r--p 00000000 07:00 277533     /usr/lib/locale/en_GB.utf8/LC_IDENTIFICATION
b7800000-b7801000 rw-p 00000000 00:00 0 
b7801000-b7802000 r--p 00000000 00:00 0 
b7802000-b7804000 rw-p 00000000 00:00 0 
bf9a5000-bf9ba000 rw-p 00000000 00:00 0          [stack]

VM Arguments:
jvm_args: -agentlib:jdwp=transport=dt_socket,suspend=y,address=localhost:46755 -Dfile.encoding=UTF-8 -Xbootclasspath:/home/yang/11_COMP41150/android/platforms/android-8/android.jar 
java_command: org.apache.http.examples.client.ClientWithResponseHandler
Launcher Type: SUN_STANDARD

Environment Variables:
JAVA_HOME=/home/yang/tools/jdk1.6.0_22
CLASSPATH=.:/home/yang/tools/jdk1.6.0_22/lib:/home/yang/workspace/JavaWork/libs/jmdns.jar
PATH=/usr/local/sbin:/usr/local/bin:/usr/sbin:/usr/bin:/sbin:/bin:/usr/games:/home/yang/tools/jdk1.6.0_22/bin
USERNAME=yang
LD_LIBRARY_PATH=/usr/lib/jvm/java-6-openjdk/jre/lib/i386/client:/usr/lib/jvm/java-6-openjdk/jre/lib/i386:/usr/lib/jvm/java-6-openjdk/jre/../lib/i386:/usr/lib/jvm/java-6-openjdk/jre/lib/i386/client:/usr/lib/jvm/java-6-openjdk/jre/lib/i386:/usr/lib/xulrunner-addons:/usr/lib/xulrunner-addons
SHELL=/bin/bash
DISPLAY=:0.0

Signal Handlers:
SIGSEGV: [libjvm.so+0x3df710], sa_mask[0]=0x7ffbfeff, sa_flags=0x10000004
SIGBUS: [libjvm.so+0x3df710], sa_mask[0]=0x7ffbfeff, sa_flags=0x10000004
SIGFPE: [libjvm.so+0x305780], sa_mask[0]=0x7ffbfeff, sa_flags=0x10000004
SIGPIPE: [libjvm.so+0x305780], sa_mask[0]=0x7ffbfeff, sa_flags=0x10000004
SIGXFSZ: [libjvm.so+0x305780], sa_mask[0]=0x7ffbfeff, sa_flags=0x10000004
SIGILL: [libjvm.so+0x305780], sa_mask[0]=0x7ffbfeff, sa_flags=0x10000004
SIGUSR1: SIG_DFL, sa_mask[0]=0x00000000, sa_flags=0x00000000
SIGUSR2: [libjvm.so+0x304e30], sa_mask[0]=0x00000004, sa_flags=0x10000004
SIGHUP: SIG_DFL, sa_mask[0]=0x00000000, sa_flags=0x00000000
SIGINT: SIG_DFL, sa_mask[0]=0x00000000, sa_flags=0x00000000
SIGTERM: SIG_DFL, sa_mask[0]=0x00000000, sa_flags=0x00000000
SIGQUIT: SIG_DFL, sa_mask[0]=0x00000000, sa_flags=0x00000000


---------------  S Y S T E M  ---------------

OS:Ubuntu 10.04 (lucid)
uname:Linux 2.6.32-27-generic #49-Ubuntu SMP Wed Dec 1 23:52:12 UTC 2010 i686
libc:glibc 2.11.1 NPTL 2.11.1 
rlimit: STACK 8192k, CORE 0k, NPROC infinity, NOFILE 1024, AS infinity
load average:0.97 0.46 0.46

/proc/meminfo:
MemTotal:        1016708 kB
MemFree:           16144 kB
Buffers:          235040 kB
Cached:           420076 kB
SwapCached:        20216 kB
Active:           372076 kB
Inactive:         566568 kB
Active(anon):     175248 kB
Inactive(anon):   178176 kB
Active(file):     196828 kB
Inactive(file):   388392 kB
Unevictable:        2076 kB
Mlocked:              16 kB
HighTotal:        129416 kB
HighFree:            248 kB
LowTotal:         887292 kB
LowFree:           15896 kB
SwapTotal:        261112 kB
SwapFree:         158000 kB
Dirty:               288 kB
Writeback:             0 kB
AnonPages:        270216 kB
Mapped:            58324 kB
Shmem:             67792 kB
Slab:              28776 kB
SReclaimable:      16056 kB
SUnreclaim:        12720 kB
KernelStack:        2216 kB
PageTables:         5292 kB
NFS_Unstable:          0 kB
Bounce:                0 kB
WritebackTmp:          0 kB
CommitLimit:      769464 kB
Committed_AS:    1029336 kB
VmallocTotal:     122880 kB
VmallocUsed:       26968 kB
VmallocChunk:      85312 kB
HardwareCorrupted:     0 kB
HugePages_Total:       0
HugePages_Free:        0
HugePages_Rsvd:        0
HugePages_Surp:        0
Hugepagesize:       4096 kB
DirectMap4k:       24568 kB
DirectMap4M:      884736 kB


CPU:total 2 (2 cores per cpu, 1 threads per core) family 6 model 15 stepping 2, cmov, cx8, fxsr, mmx, sse, sse2, sse3, ssse3

Memory: 4k page, physical 1016708k(16020k free), swap 261112k(158000k free)

vm_info: OpenJDK Client VM (19.0-b09) for linux-x86 JRE (1.6.0_20-b20), built on Nov 25 2010 19:44:27 by "buildd" with gcc 4.4.3

time: Tue Jan  4 00:30:23 2011
elapsed time: 0 seconds

